{
  "/Users/hughgramelspacher/repos/ambira-main/worktrees/fix-notif-buttons/src/app/notifications/page.tsx": {
    "path": "/Users/hughgramelspacher/repos/ambira-main/worktrees/fix-notif-buttons/src/app/notifications/page.tsx",
    "statementMap": {
      "0": {
        "start": { "line": 212, "column": 24 },
        "end": { "line": 212, "column": null }
      },
      "1": {
        "start": { "line": 3, "column": 32 },
        "end": { "line": 3, "column": null }
      },
      "2": {
        "start": { "line": 15, "column": 7 },
        "end": { "line": 15, "column": null }
      },
      "3": {
        "start": { "line": 16, "column": 26 },
        "end": { "line": 16, "column": null }
      },
      "4": {
        "start": { "line": 17, "column": 18 },
        "end": { "line": 17, "column": null }
      },
      "5": {
        "start": { "line": 18, "column": 24 },
        "end": { "line": 18, "column": null }
      },
      "6": {
        "start": { "line": 26, "column": 7 },
        "end": { "line": 26, "column": null }
      },
      "7": {
        "start": { "line": 27, "column": 19 },
        "end": { "line": 27, "column": null }
      },
      "8": {
        "start": { "line": 28, "column": 29 },
        "end": { "line": 28, "column": null }
      },
      "9": {
        "start": { "line": 30, "column": 36 },
        "end": { "line": 30, "column": null }
      },
      "10": {
        "start": { "line": 44, "column": 38 },
        "end": { "line": 44, "column": null }
      },
      "11": {
        "start": { "line": 45, "column": 34 },
        "end": { "line": 45, "column": null }
      },
      "12": {
        "start": { "line": 46, "column": 40 },
        "end": { "line": 46, "column": null }
      },
      "13": {
        "start": { "line": 47, "column": 38 },
        "end": { "line": 47, "column": null }
      },
      "14": {
        "start": { "line": 49, "column": 27 },
        "end": { "line": 49, "column": null }
      },
      "15": {
        "start": { "line": 50, "column": 26 },
        "end": { "line": 50, "column": null }
      },
      "16": {
        "start": { "line": 52, "column": 23 },
        "end": { "line": 58, "column": null }
      },
      "17": {
        "start": { "line": 53, "column": 4 },
        "end": { "line": 53, "column": null }
      },
      "18": {
        "start": { "line": 54, "column": 18 },
        "end": { "line": 54, "column": 36 }
      },
      "19": {
        "start": { "line": 55, "column": 4 },
        "end": { "line": 57, "column": null }
      },
      "20": {
        "start": { "line": 56, "column": 6 },
        "end": { "line": 56, "column": null }
      },
      "21": {
        "start": { "line": 60, "column": 22 },
        "end": { "line": 69, "column": null }
      },
      "22": {
        "start": { "line": 61, "column": 18 },
        "end": { "line": 61, "column": 36 }
      },
      "23": {
        "start": { "line": 62, "column": 4 },
        "end": { "line": 62, "column": null }
      },
      "24": {
        "start": { "line": 62, "column": 16 },
        "end": { "line": 62, "column": null }
      },
      "25": {
        "start": { "line": 64, "column": 4 },
        "end": { "line": 64, "column": null }
      },
      "26": {
        "start": { "line": 65, "column": 21 },
        "end": { "line": 65, "column": 47 }
      },
      "27": {
        "start": { "line": 66, "column": 4 },
        "end": { "line": 68, "column": null }
      },
      "28": {
        "start": { "line": 67, "column": 6 },
        "end": { "line": 67, "column": null }
      },
      "29": {
        "start": { "line": 71, "column": 21 },
        "end": { "line": 87, "column": null }
      },
      "30": {
        "start": { "line": 72, "column": 4 },
        "end": { "line": 72, "column": null }
      },
      "31": {
        "start": { "line": 72, "column": 34 },
        "end": { "line": 72, "column": null }
      },
      "32": {
        "start": { "line": 74, "column": 21 },
        "end": { "line": 74, "column": null }
      },
      "33": {
        "start": { "line": 75, "column": 24 },
        "end": { "line": 75, "column": null }
      },
      "34": {
        "start": { "line": 77, "column": 4 },
        "end": { "line": 86, "column": null }
      },
      "35": {
        "start": { "line": 79, "column": 6 },
        "end": { "line": 79, "column": null }
      },
      "36": {
        "start": { "line": 80, "column": 11 },
        "end": { "line": 86, "column": null }
      },
      "37": {
        "start": { "line": 82, "column": 6 },
        "end": { "line": 82, "column": null }
      },
      "38": {
        "start": { "line": 85, "column": 6 },
        "end": { "line": 85, "column": null }
      },
      "39": {
        "start": { "line": 89, "column": 23 },
        "end": { "line": 94, "column": null }
      },
      "40": {
        "start": { "line": 90, "column": 4 },
        "end": { "line": 90, "column": null }
      },
      "41": {
        "start": { "line": 91, "column": 4 },
        "end": { "line": 93, "column": null }
      },
      "42": {
        "start": { "line": 92, "column": 6 },
        "end": { "line": 92, "column": null }
      },
      "43": {
        "start": { "line": 96, "column": 22 },
        "end": { "line": 100, "column": null }
      },
      "44": {
        "start": { "line": 97, "column": 4 },
        "end": { "line": 99, "column": null }
      },
      "45": {
        "start": { "line": 98, "column": 6 },
        "end": { "line": 98, "column": null }
      },
      "46": {
        "start": { "line": 102, "column": 30 },
        "end": { "line": 123, "column": null }
      },
      "47": {
        "start": { "line": 103, "column": 22 },
        "end": { "line": 103, "column": null }
      },
      "48": {
        "start": { "line": 105, "column": 4 },
        "end": { "line": 122, "column": null }
      },
      "49": {
        "start": { "line": 213, "column": 17 },
        "end": { "line": 213, "column": null }
      },
      "50": {
        "start": { "line": 214, "column": 19 },
        "end": { "line": 214, "column": null }
      },
      "51": {
        "start": { "line": 215, "column": 39 },
        "end": { "line": 217, "column": null }
      },
      "52": {
        "start": { "line": 218, "column": 22 },
        "end": { "line": 218, "column": null }
      },
      "53": {
        "start": { "line": 219, "column": 29 },
        "end": { "line": 219, "column": null }
      },
      "54": {
        "start": { "line": 220, "column": 32 },
        "end": { "line": 220, "column": null }
      },
      "55": {
        "start": { "line": 221, "column": 37 },
        "end": { "line": 221, "column": null }
      },
      "56": {
        "start": { "line": 222, "column": 40 },
        "end": { "line": 222, "column": null }
      },
      "57": {
        "start": { "line": 224, "column": 34 },
        "end": { "line": 234, "column": null }
      },
      "58": {
        "start": { "line": 226, "column": 4 },
        "end": { "line": 228, "column": null }
      },
      "59": {
        "start": { "line": 227, "column": 6 },
        "end": { "line": 227, "column": null }
      },
      "60": {
        "start": { "line": 231, "column": 4 },
        "end": { "line": 233, "column": null }
      },
      "61": {
        "start": { "line": 232, "column": 6 },
        "end": { "line": 232, "column": null }
      },
      "62": {
        "start": { "line": 236, "column": 23 },
        "end": { "line": 238, "column": null }
      },
      "63": {
        "start": { "line": 237, "column": 4 },
        "end": { "line": 237, "column": null }
      },
      "64": {
        "start": { "line": 240, "column": 28 },
        "end": { "line": 242, "column": null }
      },
      "65": {
        "start": { "line": 241, "column": 4 },
        "end": { "line": 241, "column": null }
      },
      "66": {
        "start": { "line": 244, "column": 25 },
        "end": { "line": 246, "column": null }
      },
      "67": {
        "start": { "line": 245, "column": 4 },
        "end": { "line": 245, "column": null }
      },
      "68": {
        "start": { "line": 248, "column": 2 },
        "end": { "line": 256, "column": null }
      },
      "69": {
        "start": { "line": 269, "column": 27 },
        "end": { "line": 269, "column": null }
      },
      "70": {
        "start": { "line": 331, "column": 18 },
        "end": { "line": 332, "column": null }
      },
      "71": {
        "start": { "line": 390, "column": 14 },
        "end": { "line": 391, "column": null }
      }
    },
    "fnMap": {
      "0": {
        "name": "SwipeableNotificationItem",
        "decl": {
          "start": { "line": 33, "column": 9 },
          "end": { "line": 33, "column": 35 }
        },
        "loc": {
          "start": { "line": 43, "column": 1 },
          "end": { "line": 210, "column": null }
        }
      },
      "1": {
        "name": "(anonymous_6)",
        "decl": {
          "start": { "line": 52, "column": 23 },
          "end": { "line": 52, "column": 24 }
        },
        "loc": {
          "start": { "line": 52, "column": 24 },
          "end": { "line": 58, "column": null }
        }
      },
      "2": {
        "name": "(anonymous_7)",
        "decl": {
          "start": { "line": 60, "column": 22 },
          "end": { "line": 60, "column": 23 }
        },
        "loc": {
          "start": { "line": 60, "column": 23 },
          "end": { "line": 69, "column": null }
        }
      },
      "3": {
        "name": "(anonymous_8)",
        "decl": {
          "start": { "line": 71, "column": 21 },
          "end": { "line": 71, "column": null }
        },
        "loc": {
          "start": { "line": 71, "column": 21 },
          "end": { "line": 87, "column": null }
        }
      },
      "4": {
        "name": "(anonymous_9)",
        "decl": {
          "start": { "line": 89, "column": 23 },
          "end": { "line": 89, "column": null }
        },
        "loc": {
          "start": { "line": 89, "column": 23 },
          "end": { "line": 94, "column": null }
        }
      },
      "5": {
        "name": "(anonymous_10)",
        "decl": {
          "start": { "line": 91, "column": 15 },
          "end": { "line": 91, "column": null }
        },
        "loc": {
          "start": { "line": 91, "column": 15 },
          "end": { "line": 93, "column": 7 }
        }
      },
      "6": {
        "name": "(anonymous_11)",
        "decl": {
          "start": { "line": 96, "column": 22 },
          "end": { "line": 96, "column": null }
        },
        "loc": {
          "start": { "line": 96, "column": 22 },
          "end": { "line": 100, "column": null }
        }
      },
      "7": {
        "name": "(anonymous_12)",
        "decl": {
          "start": { "line": 102, "column": 30 },
          "end": { "line": 102, "column": 31 }
        },
        "loc": {
          "start": { "line": 102, "column": 31 },
          "end": { "line": 123, "column": null }
        }
      },
      "8": {
        "name": "NotificationsPage",
        "decl": {
          "start": { "line": 212, "column": 24 },
          "end": { "line": 212, "column": null }
        },
        "loc": {
          "start": { "line": 212, "column": 24 },
          "end": { "line": 407, "column": null }
        }
      },
      "9": {
        "name": "(anonymous_14)",
        "decl": {
          "start": { "line": 224, "column": 34 },
          "end": { "line": 224, "column": 35 }
        },
        "loc": {
          "start": { "line": 224, "column": 35 },
          "end": { "line": 234, "column": null }
        }
      },
      "10": {
        "name": "(anonymous_15)",
        "decl": {
          "start": { "line": 236, "column": 23 },
          "end": { "line": 236, "column": 24 }
        },
        "loc": {
          "start": { "line": 236, "column": 24 },
          "end": { "line": 238, "column": null }
        }
      },
      "11": {
        "name": "(anonymous_16)",
        "decl": {
          "start": { "line": 240, "column": 28 },
          "end": { "line": 240, "column": null }
        },
        "loc": {
          "start": { "line": 240, "column": 28 },
          "end": { "line": 242, "column": null }
        }
      },
      "12": {
        "name": "(anonymous_17)",
        "decl": {
          "start": { "line": 244, "column": 25 },
          "end": { "line": 244, "column": null }
        },
        "loc": {
          "start": { "line": 244, "column": 25 },
          "end": { "line": 246, "column": null }
        }
      },
      "13": {
        "name": "(anonymous_18)",
        "decl": {
          "start": { "line": 269, "column": 21 },
          "end": { "line": 269, "column": 27 }
        },
        "loc": {
          "start": { "line": 269, "column": 27 },
          "end": { "line": 269, "column": null }
        }
      },
      "14": {
        "name": "(anonymous_19)",
        "decl": {
          "start": { "line": 330, "column": 34 },
          "end": { "line": 330, "column": null }
        },
        "loc": {
          "start": { "line": 331, "column": 18 },
          "end": { "line": 332, "column": null }
        }
      },
      "15": {
        "name": "(anonymous_20)",
        "decl": {
          "start": { "line": 389, "column": 31 },
          "end": { "line": 389, "column": null }
        },
        "loc": {
          "start": { "line": 390, "column": 14 },
          "end": { "line": 391, "column": null }
        }
      }
    },
    "branchMap": {
      "0": {
        "loc": {
          "start": { "line": 55, "column": 4 },
          "end": { "line": 57, "column": null }
        },
        "type": "if",
        "locations": [
          {
            "start": { "line": 55, "column": 4 },
            "end": { "line": 57, "column": null }
          },
          { "start": {}, "end": {} }
        ]
      },
      "1": {
        "loc": {
          "start": { "line": 62, "column": 4 },
          "end": { "line": 62, "column": null }
        },
        "type": "if",
        "locations": [
          {
            "start": { "line": 62, "column": 4 },
            "end": { "line": 62, "column": null }
          },
          { "start": {}, "end": {} }
        ]
      },
      "2": {
        "loc": {
          "start": { "line": 66, "column": 4 },
          "end": { "line": 68, "column": null }
        },
        "type": "if",
        "locations": [
          {
            "start": { "line": 66, "column": 4 },
            "end": { "line": 68, "column": null }
          },
          { "start": {}, "end": {} }
        ]
      },
      "3": {
        "loc": {
          "start": { "line": 72, "column": 4 },
          "end": { "line": 72, "column": null }
        },
        "type": "if",
        "locations": [
          {
            "start": { "line": 72, "column": 4 },
            "end": { "line": 72, "column": null }
          },
          { "start": {}, "end": {} }
        ]
      },
      "4": {
        "loc": {
          "start": { "line": 72, "column": 8 },
          "end": { "line": 72, "column": 34 }
        },
        "type": "binary-expr",
        "locations": [
          {
            "start": { "line": 72, "column": 8 },
            "end": { "line": 72, "column": 23 }
          },
          {
            "start": { "line": 72, "column": 23 },
            "end": { "line": 72, "column": 34 }
          }
        ]
      },
      "5": {
        "loc": {
          "start": { "line": 77, "column": 4 },
          "end": { "line": 86, "column": null }
        },
        "type": "if",
        "locations": [
          {
            "start": { "line": 77, "column": 4 },
            "end": { "line": 86, "column": null }
          },
          {
            "start": { "line": 80, "column": 11 },
            "end": { "line": 86, "column": null }
          }
        ]
      },
      "6": {
        "loc": {
          "start": { "line": 77, "column": 8 },
          "end": { "line": 77, "column": 52 }
        },
        "type": "binary-expr",
        "locations": [
          {
            "start": { "line": 77, "column": 8 },
            "end": { "line": 77, "column": 23 }
          },
          {
            "start": { "line": 77, "column": 23 },
            "end": { "line": 77, "column": 52 }
          }
        ]
      },
      "7": {
        "loc": {
          "start": { "line": 80, "column": 11 },
          "end": { "line": 86, "column": null }
        },
        "type": "if",
        "locations": [
          {
            "start": { "line": 80, "column": 11 },
            "end": { "line": 86, "column": null }
          },
          {
            "start": { "line": 83, "column": 11 },
            "end": { "line": 86, "column": null }
          }
        ]
      },
      "8": {
        "loc": {
          "start": { "line": 80, "column": 15 },
          "end": { "line": 80, "column": 60 }
        },
        "type": "binary-expr",
        "locations": [
          {
            "start": { "line": 80, "column": 15 },
            "end": { "line": 80, "column": 30 }
          },
          {
            "start": { "line": 80, "column": 30 },
            "end": { "line": 80, "column": 60 }
          }
        ]
      },
      "9": {
        "loc": {
          "start": { "line": 97, "column": 4 },
          "end": { "line": 99, "column": null }
        },
        "type": "if",
        "locations": [
          {
            "start": { "line": 97, "column": 4 },
            "end": { "line": 99, "column": null }
          },
          { "start": {}, "end": {} }
        ]
      },
      "10": {
        "loc": {
          "start": { "line": 97, "column": 8 },
          "end": { "line": 97, "column": 42 }
        },
        "type": "binary-expr",
        "locations": [
          {
            "start": { "line": 97, "column": 8 },
            "end": { "line": 97, "column": 29 }
          },
          {
            "start": { "line": 97, "column": 29 },
            "end": { "line": 97, "column": 42 }
          }
        ]
      },
      "11": {
        "loc": {
          "start": { "line": 132, "column": 22 },
          "end": { "line": 136, "column": null }
        },
        "type": "cond-expr",
        "locations": [
          {
            "start": { "line": 133, "column": 14 },
            "end": { "line": 133, "column": null }
          },
          {
            "start": { "line": 134, "column": 14 },
            "end": { "line": 136, "column": null }
          }
        ]
      },
      "12": {
        "loc": {
          "start": { "line": 134, "column": 14 },
          "end": { "line": 136, "column": null }
        },
        "type": "cond-expr",
        "locations": [
          {
            "start": { "line": 135, "column": 16 },
            "end": { "line": 135, "column": null }
          },
          {
            "start": { "line": 136, "column": 16 },
            "end": { "line": 136, "column": null }
          }
        ]
      },
      "13": {
        "loc": {
          "start": { "line": 155, "column": 10 },
          "end": { "line": 155, "column": null }
        },
        "type": "cond-expr",
        "locations": [
          {
            "start": { "line": 155, "column": 23 },
            "end": { "line": 155, "column": 54 }
          },
          {
            "start": { "line": 155, "column": 54 },
            "end": { "line": 155, "column": null }
          }
        ]
      },
      "14": {
        "loc": {
          "start": { "line": 156, "column": 12 },
          "end": { "line": 156, "column": 63 }
        },
        "type": "cond-expr",
        "locations": [
          {
            "start": { "line": 156, "column": 35 },
            "end": { "line": 156, "column": 51 }
          },
          {
            "start": { "line": 156, "column": 51 },
            "end": { "line": 156, "column": 63 }
          }
        ]
      },
      "15": {
        "loc": {
          "start": { "line": 159, "column": 22 },
          "end": { "line": 163, "column": null }
        },
        "type": "cond-expr",
        "locations": [
          {
            "start": { "line": 160, "column": 14 },
            "end": { "line": 160, "column": null }
          },
          {
            "start": { "line": 161, "column": 14 },
            "end": { "line": 163, "column": null }
          }
        ]
      },
      "16": {
        "loc": {
          "start": { "line": 161, "column": 14 },
          "end": { "line": 163, "column": null }
        },
        "type": "cond-expr",
        "locations": [
          {
            "start": { "line": 162, "column": 16 },
            "end": { "line": 162, "column": null }
          },
          {
            "start": { "line": 163, "column": 16 },
            "end": { "line": 163, "column": null }
          }
        ]
      },
      "17": {
        "loc": {
          "start": { "line": 161, "column": 14 },
          "end": { "line": 161, "column": null }
        },
        "type": "binary-expr",
        "locations": [
          {
            "start": { "line": 161, "column": 14 },
            "end": { "line": 161, "column": 49 }
          },
          {
            "start": { "line": 161, "column": 49 },
            "end": { "line": 161, "column": null }
          }
        ]
      },
      "18": {
        "loc": {
          "start": { "line": 170, "column": 14 },
          "end": { "line": 178, "column": 15 }
        },
        "type": "cond-expr",
        "locations": [
          {
            "start": { "line": 170, "column": 14 },
            "end": { "line": 178, "column": 15 }
          }
        ]
      },
      "19": {
        "loc": {
          "start": { "line": 172, "column": 21 },
          "end": { "line": 172, "column": null }
        },
        "type": "binary-expr",
        "locations": [
          {
            "start": { "line": 172, "column": 21 },
            "end": { "line": 172, "column": 43 }
          },
          {
            "start": { "line": 172, "column": 47 },
            "end": { "line": 172, "column": null }
          }
        ]
      },
      "20": {
        "loc": {
          "start": { "line": 189, "column": 56 },
          "end": { "line": 189, "column": 112 }
        },
        "type": "cond-expr",
        "locations": [
          {
            "start": { "line": 189, "column": 79 },
            "end": { "line": 189, "column": 97 }
          },
          {
            "start": { "line": 189, "column": 97 },
            "end": { "line": 189, "column": 112 }
          }
        ]
      },
      "21": {
        "loc": {
          "start": { "line": 196, "column": 17 },
          "end": { "line": 196, "column": 39 }
        },
        "type": "binary-expr",
        "locations": [
          {
            "start": { "line": 196, "column": 17 },
            "end": { "line": 196, "column": 39 }
          }
        ]
      },
      "22": {
        "loc": {
          "start": { "line": 215, "column": 16 },
          "end": { "line": 215, "column": 34 }
        },
        "type": "default-arg",
        "locations": [
          {
            "start": { "line": 215, "column": 32 },
            "end": { "line": 215, "column": 34 }
          }
        ]
      },
      "23": {
        "loc": {
          "start": { "line": 226, "column": 4 },
          "end": { "line": 228, "column": null }
        },
        "type": "if",
        "locations": [
          {
            "start": { "line": 226, "column": 4 },
            "end": { "line": 228, "column": null }
          },
          { "start": {}, "end": {} }
        ]
      },
      "24": {
        "loc": {
          "start": { "line": 231, "column": 4 },
          "end": { "line": 233, "column": null }
        },
        "type": "if",
        "locations": [
          {
            "start": { "line": 231, "column": 4 },
            "end": { "line": 233, "column": null }
          },
          { "start": {}, "end": {} }
        ]
      },
      "25": {
        "loc": {
          "start": { "line": 248, "column": 2 },
          "end": { "line": 256, "column": null }
        },
        "type": "if",
        "locations": [
          {
            "start": { "line": 248, "column": 2 },
            "end": { "line": 256, "column": null }
          },
          { "start": {}, "end": {} }
        ]
      },
      "26": {
        "loc": {
          "start": { "line": 290, "column": 21 },
          "end": { "line": 292, "column": null }
        },
        "type": "cond-expr",
        "locations": [
          {
            "start": { "line": 291, "column": 24 },
            "end": { "line": 291, "column": 91 }
          },
          {
            "start": { "line": 292, "column": 24 },
            "end": { "line": 292, "column": null }
          }
        ]
      },
      "27": {
        "loc": {
          "start": { "line": 291, "column": 61 },
          "end": { "line": 291, "column": 91 }
        },
        "type": "cond-expr",
        "locations": [
          {
            "start": { "line": 291, "column": 81 },
            "end": { "line": 291, "column": 87 }
          },
          {
            "start": { "line": 291, "column": 87 },
            "end": { "line": 291, "column": 91 }
          }
        ]
      },
      "28": {
        "loc": {
          "start": { "line": 295, "column": 17 },
          "end": { "line": 295, "column": null }
        },
        "type": "binary-expr",
        "locations": [
          {
            "start": { "line": 295, "column": 17 },
            "end": { "line": 295, "column": null }
          }
        ]
      },
      "29": {
        "loc": {
          "start": { "line": 297, "column": 21 },
          "end": { "line": 297, "column": null }
        },
        "type": "binary-expr",
        "locations": [
          {
            "start": { "line": 297, "column": 21 },
            "end": { "line": 297, "column": null }
          }
        ]
      },
      "30": {
        "loc": {
          "start": { "line": 322, "column": 15 },
          "end": { "line": 332, "column": null }
        },
        "type": "cond-expr",
        "locations": [
          {
            "start": { "line": 323, "column": 16 },
            "end": { "line": 330, "column": 30 }
          },
          {
            "start": { "line": 330, "column": 16 },
            "end": { "line": 332, "column": null }
          }
        ]
      },
      "31": {
        "loc": {
          "start": { "line": 345, "column": 7 },
          "end": { "line": 345, "column": null }
        },
        "type": "binary-expr",
        "locations": [
          {
            "start": { "line": 345, "column": 7 },
            "end": { "line": 345, "column": null }
          }
        ]
      },
      "32": {
        "loc": {
          "start": { "line": 348, "column": 13 },
          "end": { "line": 348, "column": null }
        },
        "type": "cond-expr",
        "locations": [
          {
            "start": { "line": 348, "column": 31 },
            "end": { "line": 348, "column": 54 }
          },
          {
            "start": { "line": 348, "column": 57 },
            "end": { "line": 348, "column": null }
          }
        ]
      },
      "33": {
        "loc": {
          "start": { "line": 351, "column": 13 },
          "end": { "line": 351, "column": null }
        },
        "type": "binary-expr",
        "locations": [
          {
            "start": { "line": 351, "column": 13 },
            "end": { "line": 351, "column": null }
          }
        ]
      },
      "34": {
        "loc": {
          "start": { "line": 376, "column": 10 },
          "end": { "line": 388, "column": 11 }
        },
        "type": "cond-expr",
        "locations": [
          {
            "start": { "line": 376, "column": 10 },
            "end": { "line": 388, "column": 11 }
          }
        ]
      }
    },
    "s": {
      "0": 0,
      "1": 0,
      "2": 0,
      "3": 0,
      "4": 0,
      "5": 0,
      "6": 0,
      "7": 0,
      "8": 0,
      "9": 0,
      "10": 0,
      "11": 0,
      "12": 0,
      "13": 0,
      "14": 0,
      "15": 0,
      "16": 0,
      "17": 0,
      "18": 0,
      "19": 0,
      "20": 0,
      "21": 0,
      "22": 0,
      "23": 0,
      "24": 0,
      "25": 0,
      "26": 0,
      "27": 0,
      "28": 0,
      "29": 0,
      "30": 0,
      "31": 0,
      "32": 0,
      "33": 0,
      "34": 0,
      "35": 0,
      "36": 0,
      "37": 0,
      "38": 0,
      "39": 0,
      "40": 0,
      "41": 0,
      "42": 0,
      "43": 0,
      "44": 0,
      "45": 0,
      "46": 0,
      "47": 0,
      "48": 0,
      "49": 0,
      "50": 0,
      "51": 0,
      "52": 0,
      "53": 0,
      "54": 0,
      "55": 0,
      "56": 0,
      "57": 0,
      "58": 0,
      "59": 0,
      "60": 0,
      "61": 0,
      "62": 0,
      "63": 0,
      "64": 0,
      "65": 0,
      "66": 0,
      "67": 0,
      "68": 0,
      "69": 0,
      "70": 0,
      "71": 0
    },
    "f": {
      "0": 0,
      "1": 0,
      "2": 0,
      "3": 0,
      "4": 0,
      "5": 0,
      "6": 0,
      "7": 0,
      "8": 0,
      "9": 0,
      "10": 0,
      "11": 0,
      "12": 0,
      "13": 0,
      "14": 0,
      "15": 0
    },
    "b": {
      "0": [0, 0],
      "1": [0, 0],
      "2": [0, 0],
      "3": [0, 0],
      "4": [0, 0],
      "5": [0, 0],
      "6": [0, 0],
      "7": [0, 0],
      "8": [0, 0],
      "9": [0, 0],
      "10": [0, 0],
      "11": [0, 0],
      "12": [0, 0],
      "13": [0, 0],
      "14": [0, 0],
      "15": [0, 0],
      "16": [0, 0],
      "17": [0, 0],
      "18": [0],
      "19": [0, 0],
      "20": [0, 0],
      "21": [0],
      "22": [0],
      "23": [0, 0],
      "24": [0, 0],
      "25": [0, 0],
      "26": [0, 0],
      "27": [0, 0],
      "28": [0],
      "29": [0],
      "30": [0, 0],
      "31": [0],
      "32": [0, 0],
      "33": [0],
      "34": [0]
    }
  },
  "/Users/hughgramelspacher/repos/ambira-main/worktrees/fix-notif-buttons/src/hooks/useNotifications.ts": {
    "path": "/Users/hughgramelspacher/repos/ambira-main/worktrees/fix-notif-buttons/src/hooks/useNotifications.ts",
    "statementMap": {
      "0": {
        "start": { "line": 267, "column": 16 },
        "end": { "line": 267, "column": null }
      },
      "1": {
        "start": { "line": 225, "column": 16 },
        "end": { "line": 225, "column": null }
      },
      "2": {
        "start": { "line": 181, "column": 16 },
        "end": { "line": 181, "column": null }
      },
      "3": {
        "start": { "line": 131, "column": 16 },
        "end": { "line": 131, "column": null }
      },
      "4": {
        "start": { "line": 28, "column": 16 },
        "end": { "line": 28, "column": 33 }
      },
      "5": {
        "start": { "line": 114, "column": 16 },
        "end": { "line": 114, "column": null }
      },
      "6": {
        "start": { "line": 6, "column": 7 },
        "end": { "line": 6, "column": null }
      },
      "7": {
        "start": { "line": 7, "column": 24 },
        "end": { "line": 7, "column": null }
      },
      "8": {
        "start": { "line": 9, "column": 40 },
        "end": { "line": 9, "column": null }
      },
      "9": {
        "start": { "line": 17, "column": 7 },
        "end": { "line": 17, "column": null }
      },
      "10": {
        "start": { "line": 18, "column": 19 },
        "end": { "line": 18, "column": null }
      },
      "11": {
        "start": { "line": 19, "column": 35 },
        "end": { "line": 19, "column": null }
      },
      "12": {
        "start": { "line": 20, "column": 40 },
        "end": { "line": 20, "column": null }
      },
      "13": {
        "start": { "line": 33, "column": 36 },
        "end": { "line": 33, "column": null }
      },
      "14": {
        "start": { "line": 34, "column": 22 },
        "end": { "line": 34, "column": null }
      },
      "15": {
        "start": { "line": 35, "column": 19 },
        "end": { "line": 35, "column": null }
      },
      "16": {
        "start": { "line": 36, "column": 16 },
        "end": { "line": 36, "column": null }
      },
      "17": {
        "start": { "line": 38, "column": 19 },
        "end": { "line": 40, "column": null }
      },
      "18": {
        "start": { "line": 39, "column": 10 },
        "end": { "line": 39, "column": null }
      },
      "19": {
        "start": { "line": 44, "column": 29 },
        "end": { "line": 54, "column": null }
      },
      "20": {
        "start": { "line": 47, "column": 6 },
        "end": { "line": 47, "column": null }
      },
      "21": {
        "start": { "line": 47, "column": 17 },
        "end": { "line": 47, "column": null }
      },
      "22": {
        "start": { "line": 48, "column": 6 },
        "end": { "line": 48, "column": null }
      },
      "23": {
        "start": { "line": 57, "column": 2 },
        "end": { "line": 105, "column": null }
      },
      "24": {
        "start": { "line": 58, "column": 4 },
        "end": { "line": 58, "column": null }
      },
      "25": {
        "start": { "line": 58, "column": 48 },
        "end": { "line": 58, "column": null }
      },
      "26": {
        "start": { "line": 60, "column": 29 },
        "end": { "line": 64, "column": null }
      },
      "27": {
        "start": { "line": 67, "column": 24 },
        "end": { "line": 101, "column": null }
      },
      "28": {
        "start": { "line": 70, "column": 46 },
        "end": { "line": 70, "column": 48 }
      },
      "29": {
        "start": { "line": 72, "column": 8 },
        "end": { "line": 94, "column": null }
      },
      "30": {
        "start": { "line": 73, "column": 23 },
        "end": { "line": 73, "column": null }
      },
      "31": {
        "start": { "line": 74, "column": 45 },
        "end": { "line": 91, "column": null }
      },
      "32": {
        "start": { "line": 93, "column": 10 },
        "end": { "line": 93, "column": null }
      },
      "33": {
        "start": { "line": 97, "column": 8 },
        "end": { "line": 97, "column": null }
      },
      "34": {
        "start": { "line": 100, "column": 8 },
        "end": { "line": 100, "column": null }
      },
      "35": {
        "start": { "line": 104, "column": 4 },
        "end": { "line": 104, "column": null }
      },
      "36": {
        "start": { "line": 104, "column": 17 },
        "end": { "line": 104, "column": null }
      },
      "37": {
        "start": { "line": 107, "column": 2 },
        "end": { "line": 107, "column": null }
      },
      "38": {
        "start": { "line": 115, "column": 19 },
        "end": { "line": 115, "column": null }
      },
      "39": {
        "start": { "line": 116, "column": 19 },
        "end": { "line": 116, "column": null }
      },
      "40": {
        "start": { "line": 117, "column": 22 },
        "end": { "line": 117, "column": null }
      },
      "41": {
        "start": { "line": 120, "column": 24 },
        "end": { "line": 120, "column": null }
      },
      "42": {
        "start": { "line": 122, "column": 2 },
        "end": { "line": 124, "column": null }
      },
      "43": {
        "start": { "line": 123, "column": 10 },
        "end": { "line": 123, "column": null }
      },
      "44": {
        "start": { "line": 123, "column": 37 },
        "end": { "line": 123, "column": 46 }
      },
      "45": {
        "start": { "line": 132, "column": 19 },
        "end": { "line": 132, "column": null }
      },
      "46": {
        "start": { "line": 133, "column": 22 },
        "end": { "line": 133, "column": null }
      },
      "47": {
        "start": { "line": 134, "column": 19 },
        "end": { "line": 134, "column": null }
      },
      "48": {
        "start": { "line": 136, "column": 2 },
        "end": { "line": 175, "column": null }
      },
      "49": {
        "start": { "line": 138, "column": 6 },
        "end": { "line": 138, "column": null }
      },
      "50": {
        "start": { "line": 143, "column": 6 },
        "end": { "line": 143, "column": null }
      },
      "51": {
        "start": { "line": 147, "column": 8 },
        "end": { "line": 147, "column": null }
      },
      "52": {
        "start": { "line": 150, "column": 6 },
        "end": { "line": 157, "column": null }
      },
      "53": {
        "start": { "line": 151, "column": 8 },
        "end": { "line": 154, "column": null }
      },
      "54": {
        "start": { "line": 154, "column": 12 },
        "end": { "line": 154, "column": null }
      },
      "55": {
        "start": { "line": 160, "column": 6 },
        "end": { "line": 160, "column": null }
      },
      "56": {
        "start": { "line": 165, "column": 6 },
        "end": { "line": 167, "column": null }
      },
      "57": {
        "start": { "line": 166, "column": 8 },
        "end": { "line": 166, "column": null }
      },
      "58": {
        "start": { "line": 168, "column": 6 },
        "end": { "line": 168, "column": null }
      },
      "59": {
        "start": { "line": 173, "column": 6 },
        "end": { "line": 173, "column": null }
      },
      "60": {
        "start": { "line": 182, "column": 19 },
        "end": { "line": 182, "column": null }
      },
      "61": {
        "start": { "line": 183, "column": 22 },
        "end": { "line": 183, "column": null }
      },
      "62": {
        "start": { "line": 184, "column": 19 },
        "end": { "line": 184, "column": null }
      },
      "63": {
        "start": { "line": 186, "column": 2 },
        "end": { "line": 219, "column": null }
      },
      "64": {
        "start": { "line": 188, "column": 6 },
        "end": { "line": 188, "column": null }
      },
      "65": {
        "start": { "line": 188, "column": 17 },
        "end": { "line": 188, "column": null }
      },
      "66": {
        "start": { "line": 189, "column": 6 },
        "end": { "line": 189, "column": null }
      },
      "67": {
        "start": { "line": 194, "column": 6 },
        "end": { "line": 194, "column": null }
      },
      "68": {
        "start": { "line": 197, "column": 8 },
        "end": { "line": 197, "column": null }
      },
      "69": {
        "start": { "line": 199, "column": 6 },
        "end": { "line": 204, "column": null }
      },
      "70": {
        "start": { "line": 200, "column": 8 },
        "end": { "line": 202, "column": null }
      },
      "71": {
        "start": { "line": 202, "column": 42 },
        "end": { "line": 202, "column": null }
      },
      "72": {
        "start": { "line": 206, "column": 6 },
        "end": { "line": 206, "column": null }
      },
      "73": {
        "start": { "line": 210, "column": 6 },
        "end": { "line": 212, "column": null }
      },
      "74": {
        "start": { "line": 211, "column": 8 },
        "end": { "line": 211, "column": null }
      },
      "75": {
        "start": { "line": 213, "column": 6 },
        "end": { "line": 213, "column": null }
      },
      "76": {
        "start": { "line": 217, "column": 6 },
        "end": { "line": 217, "column": null }
      },
      "77": {
        "start": { "line": 226, "column": 19 },
        "end": { "line": 226, "column": null }
      },
      "78": {
        "start": { "line": 227, "column": 22 },
        "end": { "line": 227, "column": null }
      },
      "79": {
        "start": { "line": 228, "column": 19 },
        "end": { "line": 228, "column": null }
      },
      "80": {
        "start": { "line": 230, "column": 2 },
        "end": { "line": 261, "column": null }
      },
      "81": {
        "start": { "line": 232, "column": 6 },
        "end": { "line": 232, "column": null }
      },
      "82": {
        "start": { "line": 236, "column": 6 },
        "end": { "line": 236, "column": null }
      },
      "83": {
        "start": { "line": 239, "column": 8 },
        "end": { "line": 239, "column": null }
      },
      "84": {
        "start": { "line": 241, "column": 6 },
        "end": { "line": 246, "column": null }
      },
      "85": {
        "start": { "line": 242, "column": 8 },
        "end": { "line": 244, "column": null }
      },
      "86": {
        "start": { "line": 244, "column": 44 },
        "end": { "line": 244, "column": null }
      },
      "87": {
        "start": { "line": 248, "column": 6 },
        "end": { "line": 248, "column": null }
      },
      "88": {
        "start": { "line": 252, "column": 6 },
        "end": { "line": 254, "column": null }
      },
      "89": {
        "start": { "line": 253, "column": 8 },
        "end": { "line": 253, "column": null }
      },
      "90": {
        "start": { "line": 255, "column": 6 },
        "end": { "line": 255, "column": null }
      },
      "91": {
        "start": { "line": 259, "column": 6 },
        "end": { "line": 259, "column": null }
      },
      "92": {
        "start": { "line": 268, "column": 19 },
        "end": { "line": 268, "column": null }
      },
      "93": {
        "start": { "line": 269, "column": 22 },
        "end": { "line": 269, "column": null }
      },
      "94": {
        "start": { "line": 270, "column": 19 },
        "end": { "line": 270, "column": null }
      },
      "95": {
        "start": { "line": 272, "column": 2 },
        "end": { "line": 301, "column": null }
      },
      "96": {
        "start": { "line": 274, "column": 6 },
        "end": { "line": 274, "column": null }
      },
      "97": {
        "start": { "line": 274, "column": 17 },
        "end": { "line": 274, "column": null }
      },
      "98": {
        "start": { "line": 275, "column": 6 },
        "end": { "line": 275, "column": null }
      },
      "99": {
        "start": { "line": 280, "column": 6 },
        "end": { "line": 280, "column": null }
      },
      "100": {
        "start": { "line": 283, "column": 8 },
        "end": { "line": 283, "column": null }
      },
      "101": {
        "start": { "line": 286, "column": 6 },
        "end": { "line": 286, "column": null }
      },
      "102": {
        "start": { "line": 288, "column": 6 },
        "end": { "line": 288, "column": null }
      },
      "103": {
        "start": { "line": 292, "column": 6 },
        "end": { "line": 294, "column": null }
      },
      "104": {
        "start": { "line": 293, "column": 8 },
        "end": { "line": 293, "column": null }
      },
      "105": {
        "start": { "line": 295, "column": 6 },
        "end": { "line": 295, "column": null }
      },
      "106": {
        "start": { "line": 299, "column": 6 },
        "end": { "line": 299, "column": null }
      }
    },
    "fnMap": {
      "0": {
        "name": "useNotifications",
        "decl": {
          "start": { "line": 28, "column": 16 },
          "end": { "line": 28, "column": 33 }
        },
        "loc": {
          "start": { "line": 32, "column": 1 },
          "end": { "line": 108, "column": null }
        }
      },
      "1": {
        "name": "(anonymous_8)",
        "decl": {
          "start": { "line": 39, "column": 4 },
          "end": { "line": 39, "column": 10 }
        },
        "loc": {
          "start": { "line": 39, "column": 10 },
          "end": { "line": 39, "column": null }
        }
      },
      "2": {
        "name": "(anonymous_9)",
        "decl": {
          "start": { "line": 46, "column": 13 },
          "end": { "line": 46, "column": null }
        },
        "loc": {
          "start": { "line": 46, "column": 13 },
          "end": { "line": 49, "column": null }
        }
      },
      "3": {
        "name": "(anonymous_10)",
        "decl": {
          "start": { "line": 57, "column": 12 },
          "end": { "line": 57, "column": null }
        },
        "loc": {
          "start": { "line": 57, "column": 12 },
          "end": { "line": 105, "column": 5 }
        }
      },
      "4": {
        "name": "(anonymous_11)",
        "decl": {
          "start": { "line": 69, "column": 6 },
          "end": { "line": 69, "column": null }
        },
        "loc": {
          "start": { "line": 69, "column": 6 },
          "end": { "line": 98, "column": null }
        }
      },
      "5": {
        "name": "(anonymous_12)",
        "decl": {
          "start": { "line": 72, "column": 25 },
          "end": { "line": 72, "column": null }
        },
        "loc": {
          "start": { "line": 72, "column": 25 },
          "end": { "line": 94, "column": null }
        }
      },
      "6": {
        "name": "(anonymous_13)",
        "decl": {
          "start": { "line": 99, "column": 6 },
          "end": { "line": 99, "column": null }
        },
        "loc": {
          "start": { "line": 99, "column": 6 },
          "end": { "line": 101, "column": null }
        }
      },
      "7": {
        "name": "(anonymous_14)",
        "decl": {
          "start": { "line": 104, "column": 11 },
          "end": { "line": 104, "column": 17 }
        },
        "loc": {
          "start": { "line": 104, "column": 17 },
          "end": { "line": 104, "column": null }
        }
      },
      "8": {
        "name": "useUnreadCount",
        "decl": {
          "start": { "line": 114, "column": 16 },
          "end": { "line": 114, "column": null }
        },
        "loc": {
          "start": { "line": 114, "column": 16 },
          "end": { "line": 126, "column": null }
        }
      },
      "9": {
        "name": "(anonymous_16)",
        "decl": {
          "start": { "line": 123, "column": 4 },
          "end": { "line": 123, "column": 10 }
        },
        "loc": {
          "start": { "line": 123, "column": 10 },
          "end": { "line": 123, "column": null }
        }
      },
      "10": {
        "name": "(anonymous_17)",
        "decl": {
          "start": { "line": 123, "column": 32 },
          "end": { "line": 123, "column": 37 }
        },
        "loc": {
          "start": { "line": 123, "column": 37 },
          "end": { "line": 123, "column": 46 }
        }
      },
      "11": {
        "name": "useMarkNotificationRead",
        "decl": {
          "start": { "line": 131, "column": 16 },
          "end": { "line": 131, "column": null }
        },
        "loc": {
          "start": { "line": 131, "column": 16 },
          "end": { "line": 176, "column": null }
        }
      },
      "12": {
        "name": "(anonymous_19)",
        "decl": {
          "start": { "line": 137, "column": 16 },
          "end": { "line": 137, "column": 17 }
        },
        "loc": {
          "start": { "line": 138, "column": 6 },
          "end": { "line": 138, "column": null }
        }
      },
      "13": {
        "name": "(anonymous_20)",
        "decl": {
          "start": { "line": 141, "column": 14 },
          "end": { "line": 141, "column": 20 }
        },
        "loc": {
          "start": { "line": 141, "column": 20 },
          "end": { "line": 161, "column": null }
        }
      },
      "14": {
        "name": "(anonymous_21)",
        "decl": {
          "start": { "line": 153, "column": 36 },
          "end": { "line": 153, "column": null }
        },
        "loc": {
          "start": { "line": 154, "column": 12 },
          "end": { "line": 154, "column": null }
        }
      },
      "15": {
        "name": "(anonymous_22)",
        "decl": {
          "start": { "line": 164, "column": 13 },
          "end": { "line": 164, "column": 14 }
        },
        "loc": {
          "start": { "line": 164, "column": 35 },
          "end": { "line": 169, "column": null }
        }
      },
      "16": {
        "name": "(anonymous_23)",
        "decl": {
          "start": { "line": 172, "column": 15 },
          "end": { "line": 172, "column": null }
        },
        "loc": {
          "start": { "line": 172, "column": 15 },
          "end": { "line": 174, "column": null }
        }
      },
      "17": {
        "name": "useMarkAllNotificationsRead",
        "decl": {
          "start": { "line": 181, "column": 16 },
          "end": { "line": 181, "column": null }
        },
        "loc": {
          "start": { "line": 181, "column": 16 },
          "end": { "line": 220, "column": null }
        }
      },
      "18": {
        "name": "(anonymous_25)",
        "decl": {
          "start": { "line": 187, "column": 16 },
          "end": { "line": 187, "column": null }
        },
        "loc": {
          "start": { "line": 187, "column": 16 },
          "end": { "line": 190, "column": null }
        }
      },
      "19": {
        "name": "(anonymous_26)",
        "decl": {
          "start": { "line": 193, "column": 14 },
          "end": { "line": 193, "column": null }
        },
        "loc": {
          "start": { "line": 193, "column": 14 },
          "end": { "line": 207, "column": null }
        }
      },
      "20": {
        "name": "(anonymous_27)",
        "decl": {
          "start": { "line": 202, "column": 36 },
          "end": { "line": 202, "column": 42 }
        },
        "loc": {
          "start": { "line": 202, "column": 42 },
          "end": { "line": 202, "column": null }
        }
      },
      "21": {
        "name": "(anonymous_28)",
        "decl": {
          "start": { "line": 209, "column": 13 },
          "end": { "line": 209, "column": 14 }
        },
        "loc": {
          "start": { "line": 209, "column": 30 },
          "end": { "line": 214, "column": null }
        }
      },
      "22": {
        "name": "(anonymous_29)",
        "decl": {
          "start": { "line": 216, "column": 15 },
          "end": { "line": 216, "column": null }
        },
        "loc": {
          "start": { "line": 216, "column": 15 },
          "end": { "line": 218, "column": null }
        }
      },
      "23": {
        "name": "useDeleteNotification",
        "decl": {
          "start": { "line": 225, "column": 16 },
          "end": { "line": 225, "column": null }
        },
        "loc": {
          "start": { "line": 225, "column": 16 },
          "end": { "line": 262, "column": null }
        }
      },
      "24": {
        "name": "(anonymous_31)",
        "decl": {
          "start": { "line": 231, "column": 16 },
          "end": { "line": 231, "column": 17 }
        },
        "loc": {
          "start": { "line": 232, "column": 6 },
          "end": { "line": 232, "column": null }
        }
      },
      "25": {
        "name": "(anonymous_32)",
        "decl": {
          "start": { "line": 235, "column": 14 },
          "end": { "line": 235, "column": 20 }
        },
        "loc": {
          "start": { "line": 235, "column": 20 },
          "end": { "line": 249, "column": null }
        }
      },
      "26": {
        "name": "(anonymous_33)",
        "decl": {
          "start": { "line": 244, "column": 39 },
          "end": { "line": 244, "column": 44 }
        },
        "loc": {
          "start": { "line": 244, "column": 44 },
          "end": { "line": 244, "column": null }
        }
      },
      "27": {
        "name": "(anonymous_34)",
        "decl": {
          "start": { "line": 251, "column": 13 },
          "end": { "line": 251, "column": 14 }
        },
        "loc": {
          "start": { "line": 251, "column": 35 },
          "end": { "line": 256, "column": null }
        }
      },
      "28": {
        "name": "(anonymous_35)",
        "decl": {
          "start": { "line": 258, "column": 15 },
          "end": { "line": 258, "column": null }
        },
        "loc": {
          "start": { "line": 258, "column": 15 },
          "end": { "line": 260, "column": null }
        }
      },
      "29": {
        "name": "useClearAllNotifications",
        "decl": {
          "start": { "line": 267, "column": 16 },
          "end": { "line": 267, "column": null }
        },
        "loc": {
          "start": { "line": 267, "column": 16 },
          "end": { "line": 302, "column": null }
        }
      },
      "30": {
        "name": "(anonymous_37)",
        "decl": {
          "start": { "line": 273, "column": 16 },
          "end": { "line": 273, "column": null }
        },
        "loc": {
          "start": { "line": 273, "column": 16 },
          "end": { "line": 276, "column": null }
        }
      },
      "31": {
        "name": "(anonymous_38)",
        "decl": {
          "start": { "line": 279, "column": 14 },
          "end": { "line": 279, "column": null }
        },
        "loc": {
          "start": { "line": 279, "column": 14 },
          "end": { "line": 289, "column": null }
        }
      },
      "32": {
        "name": "(anonymous_39)",
        "decl": {
          "start": { "line": 291, "column": 13 },
          "end": { "line": 291, "column": 14 }
        },
        "loc": {
          "start": { "line": 291, "column": 30 },
          "end": { "line": 296, "column": null }
        }
      },
      "33": {
        "name": "(anonymous_40)",
        "decl": {
          "start": { "line": 298, "column": 15 },
          "end": { "line": 298, "column": null }
        },
        "loc": {
          "start": { "line": 298, "column": 15 },
          "end": { "line": 300, "column": null }
        }
      }
    },
    "branchMap": {
      "0": {
        "loc": {
          "start": { "line": 35, "column": 19 },
          "end": { "line": 35, "column": null }
        },
        "type": "binary-expr",
        "locations": [
          {
            "start": { "line": 35, "column": 19 },
            "end": { "line": 35, "column": 40 }
          },
          {
            "start": { "line": 35, "column": 40 },
            "end": { "line": 35, "column": null }
          }
        ]
      },
      "1": {
        "loc": {
          "start": { "line": 36, "column": 16 },
          "end": { "line": 36, "column": null }
        },
        "type": "binary-expr",
        "locations": [
          {
            "start": { "line": 36, "column": 16 },
            "end": { "line": 36, "column": 34 }
          },
          {
            "start": { "line": 36, "column": 34 },
            "end": { "line": 36, "column": null }
          }
        ]
      },
      "2": {
        "loc": {
          "start": { "line": 39, "column": 39 },
          "end": { "line": 39, "column": 60 }
        },
        "type": "binary-expr",
        "locations": [
          {
            "start": { "line": 39, "column": 39 },
            "end": { "line": 39, "column": 51 }
          },
          {
            "start": { "line": 39, "column": 51 },
            "end": { "line": 39, "column": 60 }
          }
        ]
      },
      "3": {
        "loc": {
          "start": { "line": 47, "column": 6 },
          "end": { "line": 47, "column": null }
        },
        "type": "if",
        "locations": [
          {
            "start": { "line": 47, "column": 6 },
            "end": { "line": 47, "column": null }
          },
          { "start": {}, "end": {} }
        ]
      },
      "4": {
        "loc": {
          "start": { "line": 50, "column": 13 },
          "end": { "line": 50, "column": null }
        },
        "type": "binary-expr",
        "locations": [
          {
            "start": { "line": 50, "column": 13 },
            "end": { "line": 50, "column": 32 }
          },
          {
            "start": { "line": 50, "column": 32 },
            "end": { "line": 50, "column": null }
          }
        ]
      },
      "5": {
        "loc": {
          "start": { "line": 58, "column": 4 },
          "end": { "line": 58, "column": null }
        },
        "type": "if",
        "locations": [
          {
            "start": { "line": 58, "column": 4 },
            "end": { "line": 58, "column": null }
          },
          { "start": {}, "end": {} }
        ]
      },
      "6": {
        "loc": {
          "start": { "line": 58, "column": 8 },
          "end": { "line": 58, "column": 48 }
        },
        "type": "binary-expr",
        "locations": [
          {
            "start": { "line": 58, "column": 8 },
            "end": { "line": 58, "column": 21 }
          },
          {
            "start": { "line": 58, "column": 21 },
            "end": { "line": 58, "column": 41 }
          },
          {
            "start": { "line": 58, "column": 41 },
            "end": { "line": 58, "column": 48 }
          }
        ]
      },
      "7": {
        "loc": {
          "start": { "line": 81, "column": 20 },
          "end": { "line": 81, "column": null }
        },
        "type": "binary-expr",
        "locations": [
          {
            "start": { "line": 81, "column": 20 },
            "end": { "line": 81, "column": 31 }
          },
          {
            "start": { "line": 81, "column": 35 },
            "end": { "line": 81, "column": null }
          }
        ]
      },
      "8": {
        "loc": {
          "start": { "line": 82, "column": 23 },
          "end": { "line": 82, "column": null }
        },
        "type": "binary-expr",
        "locations": [
          {
            "start": { "line": 82, "column": 23 },
            "end": { "line": 82, "column": 51 }
          },
          {
            "start": { "line": 82, "column": 51 },
            "end": { "line": 82, "column": null }
          }
        ]
      },
      "9": {
        "loc": {
          "start": { "line": 116, "column": 44 },
          "end": { "line": 116, "column": null }
        },
        "type": "binary-expr",
        "locations": [
          {
            "start": { "line": 116, "column": 44 },
            "end": { "line": 116, "column": 56 }
          },
          {
            "start": { "line": 116, "column": 56 },
            "end": { "line": 116, "column": null }
          }
        ]
      },
      "10": {
        "loc": {
          "start": { "line": 123, "column": 10 },
          "end": { "line": 123, "column": null }
        },
        "type": "binary-expr",
        "locations": [
          {
            "start": { "line": 123, "column": 10 },
            "end": { "line": 123, "column": 58 }
          },
          {
            "start": { "line": 123, "column": 58 },
            "end": { "line": 123, "column": null }
          }
        ]
      },
      "11": {
        "loc": {
          "start": { "line": 134, "column": 44 },
          "end": { "line": 134, "column": null }
        },
        "type": "binary-expr",
        "locations": [
          {
            "start": { "line": 134, "column": 44 },
            "end": { "line": 134, "column": 56 }
          },
          {
            "start": { "line": 134, "column": 56 },
            "end": { "line": 134, "column": null }
          }
        ]
      },
      "12": {
        "loc": {
          "start": { "line": 150, "column": 6 },
          "end": { "line": 157, "column": null }
        },
        "type": "if",
        "locations": [
          {
            "start": { "line": 150, "column": 6 },
            "end": { "line": 157, "column": null }
          },
          { "start": {}, "end": {} }
        ]
      },
      "13": {
        "loc": {
          "start": { "line": 154, "column": 12 },
          "end": { "line": 154, "column": null }
        },
        "type": "cond-expr",
        "locations": [
          {
            "start": { "line": 154, "column": 38 },
            "end": { "line": 154, "column": 63 }
          },
          {
            "start": { "line": 154, "column": 63 },
            "end": { "line": 154, "column": null }
          }
        ]
      },
      "14": {
        "loc": {
          "start": { "line": 165, "column": 6 },
          "end": { "line": 167, "column": null }
        },
        "type": "if",
        "locations": [
          {
            "start": { "line": 165, "column": 6 },
            "end": { "line": 167, "column": null }
          },
          { "start": {}, "end": {} }
        ]
      },
      "15": {
        "loc": {
          "start": { "line": 184, "column": 44 },
          "end": { "line": 184, "column": null }
        },
        "type": "binary-expr",
        "locations": [
          {
            "start": { "line": 184, "column": 44 },
            "end": { "line": 184, "column": 56 }
          },
          {
            "start": { "line": 184, "column": 56 },
            "end": { "line": 184, "column": null }
          }
        ]
      },
      "16": {
        "loc": {
          "start": { "line": 188, "column": 6 },
          "end": { "line": 188, "column": null }
        },
        "type": "if",
        "locations": [
          {
            "start": { "line": 188, "column": 6 },
            "end": { "line": 188, "column": null }
          },
          { "start": {}, "end": {} }
        ]
      },
      "17": {
        "loc": {
          "start": { "line": 199, "column": 6 },
          "end": { "line": 204, "column": null }
        },
        "type": "if",
        "locations": [
          {
            "start": { "line": 199, "column": 6 },
            "end": { "line": 204, "column": null }
          },
          { "start": {}, "end": {} }
        ]
      },
      "18": {
        "loc": {
          "start": { "line": 210, "column": 6 },
          "end": { "line": 212, "column": null }
        },
        "type": "if",
        "locations": [
          {
            "start": { "line": 210, "column": 6 },
            "end": { "line": 212, "column": null }
          },
          { "start": {}, "end": {} }
        ]
      },
      "19": {
        "loc": {
          "start": { "line": 228, "column": 44 },
          "end": { "line": 228, "column": null }
        },
        "type": "binary-expr",
        "locations": [
          {
            "start": { "line": 228, "column": 44 },
            "end": { "line": 228, "column": 56 }
          },
          {
            "start": { "line": 228, "column": 56 },
            "end": { "line": 228, "column": null }
          }
        ]
      },
      "20": {
        "loc": {
          "start": { "line": 241, "column": 6 },
          "end": { "line": 246, "column": null }
        },
        "type": "if",
        "locations": [
          {
            "start": { "line": 241, "column": 6 },
            "end": { "line": 246, "column": null }
          },
          { "start": {}, "end": {} }
        ]
      },
      "21": {
        "loc": {
          "start": { "line": 252, "column": 6 },
          "end": { "line": 254, "column": null }
        },
        "type": "if",
        "locations": [
          {
            "start": { "line": 252, "column": 6 },
            "end": { "line": 254, "column": null }
          },
          { "start": {}, "end": {} }
        ]
      },
      "22": {
        "loc": {
          "start": { "line": 270, "column": 44 },
          "end": { "line": 270, "column": null }
        },
        "type": "binary-expr",
        "locations": [
          {
            "start": { "line": 270, "column": 44 },
            "end": { "line": 270, "column": 56 }
          },
          {
            "start": { "line": 270, "column": 56 },
            "end": { "line": 270, "column": null }
          }
        ]
      },
      "23": {
        "loc": {
          "start": { "line": 274, "column": 6 },
          "end": { "line": 274, "column": null }
        },
        "type": "if",
        "locations": [
          {
            "start": { "line": 274, "column": 6 },
            "end": { "line": 274, "column": null }
          },
          { "start": {}, "end": {} }
        ]
      },
      "24": {
        "loc": {
          "start": { "line": 292, "column": 6 },
          "end": { "line": 294, "column": null }
        },
        "type": "if",
        "locations": [
          {
            "start": { "line": 292, "column": 6 },
            "end": { "line": 294, "column": null }
          },
          { "start": {}, "end": {} }
        ]
      }
    },
    "s": {
      "0": 2,
      "1": 0,
      "2": 2,
      "3": 0,
      "4": 16,
      "5": 1,
      "6": 1,
      "7": 1,
      "8": 1,
      "9": 1,
      "10": 1,
      "11": 1,
      "12": 1,
      "13": 16,
      "14": 16,
      "15": 16,
      "16": 16,
      "17": 16,
      "18": 16,
      "19": 16,
      "20": 2,
      "21": 0,
      "22": 2,
      "23": 16,
      "24": 16,
      "25": 16,
      "26": 0,
      "27": 0,
      "28": 0,
      "29": 0,
      "30": 0,
      "31": 0,
      "32": 0,
      "33": 0,
      "34": 0,
      "35": 0,
      "36": 0,
      "37": 16,
      "38": 1,
      "39": 1,
      "40": 1,
      "41": 1,
      "42": 1,
      "43": 1,
      "44": 0,
      "45": 0,
      "46": 0,
      "47": 0,
      "48": 0,
      "49": 0,
      "50": 0,
      "51": 0,
      "52": 0,
      "53": 0,
      "54": 0,
      "55": 0,
      "56": 0,
      "57": 0,
      "58": 0,
      "59": 0,
      "60": 2,
      "61": 2,
      "62": 2,
      "63": 2,
      "64": 1,
      "65": 1,
      "66": 0,
      "67": 1,
      "68": 1,
      "69": 1,
      "70": 0,
      "71": 0,
      "72": 1,
      "73": 1,
      "74": 0,
      "75": 1,
      "76": 1,
      "77": 0,
      "78": 0,
      "79": 0,
      "80": 0,
      "81": 0,
      "82": 0,
      "83": 0,
      "84": 0,
      "85": 0,
      "86": 0,
      "87": 0,
      "88": 0,
      "89": 0,
      "90": 0,
      "91": 0,
      "92": 2,
      "93": 2,
      "94": 2,
      "95": 2,
      "96": 1,
      "97": 1,
      "98": 0,
      "99": 1,
      "100": 1,
      "101": 1,
      "102": 1,
      "103": 1,
      "104": 0,
      "105": 1,
      "106": 1
    },
    "f": {
      "0": 16,
      "1": 16,
      "2": 2,
      "3": 16,
      "4": 0,
      "5": 0,
      "6": 0,
      "7": 0,
      "8": 1,
      "9": 1,
      "10": 0,
      "11": 0,
      "12": 0,
      "13": 0,
      "14": 0,
      "15": 0,
      "16": 0,
      "17": 2,
      "18": 1,
      "19": 1,
      "20": 0,
      "21": 1,
      "22": 1,
      "23": 0,
      "24": 0,
      "25": 0,
      "26": 0,
      "27": 0,
      "28": 0,
      "29": 2,
      "30": 1,
      "31": 1,
      "32": 1,
      "33": 1
    },
    "b": {
      "0": [16, 16],
      "1": [16, 15],
      "2": [16, 13],
      "3": [0, 2],
      "4": [16, 3],
      "5": [16, 0],
      "6": [16, 0, 0],
      "7": [0, 0],
      "8": [0, 0],
      "9": [1, 1],
      "10": [1, 1],
      "11": [0, 0],
      "12": [0, 0],
      "13": [0, 0],
      "14": [0, 0],
      "15": [2, 2],
      "16": [1, 0],
      "17": [0, 1],
      "18": [0, 1],
      "19": [0, 0],
      "20": [0, 0],
      "21": [0, 0],
      "22": [2, 2],
      "23": [1, 0],
      "24": [0, 1]
    }
  },
  "/Users/hughgramelspacher/repos/ambira-main/worktrees/fix-notif-buttons/src/lib/api/notifications/index.ts": {
    "path": "/Users/hughgramelspacher/repos/ambira-main/worktrees/fix-notif-buttons/src/lib/api/notifications/index.ts",
    "statementMap": {
      "0": {
        "start": { "line": 219, "column": 13 },
        "end": { "line": 219, "column": 38 }
      },
      "1": {
        "start": { "line": 43, "column": 13 },
        "end": { "line": 43, "column": 39 }
      },
      "2": {
        "start": { "line": 25, "column": 7 },
        "end": { "line": 25, "column": null }
      },
      "3": {
        "start": { "line": 28, "column": 19 },
        "end": { "line": 28, "column": null }
      },
      "4": {
        "start": { "line": 31, "column": 43 },
        "end": { "line": 31, "column": null }
      },
      "5": {
        "start": { "line": 34, "column": 33 },
        "end": { "line": 34, "column": null }
      },
      "6": {
        "start": { "line": 43, "column": 39 },
        "end": { "line": 216, "column": null }
      },
      "7": {
        "start": { "line": 48, "column": 4 },
        "end": { "line": 69, "column": null }
      },
      "8": {
        "start": { "line": 49, "column": 31 },
        "end": { "line": 52, "column": null }
      },
      "9": {
        "start": { "line": 54, "column": 21 },
        "end": { "line": 56, "column": null }
      },
      "10": {
        "start": { "line": 59, "column": 6 },
        "end": { "line": 63, "column": null }
      },
      "11": {
        "start": { "line": 65, "column": 23 },
        "end": { "line": 67, "column": null }
      },
      "12": {
        "start": { "line": 68, "column": 6 },
        "end": { "line": 68, "column": null }
      },
      "13": {
        "start": { "line": 77, "column": 4 },
        "end": { "line": 116, "column": null }
      },
      "14": {
        "start": { "line": 78, "column": 33 },
        "end": { "line": 82, "column": null }
      },
      "15": {
        "start": { "line": 85, "column": 23 },
        "end": { "line": 85, "column": null }
      },
      "16": {
        "start": { "line": 86, "column": 44 },
        "end": { "line": 86, "column": 46 }
      },
      "17": {
        "start": { "line": 88, "column": 6 },
        "end": { "line": 108, "column": null }
      },
      "18": {
        "start": { "line": 89, "column": 21 },
        "end": { "line": 89, "column": null }
      },
      "19": {
        "start": { "line": 90, "column": 8 },
        "end": { "line": 107, "column": null }
      },
      "20": {
        "start": { "line": 110, "column": 6 },
        "end": { "line": 110, "column": null }
      },
      "21": {
        "start": { "line": 112, "column": 23 },
        "end": { "line": 114, "column": null }
      },
      "22": {
        "start": { "line": 115, "column": 6 },
        "end": { "line": 115, "column": null }
      },
      "23": {
        "start": { "line": 121, "column": 4 },
        "end": { "line": 131, "column": null }
      },
      "24": {
        "start": { "line": 122, "column": 6 },
        "end": { "line": 125, "column": null }
      },
      "25": {
        "start": { "line": 127, "column": 23 },
        "end": { "line": 129, "column": null }
      },
      "26": {
        "start": { "line": 130, "column": 6 },
        "end": { "line": 130, "column": null }
      },
      "27": {
        "start": { "line": 136, "column": 4 },
        "end": { "line": 159, "column": null }
      },
      "28": {
        "start": { "line": 137, "column": 33 },
        "end": { "line": 140, "column": null }
      },
      "29": {
        "start": { "line": 143, "column": 23 },
        "end": { "line": 143, "column": null }
      },
      "30": {
        "start": { "line": 144, "column": 20 },
        "end": { "line": 144, "column": null }
      },
      "31": {
        "start": { "line": 146, "column": 6 },
        "end": { "line": 151, "column": null }
      },
      "32": {
        "start": { "line": 147, "column": 8 },
        "end": { "line": 150, "column": null }
      },
      "33": {
        "start": { "line": 153, "column": 6 },
        "end": { "line": 153, "column": null }
      },
      "34": {
        "start": { "line": 155, "column": 23 },
        "end": { "line": 157, "column": null }
      },
      "35": {
        "start": { "line": 158, "column": 6 },
        "end": { "line": 158, "column": null }
      },
      "36": {
        "start": { "line": 164, "column": 4 },
        "end": { "line": 171, "column": null }
      },
      "37": {
        "start": { "line": 165, "column": 6 },
        "end": { "line": 165, "column": null }
      },
      "38": {
        "start": { "line": 167, "column": 23 },
        "end": { "line": 169, "column": null }
      },
      "39": {
        "start": { "line": 170, "column": 6 },
        "end": { "line": 170, "column": null }
      },
      "40": {
        "start": { "line": 176, "column": 4 },
        "end": { "line": 195, "column": null }
      },
      "41": {
        "start": { "line": 177, "column": 33 },
        "end": { "line": 179, "column": null }
      },
      "42": {
        "start": { "line": 182, "column": 23 },
        "end": { "line": 182, "column": null }
      },
      "43": {
        "start": { "line": 183, "column": 20 },
        "end": { "line": 183, "column": null }
      },
      "44": {
        "start": { "line": 185, "column": 6 },
        "end": { "line": 187, "column": null }
      },
      "45": {
        "start": { "line": 186, "column": 8 },
        "end": { "line": 186, "column": null }
      },
      "46": {
        "start": { "line": 189, "column": 6 },
        "end": { "line": 189, "column": null }
      },
      "47": {
        "start": { "line": 191, "column": 23 },
        "end": { "line": 193, "column": null }
      },
      "48": {
        "start": { "line": 194, "column": 6 },
        "end": { "line": 194, "column": null }
      },
      "49": {
        "start": { "line": 200, "column": 4 },
        "end": { "line": 214, "column": null }
      },
      "50": {
        "start": { "line": 201, "column": 33 },
        "end": { "line": 204, "column": null }
      },
      "51": {
        "start": { "line": 207, "column": 23 },
        "end": { "line": 207, "column": null }
      },
      "52": {
        "start": { "line": 208, "column": 6 },
        "end": { "line": 208, "column": null }
      },
      "53": {
        "start": { "line": 210, "column": 23 },
        "end": { "line": 212, "column": null }
      },
      "54": {
        "start": { "line": 213, "column": 6 },
        "end": { "line": 213, "column": null }
      },
      "55": {
        "start": { "line": 219, "column": 38 },
        "end": { "line": 433, "column": null }
      },
      "56": {
        "start": { "line": 226, "column": 4 },
        "end": { "line": 241, "column": null }
      },
      "57": {
        "start": { "line": 227, "column": 67 },
        "end": { "line": 234, "column": null }
      },
      "58": {
        "start": { "line": 236, "column": 6 },
        "end": { "line": 236, "column": null }
      },
      "59": {
        "start": { "line": 238, "column": 6 },
        "end": { "line": 240, "column": null }
      },
      "60": {
        "start": { "line": 251, "column": 4 },
        "end": { "line": 285, "column": null }
      },
      "61": {
        "start": { "line": 253, "column": 32 },
        "end": { "line": 255, "column": null }
      },
      "62": {
        "start": { "line": 258, "column": 35 },
        "end": { "line": 258, "column": null }
      },
      "63": {
        "start": { "line": 259, "column": 20 },
        "end": { "line": 259, "column": null }
      },
      "64": {
        "start": { "line": 261, "column": 6 },
        "end": { "line": 278, "column": null }
      },
      "65": {
        "start": { "line": 262, "column": 32 },
        "end": { "line": 262, "column": null }
      },
      "66": {
        "start": { "line": 265, "column": 8 },
        "end": { "line": 277, "column": null }
      },
      "67": {
        "start": { "line": 266, "column": 34 },
        "end": { "line": 266, "column": null }
      },
      "68": {
        "start": { "line": 267, "column": 10 },
        "end": { "line": 276, "column": null }
      },
      "69": {
        "start": { "line": 280, "column": 6 },
        "end": { "line": 280, "column": null }
      },
      "70": {
        "start": { "line": 282, "column": 6 },
        "end": { "line": 284, "column": null }
      },
      "71": {
        "start": { "line": 294, "column": 4 },
        "end": { "line": 324, "column": null }
      },
      "72": {
        "start": { "line": 296, "column": 32 },
        "end": { "line": 298, "column": null }
      },
      "73": {
        "start": { "line": 301, "column": 35 },
        "end": { "line": 301, "column": null }
      },
      "74": {
        "start": { "line": 302, "column": 20 },
        "end": { "line": 302, "column": null }
      },
      "75": {
        "start": { "line": 304, "column": 6 },
        "end": { "line": 317, "column": null }
      },
      "76": {
        "start": { "line": 305, "column": 32 },
        "end": { "line": 305, "column": null }
      },
      "77": {
        "start": { "line": 307, "column": 32 },
        "end": { "line": 307, "column": null }
      },
      "78": {
        "start": { "line": 308, "column": 8 },
        "end": { "line": 316, "column": null }
      },
      "79": {
        "start": { "line": 319, "column": 6 },
        "end": { "line": 319, "column": null }
      },
      "80": {
        "start": { "line": 321, "column": 6 },
        "end": { "line": 323, "column": null }
      },
      "81": {
        "start": { "line": 335, "column": 4 },
        "end": { "line": 367, "column": null }
      },
      "82": {
        "start": { "line": 337, "column": 23 },
        "end": { "line": 337, "column": null }
      },
      "83": {
        "start": { "line": 338, "column": 6 },
        "end": { "line": 338, "column": null }
      },
      "84": {
        "start": { "line": 338, "column": 30 },
        "end": { "line": 338, "column": null }
      },
      "85": {
        "start": { "line": 340, "column": 24 },
        "end": { "line": 340, "column": null }
      },
      "86": {
        "start": { "line": 341, "column": 24 },
        "end": { "line": 341, "column": 53 }
      },
      "87": {
        "start": { "line": 342, "column": 20 },
        "end": { "line": 342, "column": null }
      },
      "88": {
        "start": { "line": 344, "column": 6 },
        "end": { "line": 360, "column": null }
      },
      "89": {
        "start": { "line": 346, "column": 8 },
        "end": { "line": 359, "column": null }
      },
      "90": {
        "start": { "line": 347, "column": 34 },
        "end": { "line": 347, "column": null }
      },
      "91": {
        "start": { "line": 348, "column": 10 },
        "end": { "line": 358, "column": null }
      },
      "92": {
        "start": { "line": 362, "column": 6 },
        "end": { "line": 362, "column": null }
      },
      "93": {
        "start": { "line": 364, "column": 6 },
        "end": { "line": 366, "column": null }
      },
      "94": {
        "start": { "line": 378, "column": 4 },
        "end": { "line": 396, "column": null }
      },
      "95": {
        "start": { "line": 380, "column": 6 },
        "end": { "line": 391, "column": null }
      },
      "96": {
        "start": { "line": 381, "column": 69 },
        "end": { "line": 388, "column": null }
      },
      "97": {
        "start": { "line": 390, "column": 8 },
        "end": { "line": 390, "column": null }
      },
      "98": {
        "start": { "line": 393, "column": 6 },
        "end": { "line": 395, "column": null }
      },
      "99": {
        "start": { "line": 407, "column": 4 },
        "end": { "line": 431, "column": null }
      },
      "100": {
        "start": { "line": 408, "column": 25 },
        "end": { "line": 408, "column": null }
      },
      "101": {
        "start": { "line": 409, "column": 25 },
        "end": { "line": 409, "column": null }
      },
      "102": {
        "start": { "line": 411, "column": 6 },
        "end": { "line": 426, "column": null }
      },
      "103": {
        "start": { "line": 412, "column": 8 },
        "end": { "line": 425, "column": null }
      },
      "104": {
        "start": { "line": 414, "column": 71 },
        "end": { "line": 421, "column": null }
      },
      "105": {
        "start": { "line": 423, "column": 10 },
        "end": { "line": 423, "column": null }
      },
      "106": {
        "start": { "line": 424, "column": 10 },
        "end": { "line": 424, "column": 17 }
      },
      "107": {
        "start": { "line": 428, "column": 6 },
        "end": { "line": 430, "column": null }
      }
    },
    "fnMap": {
      "0": {
        "name": "(anonymous_3)",
        "decl": {
          "start": { "line": 45, "column": 22 },
          "end": { "line": 45, "column": null }
        },
        "loc": {
          "start": { "line": 46, "column": 4 },
          "end": { "line": 70, "column": null }
        }
      },
      "1": {
        "name": "(anonymous_4)",
        "decl": {
          "start": { "line": 73, "column": 24 },
          "end": { "line": 73, "column": null }
        },
        "loc": {
          "start": { "line": 75, "column": 27 },
          "end": { "line": 117, "column": null }
        }
      },
      "2": {
        "name": "(anonymous_5)",
        "decl": {
          "start": { "line": 88, "column": 23 },
          "end": { "line": 88, "column": null }
        },
        "loc": {
          "start": { "line": 88, "column": 23 },
          "end": { "line": 108, "column": null }
        }
      },
      "3": {
        "name": "(anonymous_6)",
        "decl": {
          "start": { "line": 120, "column": 14 },
          "end": { "line": 120, "column": 21 }
        },
        "loc": {
          "start": { "line": 120, "column": 21 },
          "end": { "line": 132, "column": null }
        }
      },
      "4": {
        "name": "(anonymous_7)",
        "decl": {
          "start": { "line": 135, "column": 17 },
          "end": { "line": 135, "column": 24 }
        },
        "loc": {
          "start": { "line": 135, "column": 24 },
          "end": { "line": 160, "column": null }
        }
      },
      "5": {
        "name": "(anonymous_8)",
        "decl": {
          "start": { "line": 146, "column": 23 },
          "end": { "line": 146, "column": null }
        },
        "loc": {
          "start": { "line": 146, "column": 23 },
          "end": { "line": 151, "column": null }
        }
      },
      "6": {
        "name": "(anonymous_9)",
        "decl": {
          "start": { "line": 163, "column": 22 },
          "end": { "line": 163, "column": 29 }
        },
        "loc": {
          "start": { "line": 163, "column": 29 },
          "end": { "line": 172, "column": null }
        }
      },
      "7": {
        "name": "(anonymous_10)",
        "decl": {
          "start": { "line": 175, "column": 25 },
          "end": { "line": 175, "column": 32 }
        },
        "loc": {
          "start": { "line": 175, "column": 32 },
          "end": { "line": 196, "column": null }
        }
      },
      "8": {
        "name": "(anonymous_11)",
        "decl": {
          "start": { "line": 185, "column": 23 },
          "end": { "line": 185, "column": null }
        },
        "loc": {
          "start": { "line": 185, "column": 23 },
          "end": { "line": 187, "column": null }
        }
      },
      "9": {
        "name": "(anonymous_12)",
        "decl": {
          "start": { "line": 199, "column": 18 },
          "end": { "line": 199, "column": 25 }
        },
        "loc": {
          "start": { "line": 199, "column": 25 },
          "end": { "line": 215, "column": null }
        }
      },
      "10": {
        "name": "(anonymous_13)",
        "decl": {
          "start": { "line": 221, "column": 20 },
          "end": { "line": 221, "column": null }
        },
        "loc": {
          "start": { "line": 224, "column": 4 },
          "end": { "line": 242, "column": null }
        }
      },
      "11": {
        "name": "(anonymous_14)",
        "decl": {
          "start": { "line": 245, "column": 27 },
          "end": { "line": 245, "column": null }
        },
        "loc": {
          "start": { "line": 249, "column": 4 },
          "end": { "line": 286, "column": null }
        }
      },
      "12": {
        "name": "(anonymous_15)",
        "decl": {
          "start": { "line": 261, "column": 35 },
          "end": { "line": 261, "column": null }
        },
        "loc": {
          "start": { "line": 261, "column": 35 },
          "end": { "line": 278, "column": null }
        }
      },
      "13": {
        "name": "(anonymous_16)",
        "decl": {
          "start": { "line": 289, "column": 20 },
          "end": { "line": 289, "column": null }
        },
        "loc": {
          "start": { "line": 292, "column": 4 },
          "end": { "line": 325, "column": null }
        }
      },
      "14": {
        "name": "(anonymous_17)",
        "decl": {
          "start": { "line": 304, "column": 35 },
          "end": { "line": 304, "column": null }
        },
        "loc": {
          "start": { "line": 304, "column": 35 },
          "end": { "line": 317, "column": null }
        }
      },
      "15": {
        "name": "(anonymous_18)",
        "decl": {
          "start": { "line": 328, "column": 22 },
          "end": { "line": 328, "column": null }
        },
        "loc": {
          "start": { "line": 333, "column": 4 },
          "end": { "line": 368, "column": null }
        }
      },
      "16": {
        "name": "(anonymous_19)",
        "decl": {
          "start": { "line": 344, "column": 24 },
          "end": { "line": 344, "column": 25 }
        },
        "loc": {
          "start": { "line": 344, "column": 25 },
          "end": { "line": 360, "column": null }
        }
      },
      "17": {
        "name": "(anonymous_20)",
        "decl": {
          "start": { "line": 371, "column": 20 },
          "end": { "line": 371, "column": null }
        },
        "loc": {
          "start": { "line": 376, "column": 4 },
          "end": { "line": 397, "column": null }
        }
      },
      "18": {
        "name": "(anonymous_21)",
        "decl": {
          "start": { "line": 400, "column": 19 },
          "end": { "line": 400, "column": null }
        },
        "loc": {
          "start": { "line": 405, "column": 4 },
          "end": { "line": 432, "column": null }
        }
      }
    },
    "branchMap": {
      "0": {
        "loc": {
          "start": { "line": 75, "column": 4 },
          "end": { "line": 75, "column": 27 }
        },
        "type": "default-arg",
        "locations": [
          {
            "start": { "line": 75, "column": 25 },
            "end": { "line": 75, "column": 27 }
          }
        ]
      },
      "1": {
        "loc": {
          "start": { "line": 82, "column": 16 },
          "end": { "line": 82, "column": null }
        },
        "type": "cond-expr",
        "locations": [
          {
            "start": { "line": 82, "column": 33 },
            "end": { "line": 82, "column": 46 }
          },
          {
            "start": { "line": 82, "column": 46 },
            "end": { "line": 82, "column": null }
          }
        ]
      },
      "2": {
        "loc": {
          "start": { "line": 97, "column": 18 },
          "end": { "line": 97, "column": null }
        },
        "type": "binary-expr",
        "locations": [
          {
            "start": { "line": 97, "column": 18 },
            "end": { "line": 97, "column": 29 }
          },
          {
            "start": { "line": 97, "column": 33 },
            "end": { "line": 97, "column": null }
          }
        ]
      },
      "3": {
        "loc": {
          "start": { "line": 265, "column": 8 },
          "end": { "line": 277, "column": null }
        },
        "type": "if",
        "locations": [
          {
            "start": { "line": 265, "column": 8 },
            "end": { "line": 277, "column": null }
          },
          { "start": {}, "end": {} }
        ]
      },
      "4": {
        "loc": {
          "start": { "line": 312, "column": 83 },
          "end": { "line": 312, "column": 114 }
        },
        "type": "cond-expr",
        "locations": [
          {
            "start": { "line": 312, "column": 105 },
            "end": { "line": 312, "column": 111 }
          },
          {
            "start": { "line": 312, "column": 111 },
            "end": { "line": 312, "column": 114 }
          }
        ]
      },
      "5": {
        "loc": {
          "start": { "line": 338, "column": 6 },
          "end": { "line": 338, "column": null }
        },
        "type": "if",
        "locations": [
          {
            "start": { "line": 338, "column": 6 },
            "end": { "line": 338, "column": null }
          },
          { "start": {}, "end": {} }
        ]
      },
      "6": {
        "loc": {
          "start": { "line": 341, "column": 24 },
          "end": { "line": 341, "column": 53 }
        },
        "type": "binary-expr",
        "locations": [
          {
            "start": { "line": 341, "column": 24 },
            "end": { "line": 341, "column": 47 }
          },
          {
            "start": { "line": 341, "column": 51 },
            "end": { "line": 341, "column": 53 }
          }
        ]
      },
      "7": {
        "loc": {
          "start": { "line": 346, "column": 8 },
          "end": { "line": 359, "column": null }
        },
        "type": "if",
        "locations": [
          {
            "start": { "line": 346, "column": 8 },
            "end": { "line": 359, "column": null }
          },
          { "start": {}, "end": {} }
        ]
      },
      "8": {
        "loc": {
          "start": { "line": 380, "column": 6 },
          "end": { "line": 391, "column": null }
        },
        "type": "if",
        "locations": [
          {
            "start": { "line": 380, "column": 6 },
            "end": { "line": 391, "column": null }
          },
          { "start": {}, "end": {} }
        ]
      },
      "9": {
        "loc": {
          "start": { "line": 412, "column": 8 },
          "end": { "line": 425, "column": null }
        },
        "type": "if",
        "locations": [
          {
            "start": { "line": 412, "column": 8 },
            "end": { "line": 425, "column": null }
          },
          { "start": {}, "end": {} }
        ]
      },
      "10": {
        "loc": {
          "start": { "line": 412, "column": 12 },
          "end": { "line": 412, "column": 67 }
        },
        "type": "binary-expr",
        "locations": [
          {
            "start": { "line": 412, "column": 12 },
            "end": { "line": 412, "column": 39 }
          },
          {
            "start": { "line": 412, "column": 39 },
            "end": { "line": 412, "column": 67 }
          }
        ]
      }
    },
    "s": {
      "0": 20,
      "1": 41,
      "2": 11,
      "3": 11,
      "4": 11,
      "5": 11,
      "6": 11,
      "7": 2,
      "8": 2,
      "9": 2,
      "10": 1,
      "11": 1,
      "12": 1,
      "13": 4,
      "14": 4,
      "15": 4,
      "16": 3,
      "17": 3,
      "18": 8,
      "19": 8,
      "20": 3,
      "21": 1,
      "22": 1,
      "23": 2,
      "24": 2,
      "25": 1,
      "26": 1,
      "27": 4,
      "28": 4,
      "29": 4,
      "30": 4,
      "31": 4,
      "32": 5,
      "33": 4,
      "34": 0,
      "35": 0,
      "36": 2,
      "37": 2,
      "38": 0,
      "39": 0,
      "40": 4,
      "41": 4,
      "42": 4,
      "43": 4,
      "44": 4,
      "45": 9,
      "46": 4,
      "47": 0,
      "48": 0,
      "49": 3,
      "50": 3,
      "51": 3,
      "52": 3,
      "53": 0,
      "54": 0,
      "55": 11,
      "56": 0,
      "57": 0,
      "58": 0,
      "59": 0,
      "60": 0,
      "61": 0,
      "62": 0,
      "63": 0,
      "64": 0,
      "65": 0,
      "66": 0,
      "67": 0,
      "68": 0,
      "69": 0,
      "70": 0,
      "71": 0,
      "72": 0,
      "73": 0,
      "74": 0,
      "75": 0,
      "76": 0,
      "77": 0,
      "78": 0,
      "79": 0,
      "80": 0,
      "81": 0,
      "82": 0,
      "83": 0,
      "84": 0,
      "85": 0,
      "86": 0,
      "87": 0,
      "88": 0,
      "89": 0,
      "90": 0,
      "91": 0,
      "92": 0,
      "93": 0,
      "94": 0,
      "95": 0,
      "96": 0,
      "97": 0,
      "98": 0,
      "99": 0,
      "100": 0,
      "101": 0,
      "102": 0,
      "103": 0,
      "104": 0,
      "105": 0,
      "106": 0,
      "107": 0
    },
    "f": {
      "0": 2,
      "1": 4,
      "2": 8,
      "3": 2,
      "4": 4,
      "5": 5,
      "6": 2,
      "7": 4,
      "8": 9,
      "9": 3,
      "10": 0,
      "11": 0,
      "12": 0,
      "13": 0,
      "14": 0,
      "15": 0,
      "16": 0,
      "17": 0,
      "18": 0
    },
    "b": {
      "0": [3],
      "1": [4, 0],
      "2": [8, 8],
      "3": [0, 0],
      "4": [0, 0],
      "5": [0, 0],
      "6": [0, 0],
      "7": [0, 0],
      "8": [0, 0],
      "9": [0, 0],
      "10": [0, 0]
    }
  }
}
