TN:
SF:src/app/notifications/page.tsx
FN:33,SwipeableNotificationItem
FN:52,(anonymous_6)
FN:60,(anonymous_7)
FN:71,(anonymous_8)
FN:89,(anonymous_9)
FN:91,(anonymous_10)
FN:96,(anonymous_11)
FN:102,(anonymous_12)
FN:212,NotificationsPage
FN:224,(anonymous_14)
FN:236,(anonymous_15)
FN:240,(anonymous_16)
FN:244,(anonymous_17)
FN:269,(anonymous_18)
FN:330,(anonymous_19)
FN:389,(anonymous_20)
FNF:16
FNH:0
FNDA:0,SwipeableNotificationItem
FNDA:0,(anonymous_6)
FNDA:0,(anonymous_7)
FNDA:0,(anonymous_8)
FNDA:0,(anonymous_9)
FNDA:0,(anonymous_10)
FNDA:0,(anonymous_11)
FNDA:0,(anonymous_12)
FNDA:0,NotificationsPage
FNDA:0,(anonymous_14)
FNDA:0,(anonymous_15)
FNDA:0,(anonymous_16)
FNDA:0,(anonymous_17)
FNDA:0,(anonymous_18)
FNDA:0,(anonymous_19)
FNDA:0,(anonymous_20)
DA:3,0
DA:15,0
DA:16,0
DA:17,0
DA:18,0
DA:26,0
DA:27,0
DA:28,0
DA:30,0
DA:44,0
DA:45,0
DA:46,0
DA:47,0
DA:49,0
DA:50,0
DA:52,0
DA:53,0
DA:54,0
DA:55,0
DA:56,0
DA:60,0
DA:61,0
DA:62,0
DA:64,0
DA:65,0
DA:66,0
DA:67,0
DA:71,0
DA:72,0
DA:74,0
DA:75,0
DA:77,0
DA:79,0
DA:80,0
DA:82,0
DA:85,0
DA:89,0
DA:90,0
DA:91,0
DA:92,0
DA:96,0
DA:97,0
DA:98,0
DA:102,0
DA:103,0
DA:105,0
DA:212,0
DA:213,0
DA:214,0
DA:215,0
DA:218,0
DA:219,0
DA:220,0
DA:221,0
DA:222,0
DA:224,0
DA:226,0
DA:227,0
DA:231,0
DA:232,0
DA:236,0
DA:237,0
DA:240,0
DA:241,0
DA:244,0
DA:245,0
DA:248,0
DA:269,0
DA:331,0
DA:390,0
LF:70
LH:0
BRDA:55,0,0,0
BRDA:55,0,1,0
BRDA:62,1,0,0
BRDA:62,1,1,0
BRDA:66,2,0,0
BRDA:66,2,1,0
BRDA:72,3,0,0
BRDA:72,3,1,0
BRDA:72,4,0,0
BRDA:72,4,1,0
BRDA:77,5,0,0
BRDA:77,5,1,0
BRDA:77,6,0,0
BRDA:77,6,1,0
BRDA:80,7,0,0
BRDA:80,7,1,0
BRDA:80,8,0,0
BRDA:80,8,1,0
BRDA:97,9,0,0
BRDA:97,9,1,0
BRDA:97,10,0,0
BRDA:97,10,1,0
BRDA:132,11,0,0
BRDA:132,11,1,0
BRDA:134,12,0,0
BRDA:134,12,1,0
BRDA:155,13,0,0
BRDA:155,13,1,0
BRDA:156,14,0,0
BRDA:156,14,1,0
BRDA:159,15,0,0
BRDA:159,15,1,0
BRDA:161,16,0,0
BRDA:161,16,1,0
BRDA:161,17,0,0
BRDA:161,17,1,0
BRDA:170,18,0,0
BRDA:172,19,0,0
BRDA:172,19,1,0
BRDA:189,20,0,0
BRDA:189,20,1,0
BRDA:196,21,0,0
BRDA:215,22,0,0
BRDA:226,23,0,0
BRDA:226,23,1,0
BRDA:231,24,0,0
BRDA:231,24,1,0
BRDA:248,25,0,0
BRDA:248,25,1,0
BRDA:290,26,0,0
BRDA:290,26,1,0
BRDA:291,27,0,0
BRDA:291,27,1,0
BRDA:295,28,0,0
BRDA:297,29,0,0
BRDA:322,30,0,0
BRDA:322,30,1,0
BRDA:345,31,0,0
BRDA:348,32,0,0
BRDA:348,32,1,0
BRDA:351,33,0,0
BRDA:376,34,0,0
BRF:62
BRH:0
end_of_record
TN:
SF:src/hooks/useNotifications.ts
FN:28,useNotifications
FN:39,(anonymous_8)
FN:46,(anonymous_9)
FN:57,(anonymous_10)
FN:69,(anonymous_11)
FN:72,(anonymous_12)
FN:99,(anonymous_13)
FN:104,(anonymous_14)
FN:114,useUnreadCount
FN:123,(anonymous_16)
FN:123,(anonymous_17)
FN:131,useMarkNotificationRead
FN:137,(anonymous_19)
FN:141,(anonymous_20)
FN:153,(anonymous_21)
FN:164,(anonymous_22)
FN:172,(anonymous_23)
FN:181,useMarkAllNotificationsRead
FN:187,(anonymous_25)
FN:193,(anonymous_26)
FN:202,(anonymous_27)
FN:209,(anonymous_28)
FN:216,(anonymous_29)
FN:225,useDeleteNotification
FN:231,(anonymous_31)
FN:235,(anonymous_32)
FN:244,(anonymous_33)
FN:251,(anonymous_34)
FN:258,(anonymous_35)
FN:267,useClearAllNotifications
FN:273,(anonymous_37)
FN:279,(anonymous_38)
FN:291,(anonymous_39)
FN:298,(anonymous_40)
FNF:34
FNH:16
FNDA:16,useNotifications
FNDA:16,(anonymous_8)
FNDA:2,(anonymous_9)
FNDA:16,(anonymous_10)
FNDA:0,(anonymous_11)
FNDA:0,(anonymous_12)
FNDA:0,(anonymous_13)
FNDA:0,(anonymous_14)
FNDA:1,useUnreadCount
FNDA:1,(anonymous_16)
FNDA:0,(anonymous_17)
FNDA:0,useMarkNotificationRead
FNDA:0,(anonymous_19)
FNDA:0,(anonymous_20)
FNDA:0,(anonymous_21)
FNDA:0,(anonymous_22)
FNDA:0,(anonymous_23)
FNDA:2,useMarkAllNotificationsRead
FNDA:1,(anonymous_25)
FNDA:1,(anonymous_26)
FNDA:0,(anonymous_27)
FNDA:1,(anonymous_28)
FNDA:1,(anonymous_29)
FNDA:0,useDeleteNotification
FNDA:0,(anonymous_31)
FNDA:0,(anonymous_32)
FNDA:0,(anonymous_33)
FNDA:0,(anonymous_34)
FNDA:0,(anonymous_35)
FNDA:2,useClearAllNotifications
FNDA:1,(anonymous_37)
FNDA:1,(anonymous_38)
FNDA:1,(anonymous_39)
FNDA:1,(anonymous_40)
DA:6,1
DA:7,1
DA:9,1
DA:17,1
DA:18,1
DA:19,1
DA:20,1
DA:28,16
DA:33,16
DA:34,16
DA:35,16
DA:36,16
DA:38,16
DA:39,16
DA:44,16
DA:47,2
DA:48,2
DA:57,16
DA:58,16
DA:60,0
DA:67,0
DA:70,0
DA:72,0
DA:73,0
DA:74,0
DA:93,0
DA:97,0
DA:100,0
DA:104,0
DA:107,16
DA:114,1
DA:115,1
DA:116,1
DA:117,1
DA:120,1
DA:122,1
DA:123,1
DA:131,0
DA:132,0
DA:133,0
DA:134,0
DA:136,0
DA:138,0
DA:143,0
DA:147,0
DA:150,0
DA:151,0
DA:154,0
DA:160,0
DA:165,0
DA:166,0
DA:168,0
DA:173,0
DA:181,2
DA:182,2
DA:183,2
DA:184,2
DA:186,2
DA:188,1
DA:189,0
DA:194,1
DA:197,1
DA:199,1
DA:200,0
DA:202,0
DA:206,1
DA:210,1
DA:211,0
DA:213,1
DA:217,1
DA:225,0
DA:226,0
DA:227,0
DA:228,0
DA:230,0
DA:232,0
DA:236,0
DA:239,0
DA:241,0
DA:242,0
DA:244,0
DA:248,0
DA:252,0
DA:253,0
DA:255,0
DA:259,0
DA:267,2
DA:268,2
DA:269,2
DA:270,2
DA:272,2
DA:274,1
DA:275,0
DA:280,1
DA:283,1
DA:286,1
DA:288,1
DA:292,1
DA:293,0
DA:295,1
DA:299,1
LF:101
LH:53
BRDA:35,0,0,16
BRDA:35,0,1,16
BRDA:36,1,0,16
BRDA:36,1,1,15
BRDA:39,2,0,16
BRDA:39,2,1,13
BRDA:47,3,0,0
BRDA:47,3,1,2
BRDA:50,4,0,16
BRDA:50,4,1,3
BRDA:58,5,0,16
BRDA:58,5,1,0
BRDA:58,6,0,16
BRDA:58,6,1,0
BRDA:58,6,2,0
BRDA:81,7,0,0
BRDA:81,7,1,0
BRDA:82,8,0,0
BRDA:82,8,1,0
BRDA:116,9,0,1
BRDA:116,9,1,1
BRDA:123,10,0,1
BRDA:123,10,1,1
BRDA:134,11,0,0
BRDA:134,11,1,0
BRDA:150,12,0,0
BRDA:150,12,1,0
BRDA:154,13,0,0
BRDA:154,13,1,0
BRDA:165,14,0,0
BRDA:165,14,1,0
BRDA:184,15,0,2
BRDA:184,15,1,2
BRDA:188,16,0,1
BRDA:188,16,1,0
BRDA:199,17,0,0
BRDA:199,17,1,1
BRDA:210,18,0,0
BRDA:210,18,1,1
BRDA:228,19,0,0
BRDA:228,19,1,0
BRDA:241,20,0,0
BRDA:241,20,1,0
BRDA:252,21,0,0
BRDA:252,21,1,0
BRDA:270,22,0,2
BRDA:270,22,1,2
BRDA:274,23,0,1
BRDA:274,23,1,0
BRDA:292,24,0,0
BRDA:292,24,1,1
BRF:51
BRH:24
end_of_record
TN:
SF:src/lib/api/notifications/index.ts
FN:45,(anonymous_3)
FN:73,(anonymous_4)
FN:88,(anonymous_5)
FN:120,(anonymous_6)
FN:135,(anonymous_7)
FN:146,(anonymous_8)
FN:163,(anonymous_9)
FN:175,(anonymous_10)
FN:185,(anonymous_11)
FN:199,(anonymous_12)
FN:221,(anonymous_13)
FN:245,(anonymous_14)
FN:261,(anonymous_15)
FN:289,(anonymous_16)
FN:304,(anonymous_17)
FN:328,(anonymous_18)
FN:344,(anonymous_19)
FN:371,(anonymous_20)
FN:400,(anonymous_21)
FNF:19
FNH:10
FNDA:2,(anonymous_3)
FNDA:4,(anonymous_4)
FNDA:8,(anonymous_5)
FNDA:2,(anonymous_6)
FNDA:4,(anonymous_7)
FNDA:5,(anonymous_8)
FNDA:2,(anonymous_9)
FNDA:4,(anonymous_10)
FNDA:9,(anonymous_11)
FNDA:3,(anonymous_12)
FNDA:0,(anonymous_13)
FNDA:0,(anonymous_14)
FNDA:0,(anonymous_15)
FNDA:0,(anonymous_16)
FNDA:0,(anonymous_17)
FNDA:0,(anonymous_18)
FNDA:0,(anonymous_19)
FNDA:0,(anonymous_20)
FNDA:0,(anonymous_21)
DA:25,11
DA:28,11
DA:31,11
DA:34,11
DA:43,41
DA:48,2
DA:49,2
DA:54,2
DA:59,1
DA:65,1
DA:68,1
DA:77,4
DA:78,4
DA:85,4
DA:86,3
DA:88,3
DA:89,8
DA:90,8
DA:110,3
DA:112,1
DA:115,1
DA:121,2
DA:122,2
DA:127,1
DA:130,1
DA:136,4
DA:137,4
DA:143,4
DA:144,4
DA:146,4
DA:147,5
DA:153,4
DA:155,0
DA:158,0
DA:164,2
DA:165,2
DA:167,0
DA:170,0
DA:176,4
DA:177,4
DA:182,4
DA:183,4
DA:185,4
DA:186,9
DA:189,4
DA:191,0
DA:194,0
DA:200,3
DA:201,3
DA:207,3
DA:208,3
DA:210,0
DA:213,0
DA:219,20
DA:226,0
DA:227,0
DA:236,0
DA:238,0
DA:251,0
DA:253,0
DA:258,0
DA:259,0
DA:261,0
DA:262,0
DA:265,0
DA:266,0
DA:267,0
DA:280,0
DA:282,0
DA:294,0
DA:296,0
DA:301,0
DA:302,0
DA:304,0
DA:305,0
DA:307,0
DA:308,0
DA:319,0
DA:321,0
DA:335,0
DA:337,0
DA:338,0
DA:340,0
DA:341,0
DA:342,0
DA:344,0
DA:346,0
DA:347,0
DA:348,0
DA:362,0
DA:364,0
DA:378,0
DA:380,0
DA:381,0
DA:390,0
DA:393,0
DA:407,0
DA:408,0
DA:409,0
DA:411,0
DA:412,0
DA:414,0
DA:423,0
DA:424,0
DA:428,0
LF:105
LH:46
BRDA:75,0,0,3
BRDA:82,1,0,4
BRDA:82,1,1,0
BRDA:97,2,0,8
BRDA:97,2,1,8
BRDA:265,3,0,0
BRDA:265,3,1,0
BRDA:312,4,0,0
BRDA:312,4,1,0
BRDA:338,5,0,0
BRDA:338,5,1,0
BRDA:341,6,0,0
BRDA:341,6,1,0
BRDA:346,7,0,0
BRDA:346,7,1,0
BRDA:380,8,0,0
BRDA:380,8,1,0
BRDA:412,9,0,0
BRDA:412,9,1,0
BRDA:412,10,0,0
BRDA:412,10,1,0
BRF:21
BRH:4
end_of_record
