TN:
SF:src/instrumentation-client.ts
FNF:0
FNH:0
DA:5,0
DA:7,0
DA:30,0
LF:3
LH:0
BRF:0
BRH:0
end_of_record
TN:
SF:src/instrumentation.ts
FN:3,register
FN:5,(anonymous_7)
FN:9,(anonymous_8)
FNF:3
FNH:0
FNDA:0,register
FNDA:0,(anonymous_7)
FNDA:0,(anonymous_8)
DA:1,0
DA:3,0
DA:4,0
DA:5,0
DA:8,0
DA:9,0
DA:13,0
LF:7
LH:0
BRDA:4,0,0,0
BRDA:4,0,1,0
BRDA:8,1,0,0
BRDA:8,1,1,0
BRF:4
BRH:0
end_of_record
TN:
SF:src/components/AchievementCard.tsx
FN:13,(anonymous_2)
FN:79,(anonymous_3)
FNF:2
FNH:0
FNDA:0,(anonymous_2)
FNDA:0,(anonymous_3)
DA:3,0
DA:4,0
DA:13,0
DA:18,0
DA:19,0
DA:21,0
DA:79,0
LF:7
LH:0
BRDA:18,0,0,0
BRDA:18,0,1,0
BRDA:19,1,0,0
BRDA:19,1,1,0
BRDA:21,2,0,0
BRDA:21,2,1,0
BRDA:26,3,0,0
BRDA:26,3,1,0
BRDA:32,4,0,0
BRDA:42,5,0,0
BRDA:42,5,1,0
BRDA:54,6,0,0
BRDA:54,6,1,0
BRDA:72,7,0,0
BRDA:72,7,1,0
BRDA:77,8,0,0
BRDA:77,8,1,0
BRF:17
BRH:0
end_of_record
TN:
SF:src/components/AchievementUnlock.tsx
FN:13,(anonymous_4)
FN:20,(anonymous_5)
FN:22,(anonymous_6)
FN:25,(anonymous_7)
FN:30,(anonymous_8)
FNF:5
FNH:0
FNDA:0,(anonymous_4)
FNDA:0,(anonymous_5)
FNDA:0,(anonymous_6)
FNDA:0,(anonymous_7)
FNDA:0,(anonymous_8)
DA:3,0
DA:4,0
DA:13,0
DA:18,0
DA:20,0
DA:22,0
DA:25,0
DA:26,0
DA:27,0
DA:30,0
DA:31,0
DA:32,0
LF:12
LH:0
BRDA:38,0,0,0
BRDA:38,0,1,0
BRDA:50,1,0,0
BRDA:50,1,1,0
BRDA:86,2,0,0
BRF:5
BRH:0
end_of_record
TN:
SF:src/components/ActiveTimerBar.tsx
FN:13,(anonymous_2)
FN:62,(anonymous_3)
FN:86,(anonymous_4)
FNF:3
FNH:0
FNDA:0,(anonymous_2)
FNDA:0,(anonymous_3)
FNDA:0,(anonymous_4)
DA:3,0
DA:4,0
DA:5,0
DA:6,0
DA:7,0
DA:13,0
DA:16,0
DA:19,0
DA:23,0
DA:63,0
DA:64,0
DA:66,0
DA:87,0
DA:88,0
DA:90,0
LF:15
LH:0
BRDA:14,0,0,0
BRDA:19,1,0,0
BRDA:19,1,1,0
BRDA:20,2,0,0
BRDA:20,2,1,0
BRDA:20,2,2,0
BRDA:35,3,0,0
BRDA:35,3,1,0
BRDA:41,4,0,0
BRDA:41,4,1,0
BRDA:61,5,0,0
BRDA:116,6,0,0
BRDA:134,7,0,0
BRF:13
BRH:0
end_of_record
TN:
SF:src/components/ActivityCard.tsx
FN:22,(anonymous_5)
FN:41,(anonymous_6)
FN:42,(anonymous_7)
FN:52,(anonymous_8)
FN:85,(anonymous_9)
FN:102,(anonymous_10)
FN:108,(anonymous_11)
FN:116,(anonymous_12)
FN:129,(anonymous_13)
FN:281,(anonymous_14)
FN:281,(anonymous_15)
FN:282,(anonymous_16)
FN:283,(anonymous_17)
FN:292,(anonymous_18)
FN:292,(anonymous_19)
FN:293,(anonymous_20)
FN:294,(anonymous_21)
FN:303,(anonymous_22)
FN:303,(anonymous_23)
FN:304,(anonymous_24)
FN:305,(anonymous_25)
FN:315,(anonymous_26)
FN:315,(anonymous_27)
FN:316,(anonymous_28)
FN:317,(anonymous_29)
FNF:25
FNH:0
FNDA:0,(anonymous_5)
FNDA:0,(anonymous_6)
FNDA:0,(anonymous_7)
FNDA:0,(anonymous_8)
FNDA:0,(anonymous_9)
FNDA:0,(anonymous_10)
FNDA:0,(anonymous_11)
FNDA:0,(anonymous_12)
FNDA:0,(anonymous_13)
FNDA:0,(anonymous_14)
FNDA:0,(anonymous_15)
FNDA:0,(anonymous_16)
FNDA:0,(anonymous_17)
FNDA:0,(anonymous_18)
FNDA:0,(anonymous_19)
FNDA:0,(anonymous_20)
FNDA:0,(anonymous_21)
FNDA:0,(anonymous_22)
FNDA:0,(anonymous_23)
FNDA:0,(anonymous_24)
FNDA:0,(anonymous_25)
FNDA:0,(anonymous_26)
FNDA:0,(anonymous_27)
FNDA:0,(anonymous_28)
FNDA:0,(anonymous_29)
DA:3,0
DA:4,0
DA:6,0
DA:8,0
DA:20,0
DA:22,0
DA:29,0
DA:30,0
DA:33,0
DA:41,0
DA:42,0
DA:43,0
DA:44,0
DA:48,0
DA:49,0
DA:52,0
DA:53,0
DA:57,0
DA:61,0
DA:82,0
DA:85,0
DA:87,0
DA:89,0
DA:92,0
DA:95,0
DA:98,0
DA:102,0
DA:103,0
DA:104,0
DA:105,0
DA:108,0
DA:109,0
DA:110,0
DA:111,0
DA:112,0
DA:116,0
DA:117,0
DA:118,0
DA:119,0
DA:120,0
DA:121,0
DA:122,0
DA:123,0
DA:124,0
DA:129,0
DA:135,0
DA:136,0
DA:137,0
DA:138,0
DA:139,0
DA:140,0
DA:141,0
DA:142,0
DA:143,0
DA:144,0
DA:145,0
DA:147,0
DA:148,0
DA:149,0
DA:150,0
DA:152,0
DA:153,0
DA:155,0
DA:156,0
DA:157,0
DA:158,0
DA:281,0
DA:283,0
DA:292,0
DA:294,0
DA:303,0
DA:305,0
DA:315,0
DA:317,0
LF:74
LH:0
BRDA:43,0,0,0
BRDA:43,0,1,0
BRDA:43,1,0,0
BRDA:43,1,1,0
BRDA:48,2,0,0
BRDA:48,2,1,0
BRDA:57,3,0,0
BRDA:57,3,1,0
BRDA:82,4,0,0
BRDA:82,4,1,0
BRDA:87,5,0,0
BRDA:87,5,1,0
BRDA:89,6,0,0
BRDA:89,6,1,0
BRDA:95,7,0,0
BRDA:95,7,1,0
BRDA:96,8,0,0
BRDA:96,8,1,0
BRDA:98,9,0,0
BRDA:98,9,1,0
BRDA:99,10,0,0
BRDA:99,10,1,0
BRDA:117,11,0,0
BRDA:117,11,1,0
BRDA:117,12,0,0
BRDA:117,12,1,0
BRDA:121,13,0,0
BRDA:121,13,1,0
BRDA:121,14,0,0
BRDA:121,14,1,0
BRDA:135,15,0,0
BRDA:135,15,1,0
BRDA:135,16,0,0
BRDA:135,16,1,0
BRDA:140,17,0,0
BRDA:140,17,1,0
BRDA:144,18,0,0
BRDA:144,18,1,0
BRDA:149,19,0,0
BRDA:149,19,1,0
BRDA:152,20,0,0
BRDA:152,20,1,0
BRDA:155,21,0,0
BRDA:155,21,1,0
BRDA:157,22,0,0
BRDA:157,22,1,0
BRDA:209,23,0,0
BRDA:218,24,0,0
BRDA:220,25,0,0
BRDA:225,26,0,0
BRDA:225,26,1,0
BRDA:235,27,0,0
BRDA:235,27,1,0
BRDA:244,28,0,0
BRDA:249,29,0,0
BRDA:249,29,1,0
BRDA:259,30,0,0
BRDA:259,30,1,0
BRDA:274,31,0,0
BRDA:291,32,0,0
BRF:60
BRH:0
end_of_record
TN:
SF:src/components/ActivityChart.tsx
FN:22,(anonymous_2)
FN:30,(anonymous_3)
FN:40,(anonymous_4)
FN:51,(anonymous_5)
FN:81,(anonymous_6)
FN:121,(anonymous_7)
FN:134,(anonymous_8)
FN:157,(anonymous_9)
FNF:8
FNH:0
FNDA:0,(anonymous_2)
FNDA:0,(anonymous_3)
FNDA:0,(anonymous_4)
FNDA:0,(anonymous_5)
FNDA:0,(anonymous_6)
FNDA:0,(anonymous_7)
FNDA:0,(anonymous_8)
FNDA:0,(anonymous_9)
DA:3,0
DA:22,0
DA:30,0
DA:32,0
DA:40,0
DA:41,0
DA:42,0
DA:43,0
DA:52,0
DA:53,0
DA:82,0
DA:83,0
DA:84,0
DA:86,0
DA:122,0
DA:123,0
DA:124,0
DA:135,0
DA:136,0
DA:138,0
DA:158,0
DA:159,0
LF:22
LH:0
BRDA:24,0,0,0
BRDA:25,1,0,0
BRDA:26,2,0,0
BRDA:27,3,0,0
BRDA:28,4,0,0
BRDA:29,5,0,0
BRDA:30,6,0,0
BRDA:32,7,0,0
BRDA:32,7,1,0
BRDA:40,8,0,0
BRDA:40,8,1,0
BRDA:49,9,0,0
BRDA:80,10,0,0
BRDA:100,11,0,0
BRDA:124,12,0,0
BRDA:124,12,1,0
BRDA:155,13,0,0
BRF:17
BRH:0
end_of_record
TN:
SF:src/components/ActivityList.tsx
FN:22,(anonymous_4)
FN:36,(anonymous_5)
FN:47,(anonymous_6)
FN:57,(anonymous_7)
FN:87,(anonymous_8)
FN:97,(anonymous_9)
FN:130,(anonymous_10)
FN:155,(anonymous_11)
FN:181,(anonymous_12)
FN:196,(anonymous_13)
FN:201,(anonymous_14)
FN:214,(anonymous_15)
FN:219,(anonymous_16)
FN:238,(anonymous_17)
FN:244,(anonymous_18)
FNF:15
FNH:0
FNDA:0,(anonymous_4)
FNDA:0,(anonymous_5)
FNDA:0,(anonymous_6)
FNDA:0,(anonymous_7)
FNDA:0,(anonymous_8)
FNDA:0,(anonymous_9)
FNDA:0,(anonymous_10)
FNDA:0,(anonymous_11)
FNDA:0,(anonymous_12)
FNDA:0,(anonymous_13)
FNDA:0,(anonymous_14)
FNDA:0,(anonymous_15)
FNDA:0,(anonymous_16)
FNDA:0,(anonymous_17)
FNDA:0,(anonymous_18)
DA:3,0
DA:4,0
DA:5,0
DA:7,0
DA:8,0
DA:14,0
DA:15,0
DA:16,0
DA:22,0
DA:25,0
DA:26,0
DA:27,0
DA:28,0
DA:29,0
DA:30,0
DA:31,0
DA:34,0
DA:36,0
DA:37,0
DA:38,0
DA:39,0
DA:40,0
DA:42,0
DA:43,0
DA:47,0
DA:48,0
DA:49,0
DA:50,0
DA:52,0
DA:53,0
DA:57,0
DA:58,0
DA:59,0
DA:60,0
DA:62,0
DA:63,0
DA:67,0
DA:88,0
DA:98,0
DA:120,0
DA:130,0
DA:155,0
DA:181,0
DA:197,0
DA:201,0
DA:215,0
DA:216,0
DA:220,0
DA:221,0
DA:238,0
DA:244,0
LF:51
LH:0
BRDA:27,0,0,0
BRDA:67,1,0,0
BRDA:67,1,1,0
BRDA:120,2,0,0
BRDA:120,2,1,0
BRDA:127,3,0,0
BRDA:127,3,1,0
BRDA:150,4,0,0
BRDA:150,4,1,0
BRDA:168,5,0,0
BRDA:203,6,0,0
BRDA:203,6,1,0
BRDA:211,7,0,0
BRDA:215,8,0,0
BRDA:215,8,1,0
BRDA:220,9,0,0
BRDA:220,9,1,0
BRF:17
BRH:0
end_of_record
TN:
SF:src/components/AnalyticsWidget.tsx
FN:12,(anonymous_5)
FN:39,(anonymous_6)
FN:134,(anonymous_7)
FNF:3
FNH:0
FNDA:0,(anonymous_5)
FNDA:0,(anonymous_6)
FNDA:0,(anonymous_7)
DA:3,0
DA:4,0
DA:5,0
DA:6,0
DA:12,0
DA:13,0
DA:16,0
DA:39,0
DA:41,0
DA:44,0
DA:134,0
LF:11
LH:0
BRDA:44,0,0,0
BRDA:44,0,1,0
BRF:2
BRH:0
end_of_record
TN:
SF:src/components/AuthDebugger.tsx
FN:12,(anonymous_6)
FN:24,(anonymous_7)
FN:45,(anonymous_8)
FN:46,(anonymous_9)
FN:53,(anonymous_10)
FN:58,(anonymous_11)
FN:179,(anonymous_12)
FNF:7
FNH:0
FNDA:0,(anonymous_6)
FNDA:0,(anonymous_7)
FNDA:0,(anonymous_8)
FNDA:0,(anonymous_9)
FNDA:0,(anonymous_10)
FNDA:0,(anonymous_11)
FNDA:0,(anonymous_12)
DA:3,0
DA:4,0
DA:12,0
DA:13,0
DA:24,0
DA:25,0
DA:27,0
DA:30,0
DA:32,0
DA:44,0
DA:45,0
DA:46,0
DA:50,0
DA:53,0
DA:54,0
DA:58,0
DA:59,0
DA:60,0
DA:61,0
DA:66,0
DA:70,0
DA:71,0
DA:180,0
DA:202,0
LF:24
LH:0
BRDA:35,0,0,0
BRDA:35,0,1,0
BRDA:66,1,0,0
BRDA:66,1,1,0
BRDA:66,1,2,0
BRDA:70,2,0,0
BRDA:70,2,1,0
BRDA:126,3,0,0
BRDA:126,3,1,0
BRDA:127,4,0,0
BRDA:127,4,1,0
BRDA:133,5,0,0
BRDA:133,5,1,0
BRDA:134,6,0,0
BRDA:134,6,1,0
BRDA:165,7,0,0
BRF:16
BRH:0
end_of_record
TN:
SF:src/components/AuthInitializer.tsx
FN:32,AuthInitializer
FN:39,(anonymous_2)
FN:43,(anonymous_3)
FN:53,(anonymous_4)
FN:82,(anonymous_5)
FN:117,(anonymous_6)
FNF:6
FNH:0
FNDA:0,AuthInitializer
FNDA:0,(anonymous_2)
FNDA:0,(anonymous_3)
FNDA:0,(anonymous_4)
FNDA:0,(anonymous_5)
FNDA:0,(anonymous_6)
DA:21,0
DA:22,0
DA:23,0
DA:24,0
DA:25,0
DA:26,0
DA:32,0
DA:33,0
DA:34,0
DA:35,0
DA:36,0
DA:39,0
DA:40,0
DA:43,0
DA:44,0
DA:46,0
DA:47,0
DA:48,0
DA:51,0
DA:53,0
DA:57,0
DA:59,0
DA:61,0
DA:62,0
DA:65,0
DA:68,0
DA:71,0
DA:72,0
DA:75,0
DA:77,0
DA:81,0
DA:84,0
DA:85,0
DA:86,0
DA:89,0
DA:90,0
DA:92,0
DA:95,0
DA:99,0
DA:102,0
DA:105,0
DA:107,0
DA:114,0
DA:117,0
DA:118,0
DA:119,0
DA:126,0
LF:47
LH:0
BRDA:44,0,0,0
BRDA:44,0,1,0
BRDA:61,1,0,0
BRDA:61,1,1,0
BRDA:84,2,0,0
BRDA:84,2,1,0
BRDA:90,3,0,0
BRDA:90,3,1,0
BRDA:118,4,0,0
BRDA:118,4,1,0
BRDA:126,5,0,0
BRDA:126,5,1,0
BRF:12
BRH:0
end_of_record
TN:
SF:src/components/BottomNavigation.tsx
FN:21,BottomNavigation
FN:28,(anonymous_3)
FN:52,(anonymous_4)
FN:56,(anonymous_5)
FN:60,(anonymous_6)
FN:71,(anonymous_7)
FN:83,(anonymous_8)
FN:95,(anonymous_9)
FN:130,(anonymous_10)
FN:159,(anonymous_11)
FN:188,(anonymous_12)
FNF:11
FNH:0
FNDA:0,BottomNavigation
FNDA:0,(anonymous_3)
FNDA:0,(anonymous_4)
FNDA:0,(anonymous_5)
FNDA:0,(anonymous_6)
FNDA:0,(anonymous_7)
FNDA:0,(anonymous_8)
FNDA:0,(anonymous_9)
FNDA:0,(anonymous_10)
FNDA:0,(anonymous_11)
FNDA:0,(anonymous_12)
DA:3,0
DA:4,0
DA:5,0
DA:6,0
DA:17,0
DA:18,0
DA:19,0
DA:21,0
DA:22,0
DA:23,0
DA:24,0
DA:25,0
DA:26,0
DA:28,0
DA:29,0
DA:30,0
DA:31,0
DA:32,0
DA:33,0
DA:34,0
DA:35,0
DA:36,0
DA:37,0
DA:42,0
DA:48,0
DA:52,0
DA:53,0
DA:56,0
DA:57,0
DA:60,0
DA:61,0
DA:62,0
DA:71,0
DA:83,0
DA:95,0
DA:130,0
DA:159,0
DA:188,0
LF:38
LH:0
BRDA:29,0,0,0
BRDA:29,0,1,0
BRDA:30,1,0,0
BRDA:30,1,1,0
BRDA:31,2,0,0
BRDA:31,2,1,0
BRDA:32,3,0,0
BRDA:32,3,1,0
BRDA:33,4,0,0
BRDA:33,4,1,0
BRDA:34,5,0,0
BRDA:34,5,1,0
BRDA:35,6,0,0
BRDA:35,6,1,0
BRDA:36,7,0,0
BRDA:36,7,1,0
BRDA:42,8,0,0
BRDA:42,8,1,0
BRDA:42,8,2,0
BRDA:42,8,3,0
BRDA:48,9,0,0
BRDA:48,9,1,0
BRDA:48,9,2,0
BRDA:68,10,0,0
BRDA:76,11,0,0
BRDA:97,12,0,0
BRDA:97,12,1,0
BRDA:102,13,0,0
BRDA:120,14,0,0
BRDA:120,14,1,0
BRDA:132,15,0,0
BRDA:132,15,1,0
BRDA:138,16,0,0
BRDA:138,16,1,0
BRDA:142,17,0,0
BRDA:142,17,1,0
BRDA:147,18,0,0
BRDA:147,18,1,0
BRDA:161,19,0,0
BRDA:161,19,1,0
BRDA:167,20,0,0
BRDA:167,20,1,0
BRDA:171,21,0,0
BRDA:171,21,1,0
BRDA:176,22,0,0
BRDA:176,22,1,0
BRDA:190,23,0,0
BRDA:190,23,1,0
BRDA:196,24,0,0
BRDA:196,24,1,0
BRDA:200,25,0,0
BRDA:200,25,1,0
BRDA:205,26,0,0
BRDA:205,26,1,0
BRDA:228,27,0,0
BRDA:228,27,1,0
BRDA:231,28,0,0
BRDA:231,28,1,0
BRDA:235,29,0,0
BRDA:235,29,1,0
BRDA:245,30,0,0
BRDA:245,30,1,0
BRDA:248,31,0,0
BRDA:248,31,1,0
BRDA:252,32,0,0
BRDA:252,32,1,0
BRDA:262,33,0,0
BRDA:262,33,1,0
BRDA:262,34,0,0
BRDA:262,34,1,0
BRDA:267,35,0,0
BRDA:267,35,1,0
BRDA:269,36,0,0
BRDA:269,36,1,0
BRDA:272,37,0,0
BRDA:272,37,1,0
BRDA:276,38,0,0
BRDA:276,38,1,0
BRDA:276,39,0,0
BRDA:276,39,1,0
BRDA:278,40,0,0
BRDA:278,40,1,0
BRDA:278,41,0,0
BRDA:278,41,1,0
BRDA:286,42,0,0
BRDA:286,42,1,0
BRDA:294,43,0,0
BRDA:294,43,1,0
BRDA:297,44,0,0
BRDA:297,44,1,0
BRDA:301,45,0,0
BRDA:301,45,1,0
BRDA:311,46,0,0
BRDA:311,46,1,0
BRDA:311,47,0,0
BRDA:311,47,1,0
BRDA:319,48,0,0
BRDA:319,48,1,0
BRDA:319,49,0,0
BRDA:319,49,1,0
BRF:100
BRH:0
end_of_record
TN:
SF:src/components/BrowseGroups.tsx
FN:62,BrowseGroups
FN:85,(anonymous_6)
FN:92,(anonymous_7)
FN:100,(anonymous_8)
FN:105,(anonymous_9)
FN:111,(anonymous_10)
FN:118,(anonymous_11)
FN:126,(anonymous_12)
FN:129,(anonymous_13)
FN:133,(anonymous_14)
FN:138,(anonymous_15)
FN:147,(anonymous_16)
FN:148,(anonymous_17)
FN:151,(anonymous_18)
FN:161,(anonymous_19)
FN:173,(anonymous_20)
FN:189,(anonymous_21)
FN:202,(anonymous_22)
FN:211,(anonymous_23)
FN:225,(anonymous_24)
FN:227,(anonymous_25)
FN:236,(anonymous_26)
FN:238,(anonymous_27)
FN:247,(anonymous_28)
FN:251,(anonymous_29)
FN:258,(anonymous_30)
FN:259,(anonymous_31)
FN:295,(anonymous_32)
FN:303,(anonymous_33)
FN:315,(anonymous_34)
FN:345,(anonymous_35)
FN:359,(anonymous_36)
FN:390,(anonymous_37)
FNF:33
FNH:0
FNDA:0,BrowseGroups
FNDA:0,(anonymous_6)
FNDA:0,(anonymous_7)
FNDA:0,(anonymous_8)
FNDA:0,(anonymous_9)
FNDA:0,(anonymous_10)
FNDA:0,(anonymous_11)
FNDA:0,(anonymous_12)
FNDA:0,(anonymous_13)
FNDA:0,(anonymous_14)
FNDA:0,(anonymous_15)
FNDA:0,(anonymous_16)
FNDA:0,(anonymous_17)
FNDA:0,(anonymous_18)
FNDA:0,(anonymous_19)
FNDA:0,(anonymous_20)
FNDA:0,(anonymous_21)
FNDA:0,(anonymous_22)
FNDA:0,(anonymous_23)
FNDA:0,(anonymous_24)
FNDA:0,(anonymous_25)
FNDA:0,(anonymous_26)
FNDA:0,(anonymous_27)
FNDA:0,(anonymous_28)
FNDA:0,(anonymous_29)
FNDA:0,(anonymous_30)
FNDA:0,(anonymous_31)
FNDA:0,(anonymous_32)
FNDA:0,(anonymous_33)
FNDA:0,(anonymous_34)
FNDA:0,(anonymous_35)
FNDA:0,(anonymous_36)
FNDA:0,(anonymous_37)
DA:3,0
DA:5,0
DA:6,0
DA:7,0
DA:8,0
DA:9,0
DA:10,0
DA:32,0
DA:41,0
DA:49,0
DA:55,0
DA:62,0
DA:72,0
DA:73,0
DA:74,0
DA:75,0
DA:82,0
DA:83,0
DA:85,0
DA:86,0
DA:89,0
DA:90,0
DA:91,0
DA:93,0
DA:99,0
DA:100,0
DA:104,0
DA:105,0
DA:109,0
DA:110,0
DA:111,0
DA:116,0
DA:117,0
DA:118,0
DA:119,0
DA:124,0
DA:126,0
DA:127,0
DA:129,0
DA:130,0
DA:133,0
DA:134,0
DA:137,0
DA:139,0
DA:141,0
DA:144,0
DA:147,0
DA:148,0
DA:151,0
DA:152,0
DA:161,0
DA:173,0
DA:189,0
DA:202,0
DA:211,0
DA:225,0
DA:228,0
DA:236,0
DA:239,0
DA:248,0
DA:252,0
DA:258,0
DA:260,0
DA:295,0
DA:303,0
DA:316,0
DA:345,0
DA:360,0
DA:390,0
LF:69
LH:0
BRDA:68,0,0,0
BRDA:69,1,0,0
BRDA:89,2,0,0
BRDA:89,2,1,0
BRDA:93,3,0,0
BRDA:93,3,1,0
BRDA:99,4,0,0
BRDA:99,4,1,0
BRDA:104,5,0,0
BRDA:104,5,1,0
BRDA:109,6,0,0
BRDA:109,6,1,0
BRDA:116,7,0,0
BRDA:116,7,1,0
BRDA:124,8,0,0
BRDA:124,8,1,0
BRDA:124,8,2,0
BRDA:124,8,3,0
BRDA:124,8,4,0
BRDA:220,9,0,0
BRDA:220,9,1,0
BRDA:267,10,0,0
BRDA:293,11,0,0
BRDA:293,11,1,0
BRDA:301,12,0,0
BRDA:301,12,1,0
BRDA:314,13,0,0
BRDA:313,14,0,0
BRDA:313,14,1,0
BRDA:328,15,0,0
BRDA:336,16,0,0
BRDA:336,16,1,0
BRDA:341,17,0,0
BRDA:354,18,0,0
BRDA:354,18,1,0
BRDA:373,19,0,0
BRDA:380,20,0,0
BRDA:380,20,1,0
BRF:38
BRH:0
end_of_record
TN:
SF:src/components/ChallengeCard.tsx
FN:56,ChallengeCard
FN:79,(anonymous_3)
FN:101,(anonymous_4)
FN:115,(anonymous_5)
FN:206,(anonymous_6)
FNF:5
FNH:5
FNDA:4,ChallengeCard
FNDA:4,(anonymous_3)
FNDA:9,(anonymous_4)
FNDA:1,(anonymous_5)
FNDA:3,(anonymous_6)
DA:3,1
DA:4,1
DA:6,1
DA:7,1
DA:16,1
DA:29,1
DA:56,4
DA:66,4
DA:67,4
DA:69,4
DA:70,4
DA:71,4
DA:72,4
DA:73,4
DA:74,4
DA:76,4
DA:77,4
DA:79,4
DA:80,4
DA:87,3
DA:101,4
DA:102,9
DA:107,9
DA:109,0
DA:110,0
DA:112,0
DA:115,4
DA:116,1
DA:117,1
DA:207,3
LF:30
LH:27
BRDA:59,0,0,3
BRDA:60,1,0,3
BRDA:63,2,0,4
BRDA:64,3,0,4
BRDA:72,4,0,4
BRDA:72,4,1,3
BRDA:72,4,2,2
BRDA:73,5,0,4
BRDA:73,5,1,1
BRDA:74,6,0,4
BRDA:74,6,1,3
BRDA:76,7,0,2
BRDA:76,7,1,2
BRDA:80,8,0,1
BRDA:80,8,1,3
BRDA:87,9,0,2
BRDA:87,9,1,1
BRDA:102,10,0,9
BRDA:102,10,1,0
BRDA:103,11,0,9
BRDA:103,11,1,0
BRDA:103,11,2,0
BRDA:109,12,0,0
BRDA:109,12,1,0
BRDA:116,13,0,0
BRDA:116,13,1,1
BRDA:116,14,0,1
BRDA:116,14,1,1
BRDA:152,15,0,4
BRDA:169,16,0,4
BRDA:169,16,1,2
BRDA:169,16,2,2
BRDA:170,17,0,4
BRDA:170,17,1,1
BRDA:171,18,0,4
BRDA:171,18,1,1
BRDA:177,19,0,4
BRDA:177,19,1,1
BRDA:183,20,0,1
BRDA:183,20,1,1
BRDA:187,21,0,1
BRDA:199,22,0,4
BRDA:199,22,1,1
BRDA:225,23,0,4
BRDA:227,24,0,4
BRDA:227,24,1,3
BRDA:233,25,0,0
BRDA:233,25,1,2
BRDA:236,26,0,4
BRDA:236,26,1,1
BRDA:243,27,0,0
BRDA:243,27,1,1
BRF:52
BRH:44
end_of_record
TN:
SF:src/components/ChallengeDetail.tsx
FN:66,ChallengeDetail
FN:97,(anonymous_6)
FN:107,(anonymous_7)
FN:121,(anonymous_8)
FN:129,(anonymous_9)
FN:263,(anonymous_10)
FN:273,(anonymous_11)
FN:357,(anonymous_12)
FNF:8
FNH:0
FNDA:0,ChallengeDetail
FNDA:0,(anonymous_6)
FNDA:0,(anonymous_7)
FNDA:0,(anonymous_8)
FNDA:0,(anonymous_9)
FNDA:0,(anonymous_10)
FNDA:0,(anonymous_11)
FNDA:0,(anonymous_12)
DA:3,0
DA:10,0
DA:11,0
DA:21,0
DA:22,0
DA:38,0
DA:66,0
DA:79,0
DA:83,0
DA:84,0
DA:86,0
DA:87,0
DA:88,0
DA:89,0
DA:90,0
DA:91,0
DA:93,0
DA:94,0
DA:95,0
DA:97,0
DA:98,0
DA:101,0
DA:107,0
DA:108,0
DA:113,0
DA:115,0
DA:116,0
DA:118,0
DA:121,0
DA:122,0
DA:123,0
DA:129,0
DA:130,0
DA:131,0
DA:132,0
DA:133,0
DA:134,0
DA:135,0
DA:137,0
DA:263,0
DA:273,0
DA:358,0
LF:42
LH:0
BRDA:89,0,0,0
BRDA:89,0,1,0
BRDA:89,0,2,0
BRDA:90,1,0,0
BRDA:90,1,1,0
BRDA:91,2,0,0
BRDA:91,2,1,0
BRDA:93,3,0,0
BRDA:93,3,1,0
BRDA:98,4,0,0
BRDA:98,4,1,0
BRDA:101,5,0,0
BRDA:101,5,1,0
BRDA:108,6,0,0
BRDA:108,6,1,0
BRDA:109,7,0,0
BRDA:109,7,1,0
BRDA:109,7,2,0
BRDA:115,8,0,0
BRDA:115,8,1,0
BRDA:122,9,0,0
BRDA:122,9,1,0
BRDA:122,10,0,0
BRDA:122,10,1,0
BRDA:130,11,0,0
BRDA:130,11,1,0
BRDA:132,12,0,0
BRDA:132,12,1,0
BRDA:134,13,0,0
BRDA:134,13,1,0
BRDA:156,14,0,0
BRDA:175,15,0,0
BRDA:175,15,1,0
BRDA:177,16,0,0
BRDA:177,16,1,0
BRDA:182,17,0,0
BRDA:182,17,1,0
BRDA:184,18,0,0
BRDA:184,18,1,0
BRDA:191,19,0,0
BRDA:191,19,1,0
BRDA:200,20,0,0
BRDA:200,20,1,0
BRDA:206,21,0,0
BRDA:206,21,1,0
BRDA:210,22,0,0
BRDA:227,23,0,0
BRDA:227,23,1,0
BRDA:234,24,0,0
BRDA:234,24,1,0
BRDA:237,25,0,0
BRDA:237,25,1,0
BRDA:245,26,0,0
BRDA:245,26,1,0
BRDA:265,27,0,0
BRDA:265,27,1,0
BRDA:275,28,0,0
BRDA:275,28,1,0
BRDA:285,29,0,0
BRDA:298,30,0,0
BRDA:344,31,0,0
BRDA:344,31,1,0
BRDA:397,32,0,0
BRDA:397,32,1,0
BRDA:413,33,0,0
BRF:65
BRH:0
end_of_record
TN:
SF:src/components/ChallengeLeaderboard.tsx
FN:22,(anonymous_5)
FN:39,(anonymous_6)
FN:52,ChallengeLeaderboard
FN:62,(anonymous_8)
FN:76,(anonymous_9)
FN:92,(anonymous_10)
FN:101,(anonymous_11)
FN:112,(anonymous_12)
FN:119,(anonymous_13)
FN:127,(anonymous_14)
FN:162,(anonymous_15)
FN:266,(anonymous_16)
FNF:12
FNH:0
FNDA:0,(anonymous_5)
FNDA:0,(anonymous_6)
FNDA:0,ChallengeLeaderboard
FNDA:0,(anonymous_8)
FNDA:0,(anonymous_9)
FNDA:0,(anonymous_10)
FNDA:0,(anonymous_11)
FNDA:0,(anonymous_12)
FNDA:0,(anonymous_13)
FNDA:0,(anonymous_14)
FNDA:0,(anonymous_15)
FNDA:0,(anonymous_16)
DA:3,0
DA:4,0
DA:5,0
DA:7,0
DA:8,0
DA:9,0
DA:22,0
DA:23,0
DA:39,0
DA:40,0
DA:42,0
DA:44,0
DA:46,0
DA:48,0
DA:52,0
DA:58,0
DA:62,0
DA:63,0
DA:68,0
DA:70,0
DA:71,0
DA:73,0
DA:76,0
DA:77,0
DA:79,0
DA:81,0
DA:83,0
DA:85,0
DA:87,0
DA:92,0
DA:93,0
DA:94,0
DA:97,0
DA:100,0
DA:101,0
DA:112,0
DA:119,0
DA:127,0
DA:163,0
DA:267,0
LF:40
LH:0
BRDA:40,0,0,0
BRDA:40,0,1,0
BRDA:40,0,2,0
BRDA:40,0,3,0
BRDA:56,1,0,0
BRDA:63,2,0,0
BRDA:63,2,1,0
BRDA:64,3,0,0
BRDA:64,3,1,0
BRDA:64,3,2,0
BRDA:70,4,0,0
BRDA:70,4,1,0
BRDA:77,5,0,0
BRDA:77,5,1,0
BRDA:77,5,2,0
BRDA:77,5,3,0
BRDA:77,5,4,0
BRDA:93,6,0,0
BRDA:93,6,1,0
BRDA:107,7,0,0
BRDA:110,8,0,0
BRDA:110,8,1,0
BRDA:117,9,0,0
BRDA:117,9,1,0
BRDA:125,10,0,0
BRDA:125,10,1,0
BRDA:135,11,0,0
BRDA:135,11,1,0
BRDA:135,11,2,0
BRDA:146,12,0,0
BRDA:160,13,0,0
BRDA:166,14,0,0
BRDA:166,14,1,0
BRDA:181,15,0,0
BRDA:212,16,0,0
BRDA:226,17,0,0
BRDA:240,18,0,0
BRDA:270,19,0,0
BRDA:270,19,1,0
BRDA:285,20,0,0
BRDA:317,21,0,0
BRDA:334,22,0,0
BRDA:341,23,0,0
BRDA:341,23,1,0
BRF:44
BRH:0
end_of_record
TN:
SF:src/components/ChallengeProgress.tsx
FN:49,ChallengeProgress
FN:64,(anonymous_3)
FN:74,(anonymous_4)
FN:81,(anonymous_5)
FNF:4
FNH:0
FNDA:0,ChallengeProgress
FNDA:0,(anonymous_3)
FNDA:0,(anonymous_4)
FNDA:0,(anonymous_5)
DA:3,0
DA:4,0
DA:6,0
DA:7,0
DA:17,0
DA:26,0
DA:49,0
DA:55,0
DA:56,0
DA:58,0
DA:59,0
DA:60,0
DA:61,0
DA:62,0
DA:64,0
DA:65,0
DA:66,0
DA:68,0
DA:69,0
DA:71,0
DA:74,0
DA:75,0
DA:76,0
DA:77,0
DA:78,0
DA:81,0
DA:82,0
DA:83,0
DA:84,0
DA:85,0
DA:88,0
LF:31
LH:0
BRDA:52,0,0,0
BRDA:53,1,0,0
BRDA:62,2,0,0
BRDA:62,2,1,0
BRDA:65,3,0,0
BRDA:65,3,1,0
BRDA:65,4,0,0
BRDA:65,4,1,0
BRDA:65,4,2,0
BRDA:68,5,0,0
BRDA:68,5,1,0
BRDA:75,6,0,0
BRDA:75,6,1,0
BRDA:76,7,0,0
BRDA:76,7,1,0
BRDA:77,8,0,0
BRDA:77,8,1,0
BRDA:82,9,0,0
BRDA:82,9,1,0
BRDA:83,10,0,0
BRDA:83,10,1,0
BRDA:84,11,0,0
BRDA:84,11,1,0
BRDA:88,12,0,0
BRDA:88,12,1,0
BRDA:101,13,0,0
BRDA:111,14,0,0
BRDA:111,14,1,0
BRDA:115,15,0,0
BRDA:128,16,0,0
BRDA:131,17,0,0
BRDA:131,17,1,0
BRDA:160,18,0,0
BRDA:177,19,0,0
BRDA:202,20,0,0
BRDA:220,21,0,0
BRDA:227,22,0,0
BRDA:227,22,1,0
BRDA:229,23,0,0
BRDA:229,23,1,0
BRDA:238,24,0,0
BRDA:251,25,0,0
BRF:42
BRH:0
end_of_record
TN:
SF:src/components/ColorSelector.tsx
FN:19,ColorSelector
FN:36,(anonymous_5)
FN:41,(anonymous_6)
FN:42,(anonymous_7)
FN:55,(anonymous_8)
FN:60,(anonymous_9)
FN:70,(anonymous_10)
FN:89,(anonymous_11)
FN:97,(anonymous_12)
FNF:9
FNH:0
FNDA:0,ColorSelector
FNDA:0,(anonymous_5)
FNDA:0,(anonymous_6)
FNDA:0,(anonymous_7)
FNDA:0,(anonymous_8)
FNDA:0,(anonymous_9)
FNDA:0,(anonymous_10)
FNDA:0,(anonymous_11)
FNDA:0,(anonymous_12)
DA:3,0
DA:4,0
DA:19,0
DA:25,0
DA:26,0
DA:30,0
DA:36,0
DA:41,0
DA:42,0
DA:43,0
DA:47,0
DA:51,0
DA:52,0
DA:55,0
DA:56,0
DA:60,0
DA:61,0
DA:62,0
DA:70,0
DA:91,0
DA:93,0
DA:97,0
LF:22
LH:0
BRDA:23,0,0,0
BRDA:36,1,0,0
BRDA:36,1,1,0
BRDA:36,1,2,0
BRDA:36,2,0,0
BRDA:36,2,1,0
BRDA:43,3,0,0
BRDA:43,3,1,0
BRDA:44,4,0,0
BRDA:44,4,1,0
BRDA:51,5,0,0
BRDA:51,5,1,0
BRDA:81,6,0,0
BRDA:81,6,1,0
BRDA:86,7,0,0
BRDA:91,8,0,0
BRDA:91,8,1,0
BRDA:99,9,0,0
BRDA:99,9,1,0
BRF:19
BRH:0
end_of_record
TN:
SF:src/components/CommentInput.tsx
FN:17,(anonymous_7)
FN:39,(anonymous_8)
FN:47,(anonymous_9)
FN:54,(anonymous_10)
FN:55,(anonymous_11)
FN:70,(anonymous_12)
FN:73,(anonymous_13)
FN:106,(anonymous_14)
FN:120,(anonymous_15)
FN:129,(anonymous_16)
FN:133,(anonymous_17)
FN:138,(anonymous_18)
FN:156,(anonymous_19)
FN:218,(anonymous_20)
FN:221,(anonymous_21)
FN:241,(anonymous_22)
FNF:16
FNH:0
FNDA:0,(anonymous_7)
FNDA:0,(anonymous_8)
FNDA:0,(anonymous_9)
FNDA:0,(anonymous_10)
FNDA:0,(anonymous_11)
FNDA:0,(anonymous_12)
FNDA:0,(anonymous_13)
FNDA:0,(anonymous_14)
FNDA:0,(anonymous_15)
FNDA:0,(anonymous_16)
FNDA:0,(anonymous_17)
FNDA:0,(anonymous_18)
FNDA:0,(anonymous_19)
FNDA:0,(anonymous_20)
FNDA:0,(anonymous_21)
FNDA:0,(anonymous_22)
DA:3,0
DA:4,0
DA:6,0
DA:17,0
DA:25,0
DA:26,0
DA:27,0
DA:28,0
DA:29,0
DA:30,0
DA:33,0
DA:34,0
DA:35,0
DA:36,0
DA:39,0
DA:40,0
DA:41,0
DA:42,0
DA:47,0
DA:48,0
DA:49,0
DA:54,0
DA:55,0
DA:56,0
DA:57,0
DA:58,0
DA:59,0
DA:61,0
DA:62,0
DA:65,0
DA:69,0
DA:70,0
DA:73,0
DA:74,0
DA:77,0
DA:78,0
DA:81,0
DA:83,0
DA:86,0
DA:87,0
DA:89,0
DA:90,0
DA:93,0
DA:94,0
DA:95,0
DA:96,0
DA:97,0
DA:99,0
DA:102,0
DA:106,0
DA:107,0
DA:109,0
DA:110,0
DA:111,0
DA:113,0
DA:114,0
DA:115,0
DA:116,0
DA:117,0
DA:120,0
DA:121,0
DA:122,0
DA:123,0
DA:124,0
DA:129,0
DA:130,0
DA:131,0
DA:132,0
DA:133,0
DA:134,0
DA:136,0
DA:137,0
DA:138,0
DA:139,0
DA:141,0
DA:142,0
DA:143,0
DA:144,0
DA:145,0
DA:147,0
DA:148,0
DA:150,0
DA:151,0
DA:152,0
DA:156,0
DA:157,0
DA:159,0
DA:160,0
DA:161,0
DA:162,0
DA:163,0
DA:164,0
DA:166,0
DA:168,0
DA:219,0
DA:221,0
DA:241,0
DA:264,0
LF:98
LH:0
BRDA:18,0,0,0
BRDA:20,1,0,0
BRDA:21,2,0,0
BRDA:40,3,0,0
BRDA:40,3,1,0
BRDA:48,4,0,0
BRDA:48,4,1,0
BRDA:48,5,0,0
BRDA:48,5,1,0
BRDA:56,6,0,0
BRDA:56,6,1,0
BRDA:77,7,0,0
BRDA:77,7,1,0
BRDA:89,8,0,0
BRDA:89,8,1,0
BRDA:93,9,0,0
BRDA:93,9,1,0
BRDA:93,10,0,0
BRDA:93,10,1,0
BRDA:107,11,0,0
BRDA:107,11,1,0
BRDA:110,12,0,0
BRDA:110,12,1,0
BRDA:121,13,0,0
BRDA:121,13,1,0
BRDA:130,14,0,0
BRDA:130,14,1,0
BRDA:130,15,0,0
BRDA:130,15,1,0
BRDA:131,16,0,0
BRDA:131,16,1,0
BRDA:134,17,0,0
BRDA:134,17,1,0
BRDA:136,18,0,0
BRDA:136,18,1,0
BRDA:139,19,0,0
BRDA:139,19,1,0
BRDA:141,20,0,0
BRDA:141,20,1,0
BRDA:141,21,0,0
BRDA:141,21,1,0
BRDA:144,22,0,0
BRDA:144,22,1,0
BRDA:147,23,0,0
BRDA:147,23,1,0
BRDA:150,24,0,0
BRDA:150,24,1,0
BRDA:150,25,0,0
BRDA:150,25,1,0
BRDA:150,25,2,0
BRDA:150,25,3,0
BRDA:157,26,0,0
BRDA:157,26,1,0
BRDA:157,27,0,0
BRDA:157,27,1,0
BRDA:195,28,0,0
BRDA:195,28,1,0
BRDA:197,29,0,0
BRDA:197,29,1,0
BRDA:197,30,0,0
BRDA:197,30,1,0
BRDA:211,31,0,0
BRDA:211,31,1,0
BRDA:223,32,0,0
BRDA:223,32,1,0
BRDA:229,33,0,0
BRF:66
BRH:0
end_of_record
TN:
SF:src/components/CommentItem.tsx
FN:19,(anonymous_7)
FN:36,(anonymous_8)
FN:42,(anonymous_9)
FN:43,(anonymous_10)
FN:53,(anonymous_11)
FN:61,(anonymous_12)
FN:64,(anonymous_13)
FN:81,(anonymous_14)
FN:95,(anonymous_15)
FN:113,(anonymous_16)
FN:167,(anonymous_17)
FNF:11
FNH:0
FNDA:0,(anonymous_7)
FNDA:0,(anonymous_8)
FNDA:0,(anonymous_9)
FNDA:0,(anonymous_10)
FNDA:0,(anonymous_11)
FNDA:0,(anonymous_12)
FNDA:0,(anonymous_13)
FNDA:0,(anonymous_14)
FNDA:0,(anonymous_15)
FNDA:0,(anonymous_16)
FNDA:0,(anonymous_17)
DA:3,0
DA:4,0
DA:6,0
DA:7,0
DA:8,0
DA:9,0
DA:19,0
DA:26,0
DA:27,0
DA:28,0
DA:29,0
DA:32,0
DA:33,0
DA:36,0
DA:37,0
DA:38,0
DA:42,0
DA:43,0
DA:44,0
DA:45,0
DA:49,0
DA:50,0
DA:53,0
DA:54,0
DA:58,0
DA:59,0
DA:61,0
DA:63,0
DA:64,0
DA:65,0
DA:66,0
DA:67,0
DA:77,0
DA:81,0
DA:82,0
DA:83,0
DA:84,0
DA:85,0
DA:86,0
DA:87,0
DA:89,0
DA:90,0
DA:95,0
DA:96,0
DA:99,0
DA:100,0
DA:101,0
DA:105,0
DA:106,0
DA:107,0
DA:110,0
DA:113,0
DA:116,0
DA:167,0
DA:235,0
LF:55
LH:0
BRDA:44,0,0,0
BRDA:44,0,1,0
BRDA:44,1,0,0
BRDA:44,1,1,0
BRDA:49,2,0,0
BRDA:49,2,1,0
BRDA:59,3,0,0
BRDA:59,3,1,0
BRDA:65,4,0,0
BRDA:65,4,1,0
BRDA:82,5,0,0
BRDA:82,5,1,0
BRDA:84,6,0,0
BRDA:84,6,1,0
BRDA:96,7,0,0
BRDA:96,7,1,0
BRDA:96,8,0,0
BRDA:96,8,1,0
BRDA:96,8,2,0
BRDA:99,9,0,0
BRDA:99,9,1,0
BRDA:101,10,0,0
BRDA:101,10,1,0
BRDA:116,11,0,0
BRDA:116,11,1,0
BRDA:133,12,0,0
BRDA:164,13,0,0
BRDA:177,14,0,0
BRDA:200,15,0,0
BRDA:205,16,0,0
BRDA:205,16,1,0
BRDA:208,17,0,0
BRDA:208,17,1,0
BRDA:209,18,0,0
BRDA:209,18,1,0
BRDA:211,19,0,0
BRDA:211,19,1,0
BRDA:212,20,0,0
BRDA:212,20,1,0
BRDA:213,21,0,0
BRDA:213,21,1,0
BRDA:217,22,0,0
BRDA:217,22,1,0
BRDA:220,23,0,0
BRDA:222,24,0,0
BRDA:222,24,1,0
BRDA:223,25,0,0
BRDA:223,25,1,0
BRF:48
BRH:0
end_of_record
TN:
SF:src/components/CommentList.tsx
FN:22,(anonymous_7)
FN:39,(anonymous_8)
FN:49,(anonymous_9)
FN:63,(anonymous_10)
FN:75,(anonymous_11)
FN:84,(anonymous_12)
FN:91,(anonymous_13)
FN:110,(anonymous_14)
FN:133,(anonymous_15)
FN:164,(anonymous_16)
FN:168,(anonymous_17)
FNF:11
FNH:0
FNDA:0,(anonymous_7)
FNDA:0,(anonymous_8)
FNDA:0,(anonymous_9)
FNDA:0,(anonymous_10)
FNDA:0,(anonymous_11)
FNDA:0,(anonymous_12)
FNDA:0,(anonymous_13)
FNDA:0,(anonymous_14)
FNDA:0,(anonymous_15)
FNDA:0,(anonymous_16)
FNDA:0,(anonymous_17)
DA:3,0
DA:4,0
DA:10,0
DA:11,0
DA:12,0
DA:22,0
DA:27,0
DA:28,0
DA:36,0
DA:38,0
DA:40,0
DA:42,0
DA:43,0
DA:48,0
DA:51,0
DA:52,0
DA:57,0
DA:59,0
DA:60,0
DA:61,0
DA:63,0
DA:64,0
DA:65,0
DA:70,0
DA:71,0
DA:75,0
DA:76,0
DA:77,0
DA:79,0
DA:80,0
DA:84,0
DA:85,0
DA:88,0
DA:92,0
DA:105,0
DA:110,0
DA:134,0
DA:164,0
DA:168,0
DA:179,0
LF:40
LH:0
BRDA:42,0,0,0
BRDA:42,0,1,0
BRDA:42,1,0,0
BRDA:42,1,1,0
BRDA:51,2,0,0
BRDA:51,2,1,0
BRDA:51,3,0,0
BRDA:51,3,1,0
BRDA:59,4,0,0
BRDA:59,4,1,0
BRDA:60,5,0,0
BRDA:60,5,1,0
BRDA:61,6,0,0
BRDA:61,6,1,0
BRDA:88,7,0,0
BRDA:88,7,1,0
BRDA:105,8,0,0
BRDA:105,8,1,0
BRDA:124,9,0,0
BRDA:124,9,1,0
BRDA:125,10,0,0
BRDA:125,10,1,0
BRDA:132,11,0,0
BRDA:144,12,0,0
BRDA:159,13,0,0
BRF:25
BRH:0
end_of_record
TN:
SF:src/components/CommentsModal.tsx
FN:30,(anonymous_7)
FN:51,(anonymous_8)
FN:59,(anonymous_9)
FN:78,(anonymous_10)
FN:86,(anonymous_11)
FN:87,(anonymous_12)
FN:97,(anonymous_13)
FN:102,(anonymous_14)
FN:114,(anonymous_15)
FN:123,(anonymous_16)
FN:129,(anonymous_17)
FN:137,(anonymous_18)
FN:146,(anonymous_19)
FN:149,(anonymous_20)
FN:158,(anonymous_21)
FN:165,(anonymous_22)
FN:238,(anonymous_23)
FN:257,(anonymous_24)
FN:257,(anonymous_25)
FN:271,(anonymous_26)
FN:272,(anonymous_27)
FNF:21
FNH:0
FNDA:0,(anonymous_7)
FNDA:0,(anonymous_8)
FNDA:0,(anonymous_9)
FNDA:0,(anonymous_10)
FNDA:0,(anonymous_11)
FNDA:0,(anonymous_12)
FNDA:0,(anonymous_13)
FNDA:0,(anonymous_14)
FNDA:0,(anonymous_15)
FNDA:0,(anonymous_16)
FNDA:0,(anonymous_17)
FNDA:0,(anonymous_18)
FNDA:0,(anonymous_19)
FNDA:0,(anonymous_20)
FNDA:0,(anonymous_21)
FNDA:0,(anonymous_22)
FNDA:0,(anonymous_23)
FNDA:0,(anonymous_24)
FNDA:0,(anonymous_25)
FNDA:0,(anonymous_26)
FNDA:0,(anonymous_27)
DA:3,0
DA:4,0
DA:6,0
DA:12,0
DA:13,0
DA:14,0
DA:15,0
DA:16,0
DA:17,0
DA:28,0
DA:30,0
DA:38,0
DA:39,0
DA:46,0
DA:50,0
DA:52,0
DA:53,0
DA:58,0
DA:60,0
DA:61,0
DA:66,0
DA:68,0
DA:69,0
DA:72,0
DA:78,0
DA:79,0
DA:80,0
DA:81,0
DA:86,0
DA:87,0
DA:88,0
DA:89,0
DA:93,0
DA:94,0
DA:97,0
DA:98,0
DA:102,0
DA:103,0
DA:104,0
DA:109,0
DA:110,0
DA:114,0
DA:115,0
DA:116,0
DA:118,0
DA:119,0
DA:123,0
DA:124,0
DA:127,0
DA:129,0
DA:130,0
DA:137,0
DA:138,0
DA:139,0
DA:140,0
DA:141,0
DA:143,0
DA:146,0
DA:147,0
DA:149,0
DA:160,0
DA:165,0
DA:239,0
DA:257,0
DA:272,0
DA:299,0
LF:66
LH:0
BRDA:52,0,0,0
BRDA:52,0,1,0
BRDA:60,1,0,0
BRDA:60,1,1,0
BRDA:68,2,0,0
BRDA:68,2,1,0
BRDA:79,3,0,0
BRDA:79,3,1,0
BRDA:88,4,0,0
BRDA:88,4,1,0
BRDA:88,5,0,0
BRDA:88,5,1,0
BRDA:93,6,0,0
BRDA:93,6,1,0
BRDA:127,7,0,0
BRDA:127,7,1,0
BRDA:140,8,0,0
BRDA:140,8,1,0
BRDA:160,9,0,0
BRDA:160,9,1,0
BRDA:184,10,0,0
BRDA:188,11,0,0
BRDA:188,11,1,0
BRDA:196,12,0,0
BRDA:214,13,0,0
BRDA:229,14,0,0
BRDA:233,15,0,0
BRDA:254,16,0,0
BRF:28
BRH:0
end_of_record
TN:
SF:src/components/ComparativeAnalytics.tsx
FN:11,(anonymous_2)
FN:101,(anonymous_3)
FN:143,(anonymous_4)
FN:150,(anonymous_5)
FN:162,(anonymous_6)
FN:169,(anonymous_7)
FN:173,(anonymous_8)
FN:300,(anonymous_9)
FNF:8
FNH:0
FNDA:0,(anonymous_2)
FNDA:0,(anonymous_3)
FNDA:0,(anonymous_4)
FNDA:0,(anonymous_5)
FNDA:0,(anonymous_6)
FNDA:0,(anonymous_7)
FNDA:0,(anonymous_8)
FNDA:0,(anonymous_9)
DA:3,0
DA:4,0
DA:5,0
DA:11,0
DA:16,0
DA:102,0
DA:143,0
DA:150,0
DA:162,0
DA:169,0
DA:174,0
DA:301,0
DA:302,0
LF:13
LH:0
BRDA:110,0,0,0
BRDA:110,0,1,0
BRDA:112,1,0,0
BRDA:112,1,1,0
BRDA:177,2,0,0
BRDA:179,3,0,0
BRDA:179,3,1,0
BRDA:181,4,0,0
BRDA:181,4,1,0
BRF:9
BRH:0
end_of_record
TN:
SF:src/components/ConfirmDialog.tsx
FN:18,ConfirmDialog
FNF:1
FNH:0
FNDA:0,ConfirmDialog
DA:3,0
DA:4,0
DA:18,0
DA:29,0
DA:31,0
DA:46,0
LF:6
LH:0
BRDA:24,0,0,0
BRDA:25,1,0,0
BRDA:26,2,0,0
BRDA:27,3,0,0
BRDA:29,4,0,0
BRDA:29,4,1,0
BRDA:89,5,0,0
BRDA:89,5,1,0
BRF:8
BRH:0
end_of_record
TN:
SF:src/components/CreateChallengeModal.tsx
FN:61,CreateChallengeModal
FN:86,(anonymous_5)
FN:87,(anonymous_6)
FN:97,(anonymous_7)
FN:104,(anonymous_8)
FN:140,(anonymous_9)
FN:144,(anonymous_10)
FN:147,(anonymous_11)
FN:151,(anonymous_12)
FN:182,(anonymous_13)
FN:184,(anonymous_14)
FN:186,(anonymous_15)
FN:194,(anonymous_16)
FN:195,(anonymous_17)
FN:197,(anonymous_18)
FN:201,(anonymous_19)
FN:202,(anonymous_20)
FN:205,(anonymous_21)
FN:255,(anonymous_22)
FN:284,(anonymous_23)
FN:315,(anonymous_24)
FN:325,(anonymous_25)
FN:326,(anonymous_26)
FN:367,(anonymous_27)
FN:395,(anonymous_28)
FN:413,(anonymous_29)
FN:437,(anonymous_30)
FN:441,(anonymous_31)
FN:462,(anonymous_32)
FN:463,(anonymous_33)
FN:481,(anonymous_34)
FN:484,(anonymous_35)
FN:494,(anonymous_36)
FN:507,(anonymous_37)
FNF:34
FNH:0
FNDA:0,CreateChallengeModal
FNDA:0,(anonymous_5)
FNDA:0,(anonymous_6)
FNDA:0,(anonymous_7)
FNDA:0,(anonymous_8)
FNDA:0,(anonymous_9)
FNDA:0,(anonymous_10)
FNDA:0,(anonymous_11)
FNDA:0,(anonymous_12)
FNDA:0,(anonymous_13)
FNDA:0,(anonymous_14)
FNDA:0,(anonymous_15)
FNDA:0,(anonymous_16)
FNDA:0,(anonymous_17)
FNDA:0,(anonymous_18)
FNDA:0,(anonymous_19)
FNDA:0,(anonymous_20)
FNDA:0,(anonymous_21)
FNDA:0,(anonymous_22)
FNDA:0,(anonymous_23)
FNDA:0,(anonymous_24)
FNDA:0,(anonymous_25)
FNDA:0,(anonymous_26)
FNDA:0,(anonymous_27)
FNDA:0,(anonymous_28)
FNDA:0,(anonymous_29)
FNDA:0,(anonymous_30)
FNDA:0,(anonymous_31)
FNDA:0,(anonymous_32)
FNDA:0,(anonymous_33)
FNDA:0,(anonymous_34)
FNDA:0,(anonymous_35)
FNDA:0,(anonymous_36)
FNDA:0,(anonymous_37)
DA:3,0
DA:5,0
DA:15,0
DA:26,0
DA:61,0
DA:69,0
DA:82,0
DA:83,0
DA:86,0
DA:87,0
DA:88,0
DA:89,0
DA:93,0
DA:94,0
DA:97,0
DA:98,0
DA:102,0
DA:104,0
DA:105,0
DA:107,0
DA:108,0
DA:109,0
DA:110,0
DA:111,0
DA:112,0
DA:115,0
DA:116,0
DA:117,0
DA:118,0
DA:119,0
DA:120,0
DA:123,0
DA:124,0
DA:127,0
DA:128,0
DA:129,0
DA:132,0
DA:133,0
DA:136,0
DA:137,0
DA:140,0
DA:144,0
DA:146,0
DA:147,0
DA:151,0
DA:152,0
DA:154,0
DA:155,0
DA:158,0
DA:159,0
DA:160,0
DA:162,0
DA:174,0
DA:175,0
DA:177,0
DA:178,0
DA:182,0
DA:184,0
DA:185,0
DA:186,0
DA:190,0
DA:194,0
DA:195,0
DA:197,0
DA:201,0
DA:202,0
DA:205,0
DA:255,0
DA:284,0
DA:316,0
DA:317,0
DA:319,0
DA:326,0
DA:368,0
DA:396,0
DA:414,0
DA:438,0
DA:441,0
DA:463,0
DA:481,0
DA:485,0
DA:495,0
DA:507,0
LF:83
LH:0
BRDA:88,0,0,0
BRDA:88,0,1,0
BRDA:88,1,0,0
BRDA:88,1,1,0
BRDA:93,2,0,0
BRDA:93,2,1,0
BRDA:102,3,0,0
BRDA:102,3,1,0
BRDA:107,4,0,0
BRDA:107,4,1,0
BRDA:109,5,0,0
BRDA:109,5,1,0
BRDA:111,6,0,0
BRDA:111,6,1,0
BRDA:115,7,0,0
BRDA:115,7,1,0
BRDA:117,8,0,0
BRDA:117,8,1,0
BRDA:119,9,0,0
BRDA:119,9,1,0
BRDA:123,10,0,0
BRDA:123,10,1,0
BRDA:128,11,0,0
BRDA:128,11,1,0
BRDA:132,12,0,0
BRDA:132,12,1,0
BRDA:132,13,0,0
BRDA:132,13,1,0
BRDA:146,14,0,0
BRDA:146,14,1,0
BRDA:154,15,0,0
BRDA:154,15,1,0
BRDA:185,16,0,0
BRDA:185,16,1,0
BRDA:185,17,0,0
BRDA:185,17,1,0
BRDA:188,18,0,0
BRDA:188,18,1,0
BRDA:197,19,0,0
BRDA:197,19,1,0
BRDA:204,20,0,0
BRDA:204,20,1,0
BRDA:206,21,0,0
BRDA:206,21,1,0
BRDA:236,22,0,0
BRDA:257,23,0,0
BRDA:257,23,1,0
BRDA:263,24,0,0
BRDA:263,24,1,0
BRDA:267,25,0,0
BRDA:287,26,0,0
BRDA:287,26,1,0
BRDA:291,27,0,0
BRDA:329,28,0,0
BRDA:329,28,1,0
BRDA:337,29,0,0
BRDA:337,29,1,0
BRDA:341,30,0,0
BRDA:341,30,1,0
BRDA:347,31,0,0
BRDA:347,31,1,0
BRDA:366,32,0,0
BRDA:366,32,1,0
BRDA:370,33,0,0
BRDA:370,33,1,0
BRDA:374,34,0,0
BRDA:374,34,1,0
BRDA:378,35,0,0
BRDA:399,36,0,0
BRDA:399,36,1,0
BRDA:402,37,0,0
BRDA:417,38,0,0
BRDA:417,38,1,0
BRDA:420,39,0,0
BRDA:427,40,0,0
BRDA:443,41,0,0
BRDA:443,41,1,0
BRDA:461,42,0,0
BRDA:461,42,1,0
BRDA:485,43,0,0
BRDA:485,43,1,0
BRDA:492,44,0,0
BRDA:492,44,1,0
BRDA:530,45,0,0
BRDA:530,45,1,0
BRF:85
BRH:0
end_of_record
TN:
SF:src/components/CreateGroupModal.tsx
FN:41,CreateGroupModal
FN:64,(anonymous_5)
FN:65,(anonymous_6)
FN:75,(anonymous_7)
FN:80,(anonymous_8)
FN:81,(anonymous_9)
FN:83,(anonymous_10)
FN:87,(anonymous_11)
FN:114,(anonymous_12)
FN:150,(anonymous_13)
FN:175,(anonymous_14)
FN:208,(anonymous_15)
FN:239,(anonymous_16)
FN:245,(anonymous_17)
FN:272,(anonymous_18)
FN:278,(anonymous_19)
FN:332,(anonymous_20)
FN:359,(anonymous_21)
FN:420,(anonymous_22)
FNF:19
FNH:0
FNDA:0,CreateGroupModal
FNDA:0,(anonymous_5)
FNDA:0,(anonymous_6)
FNDA:0,(anonymous_7)
FNDA:0,(anonymous_8)
FNDA:0,(anonymous_9)
FNDA:0,(anonymous_10)
FNDA:0,(anonymous_11)
FNDA:0,(anonymous_12)
FNDA:0,(anonymous_13)
FNDA:0,(anonymous_14)
FNDA:0,(anonymous_15)
FNDA:0,(anonymous_16)
FNDA:0,(anonymous_17)
FNDA:0,(anonymous_18)
FNDA:0,(anonymous_19)
FNDA:0,(anonymous_20)
FNDA:0,(anonymous_21)
FNDA:0,(anonymous_22)
DA:3,0
DA:5,0
DA:16,0
DA:30,0
DA:41,0
DA:48,0
DA:61,0
DA:64,0
DA:65,0
DA:66,0
DA:67,0
DA:71,0
DA:72,0
DA:75,0
DA:76,0
DA:80,0
DA:81,0
DA:82,0
DA:83,0
DA:87,0
DA:88,0
DA:90,0
DA:91,0
DA:92,0
DA:93,0
DA:94,0
DA:95,0
DA:98,0
DA:99,0
DA:100,0
DA:101,0
DA:102,0
DA:103,0
DA:106,0
DA:107,0
DA:110,0
DA:111,0
DA:114,0
DA:115,0
DA:117,0
DA:118,0
DA:121,0
DA:122,0
DA:124,0
DA:136,0
DA:138,0
DA:142,0
DA:150,0
DA:175,0
DA:208,0
DA:240,0
DA:245,0
DA:273,0
DA:278,0
DA:333,0
DA:360,0
DA:401,0
DA:421,0
DA:422,0
LF:59
LH:0
BRDA:45,0,0,0
BRDA:46,1,0,0
BRDA:66,2,0,0
BRDA:66,2,1,0
BRDA:66,3,0,0
BRDA:66,3,1,0
BRDA:66,3,2,0
BRDA:71,4,0,0
BRDA:71,4,1,0
BRDA:82,5,0,0
BRDA:82,5,1,0
BRDA:90,6,0,0
BRDA:90,6,1,0
BRDA:92,7,0,0
BRDA:92,7,1,0
BRDA:94,8,0,0
BRDA:94,8,1,0
BRDA:98,9,0,0
BRDA:98,9,1,0
BRDA:100,10,0,0
BRDA:100,10,1,0
BRDA:102,11,0,0
BRDA:102,11,1,0
BRDA:106,12,0,0
BRDA:106,12,1,0
BRDA:106,13,0,0
BRDA:106,13,1,0
BRDA:117,14,0,0
BRDA:117,14,1,0
BRDA:142,15,0,0
BRDA:142,15,1,0
BRDA:150,16,0,0
BRDA:150,16,1,0
BRDA:155,17,0,0
BRDA:155,17,1,0
BRDA:158,18,0,0
BRDA:158,18,1,0
BRDA:177,19,0,0
BRDA:177,19,1,0
BRDA:183,20,0,0
BRDA:183,20,1,0
BRDA:186,21,0,0
BRDA:210,22,0,0
BRDA:210,22,1,0
BRDA:216,23,0,0
BRDA:247,24,0,0
BRDA:247,24,1,0
BRDA:280,25,0,0
BRDA:280,25,1,0
BRDA:287,26,0,0
BRDA:322,27,0,0
BRDA:322,27,1,0
BRDA:349,28,0,0
BRDA:349,28,1,0
BRDA:394,29,0,0
BRDA:394,29,1,0
BRDA:401,30,0,0
BRDA:401,30,1,0
BRDA:421,31,0,0
BRDA:421,31,1,0
BRF:60
BRH:0
end_of_record
TN:
SF:src/components/CreateProjectModal.tsx
FN:14,(anonymous_4)
FN:34,(anonymous_5)
FN:35,(anonymous_6)
FN:45,(anonymous_7)
FN:76,(anonymous_8)
FN:107,(anonymous_9)
FN:154,(anonymous_10)
FN:158,(anonymous_11)
FN:161,(anonymous_12)
FN:170,(anonymous_13)
FN:216,(anonymous_14)
FN:241,(anonymous_15)
FN:274,(anonymous_16)
FN:309,(anonymous_17)
FN:315,(anonymous_18)
FN:342,(anonymous_19)
FN:348,(anonymous_20)
FN:390,(anonymous_21)
FN:425,(anonymous_22)
FNF:19
FNH:0
FNDA:0,(anonymous_4)
FNDA:0,(anonymous_5)
FNDA:0,(anonymous_6)
FNDA:0,(anonymous_7)
FNDA:0,(anonymous_8)
FNDA:0,(anonymous_9)
FNDA:0,(anonymous_10)
FNDA:0,(anonymous_11)
FNDA:0,(anonymous_12)
FNDA:0,(anonymous_13)
FNDA:0,(anonymous_14)
FNDA:0,(anonymous_15)
FNDA:0,(anonymous_16)
FNDA:0,(anonymous_17)
FNDA:0,(anonymous_18)
FNDA:0,(anonymous_19)
FNDA:0,(anonymous_20)
FNDA:0,(anonymous_21)
FNDA:0,(anonymous_22)
DA:3,0
DA:5,0
DA:6,0
DA:14,0
DA:19,0
DA:20,0
DA:28,0
DA:29,0
DA:34,0
DA:35,0
DA:36,0
DA:37,0
DA:41,0
DA:42,0
DA:45,0
DA:46,0
DA:51,0
DA:65,0
DA:76,0
DA:77,0
DA:79,0
DA:80,0
DA:81,0
DA:82,0
DA:85,0
DA:86,0
DA:89,0
DA:93,0
DA:96,0
DA:100,0
DA:103,0
DA:104,0
DA:107,0
DA:108,0
DA:110,0
DA:111,0
DA:114,0
DA:115,0
DA:116,0
DA:119,0
DA:120,0
DA:121,0
DA:130,0
DA:133,0
DA:141,0
DA:143,0
DA:144,0
DA:146,0
DA:147,0
DA:148,0
DA:150,0
DA:154,0
DA:158,0
DA:160,0
DA:161,0
DA:165,0
DA:171,0
DA:172,0
DA:216,0
DA:241,0
DA:275,0
DA:310,0
DA:315,0
DA:343,0
DA:348,0
DA:391,0
DA:426,0
LF:67
LH:0
BRDA:36,0,0,0
BRDA:36,0,1,0
BRDA:36,1,0,0
BRDA:36,1,1,0
BRDA:41,2,0,0
BRDA:41,2,1,0
BRDA:79,3,0,0
BRDA:79,3,1,0
BRDA:81,4,0,0
BRDA:81,4,1,0
BRDA:85,5,0,0
BRDA:85,5,1,0
BRDA:85,6,0,0
BRDA:85,6,1,0
BRDA:89,7,0,0
BRDA:89,7,1,0
BRDA:90,8,0,0
BRDA:90,8,1,0
BRDA:90,8,2,0
BRDA:96,9,0,0
BRDA:96,9,1,0
BRDA:97,10,0,0
BRDA:97,10,1,0
BRDA:97,10,2,0
BRDA:110,11,0,0
BRDA:110,11,1,0
BRDA:114,12,0,0
BRDA:114,12,1,0
BRDA:125,13,0,0
BRDA:125,13,1,0
BRDA:126,14,0,0
BRDA:126,14,1,0
BRDA:160,15,0,0
BRDA:160,15,1,0
BRDA:165,16,0,0
BRDA:165,16,1,0
BRDA:171,17,0,0
BRDA:171,17,1,0
BRDA:216,18,0,0
BRDA:216,18,1,0
BRDA:221,19,0,0
BRDA:221,19,1,0
BRDA:224,20,0,0
BRDA:224,20,1,0
BRDA:243,21,0,0
BRDA:243,21,1,0
BRDA:249,22,0,0
BRDA:249,22,1,0
BRDA:252,23,0,0
BRDA:278,24,0,0
BRDA:278,24,1,0
BRDA:284,25,0,0
BRDA:317,26,0,0
BRDA:317,26,1,0
BRDA:350,27,0,0
BRDA:350,27,1,0
BRDA:357,28,0,0
BRDA:389,29,0,0
BRDA:389,29,1,0
BRDA:393,30,0,0
BRDA:393,30,1,0
BRDA:397,31,0,0
BRDA:397,31,1,0
BRDA:404,32,0,0
BRDA:424,33,0,0
BRDA:424,33,1,0
BRDA:428,34,0,0
BRDA:428,34,1,0
BRDA:432,35,0,0
BRDA:432,35,1,0
BRDA:439,36,0,0
BRDA:465,37,0,0
BRDA:465,37,1,0
BRF:73
BRH:0
end_of_record
TN:
SF:src/components/DailyGoals.tsx
FN:17,DailyGoals
FN:23,(anonymous_6)
FN:24,(anonymous_7)
FN:35,(anonymous_8)
FN:49,(anonymous_9)
FN:50,(anonymous_10)
FN:65,(anonymous_11)
FN:81,(anonymous_12)
FN:111,(anonymous_13)
FN:158,(anonymous_14)
FN:170,(anonymous_15)
FNF:11
FNH:0
FNDA:0,DailyGoals
FNDA:0,(anonymous_6)
FNDA:0,(anonymous_7)
FNDA:0,(anonymous_8)
FNDA:0,(anonymous_9)
FNDA:0,(anonymous_10)
FNDA:0,(anonymous_11)
FNDA:0,(anonymous_12)
FNDA:0,(anonymous_13)
FNDA:0,(anonymous_14)
FNDA:0,(anonymous_15)
DA:3,0
DA:4,0
DA:5,0
DA:6,0
DA:7,0
DA:18,0
DA:19,0
DA:20,0
DA:21,0
DA:23,0
DA:24,0
DA:25,0
DA:26,0
DA:27,0
DA:30,0
DA:31,0
DA:34,0
DA:35,0
DA:38,0
DA:39,0
DA:40,0
DA:41,0
DA:45,0
DA:46,0
DA:49,0
DA:50,0
DA:54,0
DA:60,0
DA:63,0
DA:65,0
DA:66,0
DA:71,0
DA:72,0
DA:74,0
DA:75,0
DA:76,0
DA:80,0
DA:82,0
DA:83,0
DA:84,0
DA:89,0
DA:98,0
DA:100,0
DA:101,0
DA:103,0
DA:107,0
DA:111,0
DA:113,0
DA:114,0
DA:115,0
DA:116,0
DA:120,0
DA:124,0
DA:159,0
DA:171,0
DA:172,0
DA:174,0
DA:176,0
DA:244,0
LF:59
LH:0
BRDA:19,0,0,0
BRDA:25,1,0,0
BRDA:25,1,1,0
BRDA:35,2,0,0
BRDA:35,2,1,0
BRDA:38,3,0,0
BRDA:38,3,1,0
BRDA:71,4,0,0
BRDA:71,4,1,0
BRDA:72,5,0,0
BRDA:72,5,1,0
BRDA:74,6,0,0
BRDA:74,6,1,0
BRDA:75,7,0,0
BRDA:75,7,1,0
BRDA:82,8,0,0
BRDA:82,8,1,0
BRDA:83,9,0,0
BRDA:83,9,1,0
BRDA:113,10,0,0
BRDA:113,10,1,0
BRDA:124,11,0,0
BRDA:124,11,1,0
BRDA:124,12,0,0
BRDA:124,12,1,0
BRDA:157,13,0,0
BRF:26
BRH:0
end_of_record
TN:
SF:src/components/DataExport.tsx
FN:6,(anonymous_4)
FN:17,(anonymous_5)
FN:23,(anonymous_6)
FN:44,(anonymous_7)
FN:81,(anonymous_8)
FN:84,(anonymous_9)
FN:117,(anonymous_10)
FN:128,(anonymous_11)
FN:141,(anonymous_12)
FN:152,(anonymous_13)
FN:171,(anonymous_14)
FNF:11
FNH:0
FNDA:0,(anonymous_4)
FNDA:0,(anonymous_5)
FNDA:0,(anonymous_6)
FNDA:0,(anonymous_7)
FNDA:0,(anonymous_8)
FNDA:0,(anonymous_9)
FNDA:0,(anonymous_10)
FNDA:0,(anonymous_11)
FNDA:0,(anonymous_12)
FNDA:0,(anonymous_13)
FNDA:0,(anonymous_14)
DA:3,0
DA:4,0
DA:6,0
DA:7,0
DA:10,0
DA:11,0
DA:12,0
DA:13,0
DA:14,0
DA:15,0
DA:17,0
DA:18,0
DA:19,0
DA:21,0
DA:23,0
DA:34,0
DA:38,0
DA:40,0
DA:44,0
DA:45,0
DA:46,0
DA:47,0
DA:49,0
DA:55,0
DA:82,0
DA:85,0
DA:117,0
DA:128,0
DA:141,0
DA:152,0
DA:171,0
LF:31
LH:0
BRDA:90,0,0,0
BRDA:90,0,1,0
BRDA:96,1,0,0
BRDA:96,1,1,0
BRDA:99,2,0,0
BRDA:99,2,1,0
BRDA:116,3,0,0
BRDA:116,3,1,0
BRDA:127,4,0,0
BRDA:127,4,1,0
BRDA:143,5,0,0
BRDA:143,5,1,0
BRDA:154,6,0,0
BRDA:154,6,1,0
BRDA:187,7,0,0
BRDA:187,7,1,0
BRDA:191,8,0,0
BRDA:194,9,0,0
BRDA:194,9,1,0
BRF:19
BRH:0
end_of_record
TN:
SF:src/components/DataPrefetcher.tsx
FN:13,DataPrefetcher
FNF:1
FNH:0
FNDA:0,DataPrefetcher
DA:10,0
DA:11,0
DA:13,0
DA:14,0
DA:18,0
DA:23,0
LF:6
LH:0
BRF:0
BRH:0
end_of_record
TN:
SF:src/components/DayOverview.tsx
FN:9,DayOverview
FN:18,(anonymous_6)
FN:33,(anonymous_7)
FN:45,(anonymous_8)
FN:64,(anonymous_9)
FN:70,(anonymous_10)
FNF:6
FNH:0
FNDA:0,DayOverview
FNDA:0,(anonymous_6)
FNDA:0,(anonymous_7)
FNDA:0,(anonymous_8)
FNDA:0,(anonymous_9)
FNDA:0,(anonymous_10)
DA:3,0
DA:4,0
DA:5,0
DA:6,0
DA:7,0
DA:9,0
DA:10,0
DA:11,0
DA:16,0
DA:18,0
DA:19,0
DA:21,0
DA:22,0
DA:25,0
DA:30,0
DA:31,0
DA:33,0
DA:35,0
DA:38,0
DA:39,0
DA:40,0
DA:44,0
DA:45,0
DA:50,0
DA:52,0
DA:58,0
DA:60,0
DA:64,0
DA:65,0
DA:66,0
DA:70,0
DA:71,0
DA:72,0
DA:74,0
DA:75,0
DA:77,0
DA:80,0
LF:37
LH:0
BRDA:19,0,0,0
BRDA:19,0,1,0
BRDA:35,1,0,0
BRDA:35,1,1,0
BRDA:55,2,0,0
BRDA:55,2,1,0
BRDA:65,3,0,0
BRDA:65,3,1,0
BRDA:74,4,0,0
BRDA:74,4,1,0
BRDA:80,5,0,0
BRDA:80,5,1,0
BRF:12
BRH:0
end_of_record
TN:
SF:src/components/EditProfileModal.tsx
FN:22,(anonymous_4)
FN:44,(anonymous_5)
FN:45,(anonymous_6)
FN:62,(anonymous_7)
FN:67,(anonymous_8)
FN:68,(anonymous_9)
FN:71,(anonymous_10)
FN:76,(anonymous_11)
FN:100,(anonymous_12)
FN:113,(anonymous_13)
FN:131,(anonymous_14)
FN:193,(anonymous_15)
FN:210,(anonymous_16)
FN:232,(anonymous_17)
FN:252,(anonymous_18)
FNF:15
FNH:0
FNDA:0,(anonymous_4)
FNDA:0,(anonymous_5)
FNDA:0,(anonymous_6)
FNDA:0,(anonymous_7)
FNDA:0,(anonymous_8)
FNDA:0,(anonymous_9)
FNDA:0,(anonymous_10)
FNDA:0,(anonymous_11)
FNDA:0,(anonymous_12)
FNDA:0,(anonymous_13)
FNDA:0,(anonymous_14)
FNDA:0,(anonymous_15)
FNDA:0,(anonymous_16)
FNDA:0,(anonymous_17)
FNDA:0,(anonymous_18)
DA:3,0
DA:5,0
DA:6,0
DA:7,0
DA:8,0
DA:9,0
DA:10,0
DA:11,0
DA:12,0
DA:13,0
DA:22,0
DA:28,0
DA:34,0
DA:37,0
DA:38,0
DA:39,0
DA:44,0
DA:45,0
DA:46,0
DA:48,0
DA:54,0
DA:58,0
DA:59,0
DA:62,0
DA:63,0
DA:67,0
DA:68,0
DA:71,0
DA:72,0
DA:73,0
DA:76,0
DA:77,0
DA:78,0
DA:80,0
DA:81,0
DA:86,0
DA:89,0
DA:93,0
DA:94,0
DA:100,0
DA:101,0
DA:105,0
DA:107,0
DA:108,0
DA:109,0
DA:113,0
DA:114,0
DA:116,0
DA:117,0
DA:119,0
DA:120,0
DA:121,0
DA:122,0
DA:124,0
DA:125,0
DA:127,0
DA:131,0
DA:132,0
DA:134,0
DA:140,0
DA:144,0
DA:193,0
DA:210,0
DA:232,0
DA:253,0
LF:65
LH:0
BRDA:30,0,0,0
BRDA:30,0,1,0
BRDA:31,1,0,0
BRDA:31,1,1,0
BRDA:32,2,0,0
BRDA:32,2,1,0
BRDA:40,3,0,0
BRDA:40,3,1,0
BRDA:46,4,0,0
BRDA:46,4,1,0
BRDA:46,5,0,0
BRDA:46,5,1,0
BRDA:46,5,2,0
BRDA:50,6,0,0
BRDA:50,6,1,0
BRDA:51,7,0,0
BRDA:51,7,1,0
BRDA:52,8,0,0
BRDA:52,8,1,0
BRDA:58,9,0,0
BRDA:58,9,1,0
BRDA:78,10,0,0
BRDA:78,10,1,0
BRDA:89,11,0,0
BRDA:89,11,1,0
BRDA:90,12,0,0
BRDA:90,12,1,0
BRDA:132,13,0,0
BRDA:132,13,1,0
BRDA:136,14,0,0
BRDA:136,14,1,0
BRDA:137,15,0,0
BRDA:137,15,1,0
BRDA:138,16,0,0
BRDA:138,16,1,0
BRDA:144,17,0,0
BRDA:144,17,1,0
BRDA:280,18,0,0
BRDA:280,18,1,0
BRF:39
BRH:0
end_of_record
TN:
SF:src/components/EditSessionModal.tsx
FN:31,(anonymous_5)
FN:57,(anonymous_6)
FN:61,(anonymous_7)
FN:67,(anonymous_8)
FN:70,(anonymous_9)
FN:75,(anonymous_10)
FN:96,(anonymous_11)
FN:97,(anonymous_12)
FN:104,(anonymous_13)
FN:109,(anonymous_14)
FN:152,(anonymous_15)
FN:153,(anonymous_16)
FN:157,(anonymous_17)
FN:158,(anonymous_18)
FN:158,(anonymous_19)
FN:161,(anonymous_20)
FN:162,(anonymous_21)
FN:162,(anonymous_22)
FN:163,(anonymous_23)
FN:164,(anonymous_24)
FN:173,(anonymous_25)
FN:197,(anonymous_26)
FN:238,(anonymous_27)
FN:240,(anonymous_28)
FN:241,(anonymous_29)
FN:278,(anonymous_30)
FN:291,(anonymous_31)
FN:313,(anonymous_32)
FN:329,(anonymous_33)
FN:348,(anonymous_34)
FN:360,(anonymous_35)
FN:384,(anonymous_36)
FN:399,(anonymous_37)
FN:408,(anonymous_38)
FN:424,(anonymous_39)
FN:466,(anonymous_40)
FN:470,(anonymous_41)
FN:485,(anonymous_42)
FNF:38
FNH:0
FNDA:0,(anonymous_5)
FNDA:0,(anonymous_6)
FNDA:0,(anonymous_7)
FNDA:0,(anonymous_8)
FNDA:0,(anonymous_9)
FNDA:0,(anonymous_10)
FNDA:0,(anonymous_11)
FNDA:0,(anonymous_12)
FNDA:0,(anonymous_13)
FNDA:0,(anonymous_14)
FNDA:0,(anonymous_15)
FNDA:0,(anonymous_16)
FNDA:0,(anonymous_17)
FNDA:0,(anonymous_18)
FNDA:0,(anonymous_19)
FNDA:0,(anonymous_20)
FNDA:0,(anonymous_21)
FNDA:0,(anonymous_22)
FNDA:0,(anonymous_23)
FNDA:0,(anonymous_24)
FNDA:0,(anonymous_25)
FNDA:0,(anonymous_26)
FNDA:0,(anonymous_27)
FNDA:0,(anonymous_28)
FNDA:0,(anonymous_29)
FNDA:0,(anonymous_30)
FNDA:0,(anonymous_31)
FNDA:0,(anonymous_32)
FNDA:0,(anonymous_33)
FNDA:0,(anonymous_34)
FNDA:0,(anonymous_35)
FNDA:0,(anonymous_36)
FNDA:0,(anonymous_37)
FNDA:0,(anonymous_38)
FNDA:0,(anonymous_39)
FNDA:0,(anonymous_40)
FNDA:0,(anonymous_41)
FNDA:0,(anonymous_42)
DA:3,0
DA:4,0
DA:6,0
DA:7,0
DA:8,0
DA:9,0
DA:10,0
DA:31,0
DA:37,0
DA:38,0
DA:40,0
DA:41,0
DA:42,0
DA:45,0
DA:48,0
DA:51,0
DA:52,0
DA:53,0
DA:54,0
DA:57,0
DA:58,0
DA:59,0
DA:61,0
DA:62,0
DA:63,0
DA:64,0
DA:65,0
DA:67,0
DA:68,0
DA:70,0
DA:71,0
DA:75,0
DA:76,0
DA:77,0
DA:78,0
DA:79,0
DA:80,0
DA:81,0
DA:82,0
DA:85,0
DA:86,0
DA:87,0
DA:88,0
DA:89,0
DA:90,0
DA:91,0
DA:96,0
DA:97,0
DA:98,0
DA:99,0
DA:103,0
DA:104,0
DA:105,0
DA:109,0
DA:110,0
DA:113,0
DA:115,0
DA:116,0
DA:117,0
DA:120,0
DA:121,0
DA:122,0
DA:124,0
DA:127,0
DA:132,0
DA:133,0
DA:134,0
DA:137,0
DA:141,0
DA:142,0
DA:143,0
DA:146,0
DA:147,0
DA:148,0
DA:151,0
DA:152,0
DA:153,0
DA:157,0
DA:158,0
DA:161,0
DA:162,0
DA:163,0
DA:164,0
DA:165,0
DA:166,0
DA:167,0
DA:169,0
DA:173,0
DA:174,0
DA:175,0
DA:176,0
DA:180,0
DA:181,0
DA:182,0
DA:184,0
DA:185,0
DA:186,0
DA:189,0
DA:190,0
DA:192,0
DA:193,0
DA:194,0
DA:195,0
DA:196,0
DA:197,0
DA:199,0
DA:200,0
DA:201,0
DA:202,0
DA:203,0
DA:205,0
DA:210,0
DA:213,0
DA:218,0
DA:228,0
DA:230,0
DA:231,0
DA:233,0
DA:238,0
DA:239,0
DA:240,0
DA:241,0
DA:245,0
DA:278,0
DA:291,0
DA:313,0
DA:329,0
DA:348,0
DA:360,0
DA:385,0
DA:399,0
DA:409,0
DA:424,0
DA:466,0
DA:471,0
DA:486,0
DA:530,0
LF:137
LH:0
BRDA:35,0,0,0
BRDA:38,1,0,0
BRDA:40,2,0,0
BRDA:40,2,1,0
BRDA:41,3,0,0
BRDA:41,3,1,0
BRDA:43,4,0,0
BRDA:43,4,1,0
BRDA:47,5,0,0
BRDA:47,5,1,0
BRDA:49,6,0,0
BRDA:49,6,1,0
BRDA:76,7,0,0
BRDA:76,7,1,0
BRDA:77,8,0,0
BRDA:77,8,1,0
BRDA:78,9,0,0
BRDA:78,9,1,0
BRDA:79,10,0,0
BRDA:79,10,1,0
BRDA:80,11,0,0
BRDA:80,11,1,0
BRDA:98,12,0,0
BRDA:98,12,1,0
BRDA:110,13,0,0
BRDA:110,13,1,0
BRDA:115,14,0,0
BRDA:115,14,1,0
BRDA:127,15,0,0
BRDA:127,15,1,0
BRDA:127,15,2,0
BRDA:127,15,3,0
BRDA:132,16,0,0
BRDA:132,16,1,0
BRDA:141,17,0,0
BRDA:141,17,1,0
BRDA:141,18,0,0
BRDA:141,18,1,0
BRDA:151,19,0,0
BRDA:151,19,1,0
BRDA:166,20,0,0
BRDA:166,20,1,0
BRDA:174,21,0,0
BRDA:174,21,1,0
BRDA:180,22,0,0
BRDA:180,22,1,0
BRDA:181,23,0,0
BRDA:181,23,1,0
BRDA:184,24,0,0
BRDA:184,24,1,0
BRDA:193,25,0,0
BRDA:193,25,1,0
BRDA:214,26,0,0
BRDA:214,26,1,0
BRDA:215,27,0,0
BRDA:215,27,1,0
BRDA:220,28,0,0
BRDA:220,28,1,0
BRDA:221,29,0,0
BRDA:221,29,1,0
BRDA:223,30,0,0
BRDA:223,30,1,0
BRDA:250,31,0,0
BRDA:262,32,0,0
BRDA:381,33,0,0
BRDA:381,33,1,0
BRDA:436,34,0,0
BRDA:440,35,0,0
BRDA:440,35,1,0
BRDA:503,36,0,0
BRDA:503,36,1,0
BRDA:510,37,0,0
BRDA:510,37,1,0
BRDA:517,38,0,0
BRDA:517,38,1,0
BRDA:517,38,2,0
BRDA:520,39,0,0
BRDA:520,39,1,0
BRDA:522,40,0,0
BRDA:522,40,1,0
BRDA:530,41,0,0
BRDA:530,41,1,0
BRF:82
BRH:0
end_of_record
TN:
SF:src/components/ErrorBoundary.tsx
FN:28,(anonymous_4)
FN:69,(anonymous_5)
FN:78,(anonymous_6)
FN:38,(anonymous_7)
FN:43,(anonymous_8)
FN:83,(anonymous_9)
FNF:6
FNH:0
FNDA:0,(anonymous_4)
FNDA:0,(anonymous_5)
FNDA:0,(anonymous_6)
FNDA:0,(anonymous_7)
FNDA:0,(anonymous_8)
FNDA:0,(anonymous_9)
DA:3,0
DA:4,0
DA:5,0
DA:27,0
DA:29,0
DA:30,0
DA:40,0
DA:45,0
DA:46,0
DA:49,0
DA:59,0
DA:66,0
DA:71,0
DA:80,0
DA:84,0
DA:86,0
DA:87,0
DA:152,0
LF:18
LH:0
BRDA:84,0,0,0
BRDA:84,0,1,0
BRDA:86,1,0,0
BRDA:86,1,1,0
BRDA:110,2,0,0
BRDA:110,2,1,0
BRDA:115,3,0,0
BRF:7
BRH:0
end_of_record
TN:
SF:src/components/FABMenu.tsx
FN:9,(anonymous_5)
FN:14,(anonymous_6)
FN:19,(anonymous_7)
FN:135,(anonymous_8)
FN:166,(anonymous_9)
FNF:5
FNH:0
FNDA:0,(anonymous_5)
FNDA:0,(anonymous_6)
FNDA:0,(anonymous_7)
FNDA:0,(anonymous_8)
FNDA:0,(anonymous_9)
DA:3,0
DA:4,0
DA:5,0
DA:6,0
DA:9,0
DA:10,0
DA:11,0
DA:12,0
DA:14,0
DA:15,0
DA:16,0
DA:19,0
DA:20,0
DA:21,0
DA:24,0
DA:26,0
DA:33,0
DA:36,0
DA:38,0
DA:39,0
DA:41,0
DA:135,0
DA:166,0
LF:23
LH:0
BRDA:24,0,0,0
BRDA:24,0,1,0
BRDA:28,1,0,0
BRDA:28,1,1,0
BRDA:52,2,0,0
BRDA:52,2,1,0
BRDA:137,3,0,0
BRDA:137,3,1,0
BRDA:140,4,0,0
BRDA:140,4,1,0
BRDA:163,5,0,0
BRF:11
BRH:0
end_of_record
TN:
SF:src/components/Feed.tsx
FN:64,(anonymous_8)
FN:100,(anonymous_9)
FN:103,(anonymous_10)
FN:116,(anonymous_11)
FN:125,(anonymous_12)
FN:136,(anonymous_13)
FN:143,(anonymous_14)
FN:149,(anonymous_15)
FN:174,(anonymous_16)
FN:175,(anonymous_17)
FN:178,(anonymous_18)
FN:190,(anonymous_19)
FN:203,(anonymous_20)
FN:217,(anonymous_21)
FN:225,(anonymous_22)
FN:232,(anonymous_23)
FN:263,(anonymous_24)
FN:267,(anonymous_25)
FN:283,(anonymous_26)
FN:287,(anonymous_27)
FN:295,(anonymous_28)
FN:306,(anonymous_29)
FN:317,(anonymous_30)
FN:322,(anonymous_31)
FN:339,(anonymous_32)
FN:349,(anonymous_33)
FN:407,(anonymous_34)
FN:416,(anonymous_35)
FN:424,(anonymous_36)
FN:432,(anonymous_37)
FN:484,(anonymous_38)
FN:497,(anonymous_39)
FN:530,(anonymous_40)
FNF:33
FNH:0
FNDA:0,(anonymous_8)
FNDA:0,(anonymous_9)
FNDA:0,(anonymous_10)
FNDA:0,(anonymous_11)
FNDA:0,(anonymous_12)
FNDA:0,(anonymous_13)
FNDA:0,(anonymous_14)
FNDA:0,(anonymous_15)
FNDA:0,(anonymous_16)
FNDA:0,(anonymous_17)
FNDA:0,(anonymous_18)
FNDA:0,(anonymous_19)
FNDA:0,(anonymous_20)
FNDA:0,(anonymous_21)
FNDA:0,(anonymous_22)
FNDA:0,(anonymous_23)
FNDA:0,(anonymous_24)
FNDA:0,(anonymous_25)
FNDA:0,(anonymous_26)
FNDA:0,(anonymous_27)
FNDA:0,(anonymous_28)
FNDA:0,(anonymous_29)
FNDA:0,(anonymous_30)
FNDA:0,(anonymous_31)
FNDA:0,(anonymous_32)
FNDA:0,(anonymous_33)
FNDA:0,(anonymous_34)
FNDA:0,(anonymous_35)
FNDA:0,(anonymous_36)
FNDA:0,(anonymous_37)
FNDA:0,(anonymous_38)
FNDA:0,(anonymous_39)
FNDA:0,(anonymous_40)
DA:3,0
DA:4,0
DA:6,0
DA:7,0
DA:8,0
DA:9,0
DA:10,0
DA:11,0
DA:12,0
DA:13,0
DA:64,0
DA:71,0
DA:72,0
DA:73,0
DA:74,0
DA:75,0
DA:76,0
DA:77,0
DA:80,0
DA:83,0
DA:94,0
DA:100,0
DA:101,0
DA:103,0
DA:104,0
DA:108,0
DA:109,0
DA:112,0
DA:113,0
DA:116,0
DA:117,0
DA:118,0
DA:120,0
DA:121,0
DA:125,0
DA:126,0
DA:127,0
DA:129,0
DA:131,0
DA:136,0
DA:137,0
DA:138,0
DA:143,0
DA:144,0
DA:147,0
DA:149,0
DA:151,0
DA:153,0
DA:155,0
DA:164,0
DA:165,0
DA:167,0
DA:174,0
DA:175,0
DA:177,0
DA:178,0
DA:180,0
DA:181,0
DA:182,0
DA:190,0
DA:191,0
DA:193,0
DA:194,0
DA:198,0
DA:201,0
DA:203,0
DA:204,0
DA:205,0
DA:216,0
DA:218,0
DA:224,0
DA:226,0
DA:232,0
DA:233,0
DA:234,0
DA:236,0
DA:238,0
DA:245,0
DA:250,0
DA:256,0
DA:263,0
DA:264,0
DA:267,0
DA:268,0
DA:270,0
DA:271,0
DA:272,0
DA:273,0
DA:277,0
DA:283,0
DA:284,0
DA:285,0
DA:287,0
DA:295,0
DA:296,0
DA:299,0
DA:300,0
DA:304,0
DA:312,0
DA:317,0
DA:318,0
DA:319,0
DA:321,0
DA:323,0
DA:324,0
DA:326,0
DA:327,0
DA:337,0
DA:339,0
DA:340,0
DA:341,0
DA:346,0
DA:350,0
DA:356,0
DA:357,0
DA:359,0
DA:398,0
DA:400,0
DA:402,0
DA:407,0
DA:410,0
DA:411,0
DA:416,0
DA:418,0
DA:419,0
DA:424,0
DA:426,0
DA:427,0
DA:432,0
DA:485,0
DA:487,0
DA:488,0
DA:497,0
DA:530,0
DA:550,0
LF:135
LH:0
BRDA:65,0,0,0
BRDA:66,1,0,0
BRDA:67,2,0,0
BRDA:68,3,0,0
BRDA:69,4,0,0
BRDA:94,5,0,0
BRDA:94,5,1,0
BRDA:101,6,0,0
BRDA:101,6,1,0
BRDA:104,7,0,0
BRDA:104,7,1,0
BRDA:108,8,0,0
BRDA:108,8,1,0
BRDA:127,9,0,0
BRDA:127,9,1,0
BRDA:137,10,0,0
BRDA:137,10,1,0
BRDA:137,11,0,0
BRDA:137,11,1,0
BRDA:144,12,0,0
BRDA:144,12,1,0
BRDA:151,13,0,0
BRDA:151,13,1,0
BRDA:164,14,0,0
BRDA:164,14,1,0
BRDA:180,15,0,0
BRDA:180,15,1,0
BRDA:193,16,0,0
BRDA:193,16,1,0
BRDA:236,17,0,0
BRDA:236,17,1,0
BRDA:250,18,0,0
BRDA:250,18,1,0
BRDA:251,19,0,0
BRDA:251,19,1,0
BRDA:251,19,2,0
BRDA:251,19,3,0
BRDA:268,20,0,0
BRDA:268,20,1,0
BRDA:296,21,0,0
BRDA:296,21,1,0
BRDA:296,22,0,0
BRDA:296,22,1,0
BRDA:300,23,0,0
BRDA:300,23,1,0
BRDA:319,24,0,0
BRDA:319,24,1,0
BRDA:324,25,0,0
BRDA:324,25,1,0
BRDA:326,26,0,0
BRDA:326,26,1,0
BRDA:326,27,0,0
BRDA:326,27,1,0
BRDA:326,27,2,0
BRDA:340,28,0,0
BRDA:340,28,1,0
BRDA:346,29,0,0
BRDA:346,29,1,0
BRDA:356,30,0,0
BRDA:356,30,1,0
BRDA:359,31,0,0
BRDA:359,31,1,0
BRDA:377,32,0,0
BRDA:377,32,1,0
BRDA:381,33,0,0
BRDA:398,34,0,0
BRDA:398,34,1,0
BRDA:400,35,0,0
BRDA:400,35,1,0
BRDA:410,36,0,0
BRDA:410,36,1,0
BRDA:418,37,0,0
BRDA:418,37,1,0
BRDA:426,38,0,0
BRDA:426,38,1,0
BRDA:465,39,0,0
BRDA:475,40,0,0
BRDA:475,40,1,0
BRDA:485,41,0,0
BRDA:485,41,1,0
BRDA:496,42,0,0
BRDA:496,42,1,0
BRDA:500,43,0,0
BRDA:500,43,1,0
BRDA:510,44,0,0
BRDA:510,44,1,0
BRDA:515,45,0,0
BRDA:541,46,0,0
BRDA:541,46,1,0
BRDA:541,46,2,0
BRF:90
BRH:0
end_of_record
TN:
SF:src/components/FeedCarousel.tsx
FN:5,(anonymous_6)
FN:9,(anonymous_7)
FN:188,(anonymous_8)
FN:191,(anonymous_9)
FNF:4
FNH:0
FNDA:0,(anonymous_6)
FNDA:0,(anonymous_7)
FNDA:0,(anonymous_8)
FNDA:0,(anonymous_9)
DA:3,0
DA:5,0
DA:6,0
DA:7,0
DA:9,0
DA:10,0
DA:189,0
DA:191,0
DA:203,0
LF:9
LH:0
BRDA:193,0,0,0
BRDA:193,0,1,0
BRF:2
BRH:0
end_of_record
TN:
SF:src/components/FeedFilterDropdown.tsx
FN:20,(anonymous_4)
FN:31,(anonymous_5)
FN:32,(anonymous_6)
FN:45,(anonymous_7)
FN:51,(anonymous_8)
FN:52,(anonymous_9)
FN:69,(anonymous_10)
FN:74,(anonymous_11)
FN:89,(anonymous_12)
FN:90,(anonymous_13)
FN:120,(anonymous_14)
FN:121,(anonymous_15)
FN:151,(anonymous_16)
FN:154,(anonymous_17)
FN:187,(anonymous_18)
FN:190,(anonymous_19)
FN:236,(anonymous_20)
FN:239,(anonymous_21)
FN:246,(anonymous_22)
FNF:19
FNH:0
FNDA:0,(anonymous_4)
FNDA:0,(anonymous_5)
FNDA:0,(anonymous_6)
FNDA:0,(anonymous_7)
FNDA:0,(anonymous_8)
FNDA:0,(anonymous_9)
FNDA:0,(anonymous_10)
FNDA:0,(anonymous_11)
FNDA:0,(anonymous_12)
FNDA:0,(anonymous_13)
FNDA:0,(anonymous_14)
FNDA:0,(anonymous_15)
FNDA:0,(anonymous_16)
FNDA:0,(anonymous_17)
FNDA:0,(anonymous_18)
FNDA:0,(anonymous_19)
FNDA:0,(anonymous_20)
FNDA:0,(anonymous_21)
FNDA:0,(anonymous_22)
DA:3,0
DA:4,0
DA:5,0
DA:6,0
DA:20,0
DA:24,0
DA:25,0
DA:26,0
DA:27,0
DA:28,0
DA:31,0
DA:32,0
DA:33,0
DA:37,0
DA:41,0
DA:42,0
DA:45,0
DA:46,0
DA:51,0
DA:52,0
DA:53,0
DA:55,0
DA:56,0
DA:57,0
DA:58,0
DA:60,0
DA:62,0
DA:66,0
DA:69,0
DA:70,0
DA:71,0
DA:74,0
DA:75,0
DA:76,0
DA:78,0
DA:89,0
DA:91,0
DA:92,0
DA:93,0
DA:120,0
DA:122,0
DA:123,0
DA:124,0
DA:152,0
DA:155,0
DA:156,0
DA:157,0
DA:188,0
DA:191,0
DA:192,0
DA:193,0
DA:237,0
DA:240,0
DA:247,0
DA:248,0
DA:249,0
LF:56
LH:0
BRDA:33,0,0,0
BRDA:33,0,1,0
BRDA:34,1,0,0
BRDA:34,1,1,0
BRDA:41,2,0,0
BRDA:41,2,1,0
BRDA:53,3,0,0
BRDA:53,3,1,0
BRDA:75,4,0,0
BRDA:75,4,1,0
BRDA:75,5,0,0
BRDA:75,5,1,0
BRDA:79,6,0,0
BRDA:79,6,1,0
BRDA:79,6,2,0
BRDA:91,7,0,0
BRDA:91,7,1,0
BRDA:91,8,0,0
BRDA:91,8,1,0
BRDA:104,9,0,0
BRDA:104,9,1,0
BRDA:111,10,0,0
BRDA:122,11,0,0
BRDA:122,11,1,0
BRDA:122,12,0,0
BRDA:122,12,1,0
BRDA:128,13,0,0
BRDA:128,13,1,0
BRDA:137,14,0,0
BRDA:137,14,1,0
BRDA:144,15,0,0
BRDA:155,16,0,0
BRDA:155,16,1,0
BRDA:155,17,0,0
BRDA:155,17,1,0
BRDA:161,18,0,0
BRDA:161,18,1,0
BRDA:173,19,0,0
BRDA:173,19,1,0
BRDA:180,20,0,0
BRDA:191,21,0,0
BRDA:191,21,1,0
BRDA:191,22,0,0
BRDA:191,22,1,0
BRDA:197,23,0,0
BRDA:197,23,1,0
BRDA:209,24,0,0
BRDA:209,24,1,0
BRDA:216,25,0,0
BRDA:222,26,0,0
BRDA:227,27,0,0
BRDA:227,27,1,0
BRDA:231,28,0,0
BRDA:231,28,1,0
BRDA:247,29,0,0
BRDA:247,29,1,0
BRDA:247,30,0,0
BRDA:247,30,1,0
BRDA:257,31,0,0
BRDA:257,31,1,0
BRDA:274,32,0,0
BRDA:274,32,1,0
BRDA:285,33,0,0
BRF:63
BRH:0
end_of_record
TN:
SF:src/components/FeedLayout.tsx
FN:16,(anonymous_7)
FN:24,(anonymous_8)
FN:25,(anonymous_9)
FN:43,(anonymous_10)
FN:70,(anonymous_11)
FN:204,(anonymous_12)
FN:214,(anonymous_13)
FN:224,(anonymous_14)
FNF:8
FNH:0
FNDA:0,(anonymous_7)
FNDA:0,(anonymous_8)
FNDA:0,(anonymous_9)
FNDA:0,(anonymous_10)
FNDA:0,(anonymous_11)
FNDA:0,(anonymous_12)
FNDA:0,(anonymous_13)
FNDA:0,(anonymous_14)
DA:3,0
DA:4,0
DA:5,0
DA:7,0
DA:8,0
DA:16,0
DA:17,0
DA:18,0
DA:19,0
DA:20,0
DA:21,0
DA:24,0
DA:25,0
DA:26,0
DA:28,0
DA:29,0
DA:30,0
DA:32,0
DA:34,0
DA:36,0
DA:40,0
DA:43,0
DA:44,0
DA:45,0
DA:47,0
DA:48,0
DA:50,0
DA:71,0
DA:204,0
DA:214,0
DA:224,0
DA:268,0
LF:32
LH:0
BRDA:16,0,0,0
BRDA:26,1,0,0
BRDA:26,1,1,0
BRDA:47,2,0,0
BRDA:47,2,1,0
BRDA:62,3,0,0
BRDA:69,4,0,0
BRDA:78,5,0,0
BRDA:111,6,0,0
BRDA:206,7,0,0
BRDA:206,7,1,0
BRDA:216,8,0,0
BRDA:216,8,1,0
BRDA:226,9,0,0
BRDA:226,9,1,0
BRF:15
BRH:0
end_of_record
TN:
SF:src/components/FeedPost.tsx
FN:20,FeedPost
FNF:1
FNH:0
FNDA:0,FeedPost
DA:209,0
LF:1
LH:0
BRDA:53,0,0,0
BRDA:53,0,1,0
BRDA:93,1,0,0
BRDA:131,2,0,0
BRDA:131,2,1,0
BRDA:169,3,0,0
BRF:6
BRH:0
end_of_record
TN:
SF:src/components/Footer.tsx
FN:5,Footer
FNF:1
FNH:0
FNDA:0,Footer
DA:1,0
DA:2,0
DA:3,0
DA:5,0
LF:4
LH:0
BRF:0
BRH:0
end_of_record
TN:
SF:src/components/GroupAnalytics.tsx
FN:25,GroupAnalytics
FN:37,(anonymous_5)
FN:39,(anonymous_6)
FN:50,(anonymous_7)
FN:58,(anonymous_8)
FN:76,(anonymous_9)
FN:79,(anonymous_10)
FNF:7
FNH:0
FNDA:0,GroupAnalytics
FNDA:0,(anonymous_5)
FNDA:0,(anonymous_6)
FNDA:0,(anonymous_7)
FNDA:0,(anonymous_8)
FNDA:0,(anonymous_9)
FNDA:0,(anonymous_10)
DA:3,0
DA:5,0
DA:18,0
DA:25,0
DA:29,0
DA:32,0
DA:37,0
DA:38,0
DA:39,0
DA:40,0
DA:44,0
DA:46,0
DA:50,0
DA:51,0
DA:54,0
DA:55,0
DA:58,0
DA:77,0
DA:79,0
LF:19
LH:0
BRDA:54,0,0,0
BRDA:54,0,1,0
BRDA:55,1,0,0
BRDA:55,1,1,0
BRDA:58,2,0,0
BRDA:58,2,1,0
BRDA:60,3,0,0
BRDA:60,3,1,0
BRDA:81,4,0,0
BRDA:81,4,1,0
BRDA:173,5,0,0
BRDA:225,6,0,0
BRDA:225,6,1,0
BRDA:225,7,0,0
BRDA:225,7,1,0
BRDA:233,8,0,0
BRDA:233,8,1,0
BRDA:235,9,0,0
BRDA:235,9,1,0
BRDA:235,10,0,0
BRDA:235,10,1,0
BRDA:241,11,0,0
BRDA:241,11,1,0
BRDA:241,11,2,0
BRF:24
BRH:0
end_of_record
TN:
SF:src/components/GroupAvatar.tsx
FN:26,GroupAvatar
FNF:1
FNH:0
FNDA:0,GroupAvatar
DA:1,0
DA:2,0
DA:3,0
DA:12,0
DA:19,0
DA:26,0
LF:6
LH:0
BRDA:29,0,0,0
BRDA:30,1,0,0
BRDA:35,2,0,0
BRDA:38,3,0,0
BRDA:38,3,1,0
BRDA:38,4,0,0
BRDA:38,4,1,0
BRDA:38,5,0,0
BRDA:38,5,1,0
BRDA:39,6,0,0
BRDA:39,6,1,0
BRDA:39,7,0,0
BRDA:39,7,1,0
BRDA:39,8,0,0
BRDA:39,8,1,0
BRF:15
BRH:0
end_of_record
TN:
SF:src/components/GroupCard.tsx
FN:17,GroupCard
FNF:1
FNH:0
FNDA:0,GroupCard
DA:3,0
DA:4,0
DA:6,0
DA:17,0
LF:4
LH:0
BRF:0
BRH:0
end_of_record
TN:
SF:src/components/GroupChallenges.tsx
FN:24,GroupChallenges
FN:43,(anonymous_6)
FN:80,(anonymous_7)
FN:84,(anonymous_8)
FN:98,(anonymous_9)
FN:108,(anonymous_10)
FN:118,(anonymous_11)
FN:125,(anonymous_12)
FN:131,(anonymous_13)
FN:137,(anonymous_14)
FN:165,(anonymous_15)
FN:215,(anonymous_16)
FN:218,(anonymous_17)
FN:240,(anonymous_18)
FN:254,(anonymous_19)
FN:260,(anonymous_20)
FN:261,(anonymous_21)
FN:280,(anonymous_22)
FN:291,(anonymous_23)
FNF:19
FNH:0
FNDA:0,GroupChallenges
FNDA:0,(anonymous_6)
FNDA:0,(anonymous_7)
FNDA:0,(anonymous_8)
FNDA:0,(anonymous_9)
FNDA:0,(anonymous_10)
FNDA:0,(anonymous_11)
FNDA:0,(anonymous_12)
FNDA:0,(anonymous_13)
FNDA:0,(anonymous_14)
FNDA:0,(anonymous_15)
FNDA:0,(anonymous_16)
FNDA:0,(anonymous_17)
FNDA:0,(anonymous_18)
FNDA:0,(anonymous_19)
FNDA:0,(anonymous_20)
FNDA:0,(anonymous_21)
FNDA:0,(anonymous_22)
FNDA:0,(anonymous_23)
DA:3,0
DA:4,0
DA:5,0
DA:6,0
DA:13,0
DA:14,0
DA:15,0
DA:16,0
DA:17,0
DA:24,0
DA:28,0
DA:29,0
DA:30,0
DA:31,0
DA:34,0
DA:37,0
DA:38,0
DA:39,0
DA:43,0
DA:44,0
DA:45,0
DA:47,0
DA:52,0
DA:53,0
DA:56,0
DA:57,0
DA:58,0
DA:60,0
DA:61,0
DA:64,0
DA:65,0
DA:66,0
DA:70,0
DA:71,0
DA:74,0
DA:76,0
DA:80,0
DA:81,0
DA:84,0
DA:85,0
DA:86,0
DA:90,0
DA:91,0
DA:93,0
DA:94,0
DA:98,0
DA:99,0
DA:100,0
DA:101,0
DA:103,0
DA:104,0
DA:108,0
DA:109,0
DA:110,0
DA:111,0
DA:113,0
DA:114,0
DA:118,0
DA:119,0
DA:120,0
DA:121,0
DA:122,0
DA:125,0
DA:126,0
DA:127,0
DA:128,0
DA:131,0
DA:132,0
DA:133,0
DA:134,0
DA:137,0
DA:138,0
DA:140,0
DA:142,0
DA:144,0
DA:146,0
DA:150,0
DA:165,0
DA:216,0
DA:219,0
DA:241,0
DA:255,0
DA:260,0
DA:261,0
DA:280,0
DA:291,0
LF:86
LH:0
BRDA:29,0,0,0
BRDA:49,1,0,0
BRDA:49,1,1,0
BRDA:56,2,0,0
BRDA:56,2,1,0
BRDA:64,3,0,0
BRDA:64,3,1,0
BRDA:122,4,0,0
BRDA:122,4,1,0
BRDA:122,4,2,0
BRDA:128,5,0,0
BRDA:128,5,1,0
BRDA:134,6,0,0
BRDA:134,6,1,0
BRDA:138,7,0,0
BRDA:138,7,1,0
BRDA:138,7,2,0
BRDA:138,7,3,0
BRDA:164,8,0,0
BRDA:224,9,0,0
BRDA:224,9,1,0
BRDA:239,10,0,0
BRDA:253,11,0,0
BRDA:259,12,0,0
BRDA:259,12,1,0
BRDA:270,13,0,0
BRDA:270,13,1,0
BRDA:275,14,0,0
BRDA:275,14,1,0
BRDA:279,15,0,0
BRDA:279,15,1,0
BRDA:294,16,0,0
BRDA:294,16,1,0
BRF:33
BRH:0
end_of_record
TN:
SF:src/components/GroupHeader.tsx
FN:47,GroupHeader
FN:64,(anonymous_3)
FN:70,(anonymous_4)
FN:81,(anonymous_5)
FNF:4
FNH:0
FNDA:0,GroupHeader
FNDA:0,(anonymous_3)
FNDA:0,(anonymous_4)
FNDA:0,(anonymous_5)
DA:3,0
DA:4,0
DA:6,0
DA:18,0
DA:32,0
DA:40,0
DA:47,0
DA:58,0
DA:59,0
DA:60,0
DA:61,0
DA:62,0
DA:64,0
DA:65,0
DA:66,0
DA:70,0
DA:71,0
DA:72,0
DA:81,0
LF:19
LH:0
BRDA:51,0,0,0
BRDA:56,1,0,0
BRDA:59,2,0,0
BRDA:59,2,1,0
BRDA:60,3,0,0
BRDA:60,3,1,0
BRDA:61,4,0,0
BRDA:61,4,1,0
BRDA:61,4,2,0
BRDA:62,5,0,0
BRDA:62,5,1,0
BRDA:62,5,2,0
BRDA:65,6,0,0
BRDA:65,6,1,0
BRDA:65,7,0,0
BRDA:65,7,1,0
BRDA:71,8,0,0
BRDA:71,8,1,0
BRDA:71,9,0,0
BRDA:71,9,1,0
BRDA:89,10,0,0
BRDA:89,10,1,0
BRDA:115,11,0,0
BRDA:115,11,1,0
BRDA:134,12,0,0
BRDA:142,13,0,0
BRDA:167,14,0,0
BRDA:167,14,1,0
BRDA:175,15,0,0
BRDA:185,16,0,0
BRDA:185,16,1,0
BRDA:191,17,0,0
BRDA:191,17,1,0
BRDA:195,18,0,0
BRDA:195,18,1,0
BRDA:204,19,0,0
BRDA:219,20,0,0
BRF:37
BRH:0
end_of_record
TN:
SF:src/components/GroupInviteLanding.tsx
FN:15,GroupInviteLanding
FN:25,(anonymous_6)
FN:42,(anonymous_7)
FN:62,(anonymous_8)
FN:76,(anonymous_9)
FN:81,(anonymous_10)
FN:87,(anonymous_11)
FN:101,(anonymous_12)
FN:115,(anonymous_13)
FN:156,(anonymous_14)
FNF:10
FNH:0
FNDA:0,GroupInviteLanding
FNDA:0,(anonymous_6)
FNDA:0,(anonymous_7)
FNDA:0,(anonymous_8)
FNDA:0,(anonymous_9)
FNDA:0,(anonymous_10)
FNDA:0,(anonymous_11)
FNDA:0,(anonymous_12)
FNDA:0,(anonymous_13)
FNDA:0,(anonymous_14)
DA:3,0
DA:4,0
DA:5,0
DA:7,0
DA:8,0
DA:9,0
DA:15,0
DA:18,0
DA:19,0
DA:20,0
DA:21,0
DA:22,0
DA:23,0
DA:25,0
DA:26,0
DA:27,0
DA:28,0
DA:29,0
DA:30,0
DA:31,0
DA:33,0
DA:35,0
DA:36,0
DA:38,0
DA:42,0
DA:43,0
DA:45,0
DA:46,0
DA:47,0
DA:49,0
DA:51,0
DA:53,0
DA:56,0
DA:58,0
DA:62,0
DA:63,0
DA:66,0
DA:68,0
DA:69,0
DA:73,0
DA:76,0
DA:77,0
DA:81,0
DA:82,0
DA:83,0
DA:87,0
DA:89,0
DA:90,0
DA:98,0
DA:101,0
DA:103,0
DA:104,0
DA:112,0
DA:115,0
DA:116,0
DA:118,0
DA:120,0
DA:122,0
DA:124,0
DA:126,0
DA:130,0
DA:141,0
DA:156,0
DA:167,0
LF:64
LH:0
BRDA:29,0,0,0
BRDA:29,0,1,0
BRDA:43,1,0,0
BRDA:43,1,1,0
BRDA:43,2,0,0
BRDA:43,2,1,0
BRDA:53,3,0,0
BRDA:53,3,1,0
BRDA:53,4,0,0
BRDA:53,4,1,0
BRDA:53,4,2,0
BRDA:63,5,0,0
BRDA:63,5,1,0
BRDA:63,6,0,0
BRDA:63,6,1,0
BRDA:66,7,0,0
BRDA:66,7,1,0
BRDA:82,8,0,0
BRDA:82,8,1,0
BRDA:82,9,0,0
BRDA:82,9,1,0
BRDA:82,9,2,0
BRDA:89,10,0,0
BRDA:89,10,1,0
BRDA:103,11,0,0
BRDA:103,11,1,0
BRDA:116,12,0,0
BRDA:116,12,1,0
BRDA:116,12,2,0
BRDA:116,12,3,0
BRDA:116,12,4,0
BRDA:130,13,0,0
BRDA:130,13,1,0
BRDA:130,14,0,0
BRDA:130,14,1,0
BRDA:141,15,0,0
BRDA:141,15,1,0
BRDA:141,16,0,0
BRDA:141,16,1,0
BRDA:152,17,0,0
BRDA:152,17,1,0
BRDA:167,18,0,0
BRDA:167,18,1,0
BRDA:167,19,0,0
BRDA:167,19,1,0
BRDA:203,20,0,0
BRDA:224,21,0,0
BRDA:249,22,0,0
BRDA:249,22,1,0
BRDA:254,23,0,0
BRF:50
BRH:0
end_of_record
TN:
SF:src/components/GroupInviteModal.tsx
FN:25,GroupInviteModal
FN:44,(anonymous_6)
FN:48,(anonymous_7)
FN:54,(anonymous_8)
FN:71,(anonymous_9)
FN:75,(anonymous_10)
FN:88,(anonymous_11)
FN:93,(anonymous_12)
FN:100,(anonymous_13)
FN:134,(anonymous_14)
FN:147,(anonymous_15)
FN:160,(anonymous_16)
FN:217,(anonymous_17)
FNF:13
FNH:0
FNDA:0,GroupInviteModal
FNDA:0,(anonymous_6)
FNDA:0,(anonymous_7)
FNDA:0,(anonymous_8)
FNDA:0,(anonymous_9)
FNDA:0,(anonymous_10)
FNDA:0,(anonymous_11)
FNDA:0,(anonymous_12)
FNDA:0,(anonymous_13)
FNDA:0,(anonymous_14)
FNDA:0,(anonymous_15)
FNDA:0,(anonymous_16)
FNDA:0,(anonymous_17)
DA:3,0
DA:13,0
DA:14,0
DA:15,0
DA:25,0
DA:30,0
DA:31,0
DA:32,0
DA:33,0
DA:35,0
DA:38,0
DA:42,0
DA:44,0
DA:45,0
DA:46,0
DA:47,0
DA:48,0
DA:50,0
DA:54,0
DA:55,0
DA:56,0
DA:57,0
DA:67,0
DA:71,0
DA:72,0
DA:73,0
DA:75,0
DA:76,0
DA:77,0
DA:78,0
DA:79,0
DA:80,0
DA:81,0
DA:82,0
DA:83,0
DA:84,0
DA:88,0
DA:89,0
DA:91,0
DA:93,0
DA:94,0
DA:100,0
DA:101,0
DA:102,0
DA:103,0
DA:104,0
DA:105,0
DA:106,0
DA:107,0
DA:108,0
DA:109,0
DA:112,0
DA:134,0
DA:147,0
DA:160,0
DA:217,0
LF:56
LH:0
BRDA:35,0,0,0
BRDA:35,0,1,0
BRDA:38,1,0,0
BRDA:38,1,1,0
BRDA:40,2,0,0
BRDA:40,2,1,0
BRDA:55,3,0,0
BRDA:55,3,1,0
BRDA:73,4,0,0
BRDA:73,4,1,0
BRDA:76,5,0,0
BRDA:76,5,1,0
BRDA:89,6,0,0
BRDA:89,6,1,0
BRDA:101,7,0,0
BRDA:101,7,1,0
BRDA:136,8,0,0
BRDA:136,8,1,0
BRDA:149,9,0,0
BRDA:149,9,1,0
BRDA:162,10,0,0
BRDA:162,10,1,0
BRDA:181,11,0,0
BRDA:198,12,0,0
BRDA:198,12,1,0
BRDA:204,13,0,0
BRDA:224,14,0,0
BRDA:239,15,0,0
BRDA:239,15,1,0
BRDA:260,16,0,0
BRDA:306,17,0,0
BRDA:326,18,0,0
BRDA:338,19,0,0
BRDA:345,20,0,0
BRDA:385,21,0,0
BRDA:385,21,1,0
BRF:36
BRH:0
end_of_record
TN:
SF:src/components/GroupListItem.tsx
FN:16,(anonymous_2)
FN:22,(anonymous_3)
FNF:2
FNH:0
FNDA:0,(anonymous_2)
FNDA:0,(anonymous_3)
DA:3,0
DA:4,0
DA:6,0
DA:7,0
DA:16,0
DA:22,0
DA:23,0
DA:24,0
DA:25,0
LF:9
LH:0
BRDA:52,0,0,0
BRDA:52,0,1,0
BRDA:53,1,0,0
BRDA:53,1,1,0
BRDA:55,2,0,0
BRDA:67,3,0,0
BRDA:78,4,0,0
BRDA:78,4,1,0
BRDA:81,5,0,0
BRDA:81,5,1,0
BRDA:86,6,0,0
BRDA:86,6,1,0
BRF:12
BRH:0
end_of_record
TN:
SF:src/components/GroupSettings.tsx
FN:44,GroupSettings
FN:69,(anonymous_6)
FN:70,(anonymous_7)
FN:72,(anonymous_8)
FN:76,(anonymous_9)
FN:103,(anonymous_10)
FN:115,(anonymous_11)
FN:121,(anonymous_12)
FN:137,(anonymous_13)
FN:158,(anonymous_14)
FN:191,(anonymous_15)
FN:205,(anonymous_16)
FN:226,(anonymous_17)
FN:229,(anonymous_18)
FN:242,(anonymous_19)
FN:245,(anonymous_20)
FN:260,(anonymous_21)
FN:278,(anonymous_22)
FN:307,(anonymous_23)
FN:318,(anonymous_24)
FN:344,(anonymous_25)
FN:355,(anonymous_26)
FN:377,(anonymous_27)
FN:394,(anonymous_28)
FN:408,(anonymous_29)
FN:433,(anonymous_30)
FN:464,(anonymous_31)
FNF:27
FNH:0
FNDA:0,GroupSettings
FNDA:0,(anonymous_6)
FNDA:0,(anonymous_7)
FNDA:0,(anonymous_8)
FNDA:0,(anonymous_9)
FNDA:0,(anonymous_10)
FNDA:0,(anonymous_11)
FNDA:0,(anonymous_12)
FNDA:0,(anonymous_13)
FNDA:0,(anonymous_14)
FNDA:0,(anonymous_15)
FNDA:0,(anonymous_16)
FNDA:0,(anonymous_17)
FNDA:0,(anonymous_18)
FNDA:0,(anonymous_19)
FNDA:0,(anonymous_20)
FNDA:0,(anonymous_21)
FNDA:0,(anonymous_22)
FNDA:0,(anonymous_23)
FNDA:0,(anonymous_24)
FNDA:0,(anonymous_25)
FNDA:0,(anonymous_26)
FNDA:0,(anonymous_27)
FNDA:0,(anonymous_28)
FNDA:0,(anonymous_29)
FNDA:0,(anonymous_30)
FNDA:0,(anonymous_31)
DA:3,0
DA:4,0
DA:6,0
DA:7,0
DA:8,0
DA:9,0
DA:16,0
DA:17,0
DA:29,0
DA:37,0
DA:44,0
DA:53,0
DA:54,0
DA:65,0
DA:66,0
DA:67,0
DA:69,0
DA:70,0
DA:71,0
DA:72,0
DA:76,0
DA:77,0
DA:79,0
DA:80,0
DA:81,0
DA:82,0
DA:83,0
DA:84,0
DA:87,0
DA:88,0
DA:89,0
DA:90,0
DA:91,0
DA:92,0
DA:95,0
DA:96,0
DA:99,0
DA:100,0
DA:103,0
DA:104,0
DA:105,0
DA:108,0
DA:109,0
DA:111,0
DA:115,0
DA:117,0
DA:118,0
DA:121,0
DA:122,0
DA:124,0
DA:125,0
DA:126,0
DA:128,0
DA:137,0
DA:158,0
DA:191,0
DA:205,0
DA:226,0
DA:230,0
DA:242,0
DA:246,0
DA:261,0
DA:278,0
DA:307,0
DA:319,0
DA:320,0
DA:344,0
DA:356,0
DA:357,0
DA:378,0
DA:394,0
DA:408,0
DA:433,0
DA:464,0
LF:74
LH:0
BRDA:51,0,0,0
BRDA:60,1,0,0
BRDA:60,1,1,0
BRDA:61,2,0,0
BRDA:61,2,1,0
BRDA:62,3,0,0
BRDA:62,3,1,0
BRDA:71,4,0,0
BRDA:71,4,1,0
BRDA:79,5,0,0
BRDA:79,5,1,0
BRDA:81,6,0,0
BRDA:81,6,1,0
BRDA:83,7,0,0
BRDA:83,7,1,0
BRDA:87,8,0,0
BRDA:87,8,1,0
BRDA:89,9,0,0
BRDA:89,9,1,0
BRDA:91,10,0,0
BRDA:91,10,1,0
BRDA:95,11,0,0
BRDA:95,11,1,0
BRDA:95,12,0,0
BRDA:95,12,1,0
BRDA:104,13,0,0
BRDA:104,13,1,0
BRDA:122,14,0,0
BRDA:122,14,1,0
BRDA:190,15,0,0
BRDA:190,15,1,0
BRDA:192,16,0,0
BRDA:192,16,1,0
BRDA:194,17,0,0
BRDA:204,18,0,0
BRDA:204,18,1,0
BRDA:207,19,0,0
BRDA:207,19,1,0
BRDA:210,20,0,0
BRDA:214,21,0,0
BRDA:214,21,1,0
BRDA:225,22,0,0
BRDA:225,22,1,0
BRDA:241,23,0,0
BRDA:241,23,1,0
BRDA:259,24,0,0
BRDA:259,24,1,0
BRDA:277,25,0,0
BRDA:277,25,1,0
BRDA:281,26,0,0
BRDA:298,27,0,0
BRDA:320,28,0,0
BRDA:320,28,1,0
BRDA:335,29,0,0
BRDA:357,30,0,0
BRDA:357,30,1,0
BRDA:440,31,0,0
BRF:57
BRH:0
end_of_record
TN:
SF:src/components/GroupTabs.tsx
FN:53,GroupTabs
FN:72,(anonymous_3)
FN:79,(anonymous_4)
FNF:3
FNH:0
FNDA:0,GroupTabs
FNDA:0,(anonymous_3)
FNDA:0,(anonymous_4)
DA:3,0
DA:4,0
DA:20,0
DA:53,0
DA:58,0
DA:73,0
DA:74,0
DA:76,0
DA:79,0
LF:9
LH:0
BRDA:83,0,0,0
BRDA:83,0,1,0
BRDA:91,1,0,0
BRF:3
BRH:0
end_of_record
TN:
SF:src/components/HeaderComponent.tsx
FNF:0
FNH:0
DA:12,0
LF:1
LH:0
BRF:0
BRH:0
end_of_record
TN:
SF:src/components/HeatmapCalendar.tsx
FN:12,(anonymous_2)
FN:19,(anonymous_3)
FN:22,(anonymous_4)
FN:39,(anonymous_5)
FN:67,(anonymous_6)
FN:83,(anonymous_7)
FN:99,(anonymous_8)
FN:109,(anonymous_9)
FN:111,(anonymous_10)
FN:141,(anonymous_11)
FNF:10
FNH:0
FNDA:0,(anonymous_2)
FNDA:0,(anonymous_3)
FNDA:0,(anonymous_4)
FNDA:0,(anonymous_5)
FNDA:0,(anonymous_6)
FNDA:0,(anonymous_7)
FNDA:0,(anonymous_8)
FNDA:0,(anonymous_9)
FNDA:0,(anonymous_10)
FNDA:0,(anonymous_11)
DA:3,0
DA:12,0
DA:19,0
DA:22,0
DA:23,0
DA:24,0
DA:25,0
DA:26,0
DA:27,0
DA:34,0
DA:35,0
DA:37,0
DA:38,0
DA:39,0
DA:41,0
DA:48,0
DA:51,0
DA:54,0
DA:59,0
DA:65,0
DA:67,0
DA:68,0
DA:70,0
DA:71,0
DA:75,0
DA:77,0
DA:78,0
DA:79,0
DA:83,0
DA:84,0
DA:85,0
DA:86,0
DA:87,0
DA:88,0
DA:89,0
DA:92,0
DA:100,0
DA:110,0
DA:112,0
DA:142,0
LF:40
LH:0
BRDA:15,0,0,0
BRDA:16,1,0,0
BRDA:19,2,0,0
BRDA:19,2,1,0
BRDA:42,3,0,0
BRDA:42,3,1,0
BRDA:43,4,0,0
BRDA:43,4,1,0
BRDA:68,5,0,0
BRDA:68,5,1,0
BRDA:68,6,0,0
BRDA:68,6,1,0
BRDA:77,7,0,0
BRDA:77,7,1,0
BRDA:77,8,0,0
BRDA:77,8,1,0
BRDA:84,9,0,0
BRDA:84,9,1,0
BRDA:86,10,0,0
BRDA:86,10,1,0
BRDA:87,11,0,0
BRDA:87,11,1,0
BRDA:88,12,0,0
BRDA:88,12,1,0
BRDA:101,13,0,0
BRDA:101,13,1,0
BRDA:115,14,0,0
BRDA:115,14,1,0
BRDA:120,15,0,0
BRDA:120,15,1,0
BRDA:125,16,0,0
BRDA:125,16,1,0
BRDA:126,17,0,0
BRDA:126,17,1,0
BRF:34
BRH:0
end_of_record
TN:
SF:src/components/IconRenderer.tsx
FN:17,(anonymous_7)
FNF:1
FNH:0
FNDA:0,(anonymous_7)
DA:1,0
DA:2,0
DA:3,0
DA:17,0
DA:24,0
DA:38,0
DA:46,0
DA:50,0
LF:8
LH:0
BRDA:19,0,0,0
BRDA:20,1,0,0
BRDA:24,2,0,0
BRDA:24,2,1,0
BRDA:24,3,0,0
BRDA:24,3,1,0
BRDA:46,4,0,0
BRDA:46,4,1,0
BRDA:46,4,2,0
BRF:9
BRH:0
end_of_record
TN:
SF:src/components/IconSelector.tsx
FN:20,IconSelector
FN:32,(anonymous_5)
FN:35,(anonymous_6)
FN:40,(anonymous_7)
FN:41,(anonymous_8)
FN:54,(anonymous_9)
FN:59,(anonymous_10)
FN:70,(anonymous_11)
FN:98,(anonymous_12)
FN:101,(anonymous_13)
FN:110,(anonymous_14)
FN:117,(anonymous_15)
FNF:12
FNH:0
FNDA:0,IconSelector
FNDA:0,(anonymous_5)
FNDA:0,(anonymous_6)
FNDA:0,(anonymous_7)
FNDA:0,(anonymous_8)
FNDA:0,(anonymous_9)
FNDA:0,(anonymous_10)
FNDA:0,(anonymous_11)
FNDA:0,(anonymous_12)
FNDA:0,(anonymous_13)
FNDA:0,(anonymous_14)
FNDA:0,(anonymous_15)
DA:3,0
DA:4,0
DA:5,0
DA:20,0
DA:26,0
DA:27,0
DA:28,0
DA:32,0
DA:35,0
DA:36,0
DA:40,0
DA:41,0
DA:42,0
DA:46,0
DA:50,0
DA:51,0
DA:54,0
DA:55,0
DA:59,0
DA:60,0
DA:61,0
DA:62,0
DA:70,0
DA:98,0
DA:101,0
DA:111,0
DA:113,0
DA:117,0
LF:28
LH:0
BRDA:24,0,0,0
BRDA:32,1,0,0
BRDA:32,1,1,0
BRDA:32,2,0,0
BRDA:32,2,1,0
BRDA:42,3,0,0
BRDA:42,3,1,0
BRDA:43,4,0,0
BRDA:43,4,1,0
BRDA:50,5,0,0
BRDA:50,5,1,0
BRDA:75,6,0,0
BRDA:75,6,1,0
BRDA:80,7,0,0
BRDA:80,7,1,0
BRDA:84,8,0,0
BRDA:84,8,1,0
BRDA:89,9,0,0
BRDA:110,10,0,0
BRDA:119,11,0,0
BRDA:119,11,1,0
BRF:21
BRH:0
end_of_record
TN:
SF:src/components/ImageGallery.tsx
FN:16,(anonymous_5)
FN:30,(anonymous_6)
FN:39,(anonymous_7)
FN:47,(anonymous_8)
FN:54,(anonymous_9)
FN:62,(anonymous_10)
FN:65,(anonymous_11)
FN:69,(anonymous_12)
FN:70,(anonymous_13)
FN:73,(anonymous_14)
FN:74,(anonymous_15)
FN:86,(anonymous_16)
FN:104,(anonymous_17)
FN:116,(anonymous_18)
FN:133,(anonymous_19)
FN:136,(anonymous_20)
FN:154,(anonymous_21)
FN:169,(anonymous_22)
FN:187,(anonymous_23)
FN:191,(anonymous_24)
FN:214,(anonymous_25)
FN:229,(anonymous_26)
FN:233,(anonymous_27)
FN:263,(anonymous_28)
FNF:24
FNH:0
FNDA:0,(anonymous_5)
FNDA:0,(anonymous_6)
FNDA:0,(anonymous_7)
FNDA:0,(anonymous_8)
FNDA:0,(anonymous_9)
FNDA:0,(anonymous_10)
FNDA:0,(anonymous_11)
FNDA:0,(anonymous_12)
FNDA:0,(anonymous_13)
FNDA:0,(anonymous_14)
FNDA:0,(anonymous_15)
FNDA:0,(anonymous_16)
FNDA:0,(anonymous_17)
FNDA:0,(anonymous_18)
FNDA:0,(anonymous_19)
FNDA:0,(anonymous_20)
FNDA:0,(anonymous_21)
FNDA:0,(anonymous_22)
FNDA:0,(anonymous_23)
FNDA:0,(anonymous_24)
FNDA:0,(anonymous_25)
FNDA:0,(anonymous_26)
FNDA:0,(anonymous_27)
FNDA:0,(anonymous_28)
DA:3,0
DA:4,0
DA:5,0
DA:6,0
DA:7,0
DA:16,0
DA:22,0
DA:23,0
DA:24,0
DA:25,0
DA:26,0
DA:28,0
DA:30,0
DA:31,0
DA:32,0
DA:36,0
DA:37,0
DA:39,0
DA:40,0
DA:41,0
DA:42,0
DA:43,0
DA:47,0
DA:48,0
DA:49,0
DA:50,0
DA:54,0
DA:55,0
DA:57,0
DA:58,0
DA:59,0
DA:61,0
DA:62,0
DA:64,0
DA:65,0
DA:69,0
DA:70,0
DA:73,0
DA:74,0
DA:86,0
DA:105,0
DA:106,0
DA:117,0
DA:118,0
DA:134,0
DA:136,0
DA:154,0
DA:169,0
DA:188,0
DA:191,0
DA:214,0
DA:230,0
DA:233,0
DA:263,0
LF:54
LH:0
BRDA:18,0,0,0
BRDA:19,1,0,0
BRDA:20,2,0,0
BRDA:28,3,0,0
BRDA:28,3,1,0
BRDA:36,4,0,0
BRDA:36,4,1,0
BRDA:42,5,0,0
BRDA:42,5,1,0
BRDA:49,6,0,0
BRDA:49,6,1,0
BRDA:55,7,0,0
BRDA:55,7,1,0
BRDA:55,8,0,0
BRDA:55,8,1,0
BRDA:61,9,0,0
BRDA:61,9,1,0
BRDA:61,10,0,0
BRDA:61,10,1,0
BRDA:64,11,0,0
BRDA:64,11,1,0
BRDA:64,12,0,0
BRDA:64,12,1,0
BRDA:70,13,0,0
BRDA:70,13,1,0
BRDA:74,14,0,0
BRDA:74,14,1,0
BRDA:89,15,0,0
BRDA:89,15,1,0
BRDA:95,16,0,0
BRDA:95,16,1,0
BRDA:96,17,0,0
BRDA:96,17,1,0
BRDA:96,18,0,0
BRDA:96,18,1,0
BRDA:100,19,0,0
BRDA:102,20,0,0
BRDA:114,21,0,0
BRDA:131,22,0,0
BRDA:138,23,0,0
BRDA:138,23,1,0
BRDA:150,24,0,0
BRDA:166,25,0,0
BRDA:172,26,0,0
BRDA:172,26,1,0
BRDA:179,27,0,0
BRDA:179,27,1,0
BRDA:185,28,0,0
BRDA:200,29,0,0
BRDA:200,29,1,0
BRDA:201,30,0,0
BRDA:201,30,1,0
BRDA:201,31,0,0
BRDA:201,31,1,0
BRDA:209,32,0,0
BRDA:217,33,0,0
BRDA:217,33,1,0
BRDA:224,34,0,0
BRDA:224,34,1,0
BRDA:245,35,0,0
BRDA:245,35,1,0
BRDA:259,36,0,0
BRF:62
BRH:0
end_of_record
TN:
SF:src/components/ImageLightbox.tsx
FN:13,(anonymous_5)
FN:21,(anonymous_6)
FN:22,(anonymous_7)
FN:26,(anonymous_8)
FN:28,(anonymous_9)
FN:33,(anonymous_10)
FN:37,(anonymous_11)
FN:39,(anonymous_12)
FN:44,(anonymous_13)
FN:46,(anonymous_14)
FN:50,(anonymous_15)
FN:52,(anonymous_16)
FN:63,(anonymous_17)
FN:97,(anonymous_18)
FN:111,(anonymous_19)
FNF:15
FNH:0
FNDA:0,(anonymous_5)
FNDA:0,(anonymous_6)
FNDA:0,(anonymous_7)
FNDA:0,(anonymous_8)
FNDA:0,(anonymous_9)
FNDA:0,(anonymous_10)
FNDA:0,(anonymous_11)
FNDA:0,(anonymous_12)
FNDA:0,(anonymous_13)
FNDA:0,(anonymous_14)
FNDA:0,(anonymous_15)
FNDA:0,(anonymous_16)
FNDA:0,(anonymous_17)
FNDA:0,(anonymous_18)
FNDA:0,(anonymous_19)
DA:3,0
DA:4,0
DA:5,0
DA:13,0
DA:18,0
DA:21,0
DA:22,0
DA:23,0
DA:24,0
DA:25,0
DA:26,0
DA:27,0
DA:28,0
DA:32,0
DA:33,0
DA:37,0
DA:38,0
DA:39,0
DA:40,0
DA:44,0
DA:45,0
DA:46,0
DA:50,0
DA:51,0
DA:52,0
DA:64,0
DA:65,0
DA:98,0
DA:99,0
DA:112,0
DA:113,0
LF:31
LH:0
BRDA:15,0,0,0
BRDA:23,1,0,0
BRDA:23,1,1,0
BRDA:25,2,0,0
BRDA:25,2,1,0
BRDA:25,3,0,0
BRDA:25,3,1,0
BRDA:27,4,0,0
BRDA:27,4,1,0
BRDA:27,5,0,0
BRDA:27,5,1,0
BRDA:45,6,0,0
BRDA:45,6,1,0
BRDA:51,7,0,0
BRDA:51,7,1,0
BRDA:84,8,0,0
BRDA:84,8,1,0
BRDA:95,9,0,0
BRDA:109,10,0,0
BRDA:123,11,0,0
BRF:20
BRH:0
end_of_record
TN:
SF:src/components/ImageUpload.tsx
FN:13,(anonymous_5)
FN:30,(anonymous_6)
FN:47,(anonymous_7)
FN:91,(anonymous_8)
FN:122,(anonymous_9)
FN:123,(anonymous_10)
FN:131,(anonymous_11)
FN:162,(anonymous_12)
FN:202,(anonymous_13)
FN:203,(anonymous_14)
FN:217,(anonymous_15)
FN:226,(anonymous_16)
FN:242,(anonymous_17)
FN:243,(anonymous_18)
FN:244,(anonymous_19)
FN:260,(anonymous_20)
FN:288,(anonymous_21)
FN:303,(anonymous_22)
FN:310,(anonymous_23)
FN:344,(anonymous_24)
FN:345,(anonymous_25)
FNF:21
FNH:0
FNDA:0,(anonymous_5)
FNDA:0,(anonymous_6)
FNDA:0,(anonymous_7)
FNDA:0,(anonymous_8)
FNDA:0,(anonymous_9)
FNDA:0,(anonymous_10)
FNDA:0,(anonymous_11)
FNDA:0,(anonymous_12)
FNDA:0,(anonymous_13)
FNDA:0,(anonymous_14)
FNDA:0,(anonymous_15)
FNDA:0,(anonymous_16)
FNDA:0,(anonymous_17)
FNDA:0,(anonymous_18)
FNDA:0,(anonymous_19)
FNDA:0,(anonymous_20)
FNDA:0,(anonymous_21)
FNDA:0,(anonymous_22)
FNDA:0,(anonymous_23)
FNDA:0,(anonymous_24)
FNDA:0,(anonymous_25)
DA:3,0
DA:4,0
DA:5,0
DA:13,0
DA:18,0
DA:30,0
DA:48,0
DA:49,0
DA:91,0
DA:113,0
DA:114,0
DA:115,0
DA:116,0
DA:117,0
DA:119,0
DA:120,0
DA:122,0
DA:123,0
DA:124,0
DA:125,0
DA:126,0
DA:128,0
DA:131,0
DA:133,0
DA:134,0
DA:135,0
DA:143,0
DA:148,0
DA:153,0
DA:159,0
DA:162,0
DA:163,0
DA:164,0
DA:166,0
DA:167,0
DA:170,0
DA:173,0
DA:174,0
DA:177,0
DA:178,0
DA:179,0
DA:180,0
DA:181,0
DA:184,0
DA:187,0
DA:188,0
DA:191,0
DA:192,0
DA:196,0
DA:197,0
DA:198,0
DA:199,0
DA:202,0
DA:203,0
DA:206,0
DA:208,0
DA:209,0
DA:212,0
DA:217,0
DA:218,0
DA:219,0
DA:222,0
DA:223,0
DA:224,0
DA:226,0
DA:230,0
DA:237,0
DA:238,0
DA:242,0
DA:243,0
DA:244,0
DA:245,0
DA:247,0
DA:248,0
DA:249,0
DA:251,0
DA:253,0
DA:256,0
DA:257,0
DA:260,0
DA:261,0
DA:262,0
DA:263,0
DA:264,0
DA:289,0
DA:303,0
DA:310,0
DA:344,0
DA:346,0
DA:347,0
DA:348,0
LF:91
LH:0
BRDA:18,0,0,0
BRDA:18,0,1,0
BRDA:92,1,0,0
BRDA:93,2,0,0
BRDA:94,3,0,0
BRDA:102,4,0,0
BRDA:103,5,0,0
BRDA:105,6,0,0
BRDA:108,7,0,0
BRDA:110,8,0,0
BRDA:111,9,0,0
BRDA:120,10,0,0
BRDA:120,10,1,0
BRDA:125,11,0,0
BRDA:125,11,1,0
BRDA:133,12,0,0
BRDA:133,12,1,0
BRDA:143,13,0,0
BRDA:143,13,1,0
BRDA:143,13,2,0
BRDA:143,13,3,0
BRDA:148,14,0,0
BRDA:148,14,1,0
BRDA:149,15,0,0
BRDA:149,15,1,0
BRDA:149,15,2,0
BRDA:163,16,0,0
BRDA:163,16,1,0
BRDA:166,17,0,0
BRDA:166,17,1,0
BRDA:168,18,0,0
BRDA:168,18,1,0
BRDA:179,19,0,0
BRDA:179,19,1,0
BRDA:180,20,0,0
BRDA:180,20,1,0
BRDA:191,21,0,0
BRDA:191,21,1,0
BRDA:196,22,0,0
BRDA:196,22,1,0
BRDA:196,23,0,0
BRDA:196,23,1,0
BRDA:222,24,0,0
BRDA:222,24,1,0
BRDA:237,25,0,0
BRDA:237,25,1,0
BRDA:245,26,0,0
BRDA:245,26,1,0
BRDA:248,27,0,0
BRDA:248,27,1,0
BRDA:261,28,0,0
BRDA:261,28,1,0
BRDA:262,29,0,0
BRDA:262,29,1,0
BRDA:263,30,0,0
BRDA:263,30,1,0
BRDA:269,31,0,0
BRDA:276,32,0,0
BRDA:284,33,0,0
BRDA:286,34,0,0
BRDA:286,34,1,0
BRDA:292,35,0,0
BRDA:292,35,1,0
BRDA:303,36,0,0
BRDA:303,36,1,0
BRDA:305,37,0,0
BRDA:331,38,0,0
BRDA:346,39,0,0
BRDA:346,39,1,0
BRDA:354,40,0,0
BRDA:354,40,1,0
BRDA:370,41,0,0
BRDA:370,41,1,0
BRDA:373,42,0,0
BRDA:373,42,1,0
BRDA:379,43,0,0
BRDA:400,44,0,0
BRDA:400,44,1,0
BRDA:406,45,0,0
BRDA:406,45,1,0
BRDA:406,45,2,0
BRF:81
BRH:0
end_of_record
TN:
SF:src/components/LandingPage.tsx
FN:12,(anonymous_5)
FN:41,(anonymous_6)
FN:67,(anonymous_7)
FN:72,(anonymous_8)
FN:74,(anonymous_9)
FN:78,(anonymous_10)
FN:87,(anonymous_11)
FN:104,(anonymous_12)
FN:146,(anonymous_13)
FN:152,(anonymous_14)
FN:161,(anonymous_15)
FN:176,(anonymous_16)
FN:177,(anonymous_17)
FN:208,(anonymous_18)
FN:211,(anonymous_19)
FN:256,(anonymous_20)
FN:332,(anonymous_21)
FN:404,(anonymous_22)
FN:785,(anonymous_23)
FN:887,(anonymous_24)
FN:1009,(anonymous_25)
FNF:21
FNH:0
FNDA:0,(anonymous_5)
FNDA:0,(anonymous_6)
FNDA:0,(anonymous_7)
FNDA:0,(anonymous_8)
FNDA:0,(anonymous_9)
FNDA:0,(anonymous_10)
FNDA:0,(anonymous_11)
FNDA:0,(anonymous_12)
FNDA:0,(anonymous_13)
FNDA:0,(anonymous_14)
FNDA:0,(anonymous_15)
FNDA:0,(anonymous_16)
FNDA:0,(anonymous_17)
FNDA:0,(anonymous_18)
FNDA:0,(anonymous_19)
FNDA:0,(anonymous_20)
FNDA:0,(anonymous_21)
FNDA:0,(anonymous_22)
FNDA:0,(anonymous_23)
FNDA:0,(anonymous_24)
FNDA:0,(anonymous_25)
DA:3,0
DA:4,0
DA:5,0
DA:6,0
DA:8,0
DA:9,0
DA:10,0
DA:12,0
DA:13,0
DA:14,0
DA:15,0
DA:16,0
DA:17,0
DA:18,0
DA:22,0
DA:28,0
DA:29,0
DA:32,0
DA:36,0
DA:37,0
DA:41,0
DA:42,0
DA:43,0
DA:44,0
DA:45,0
DA:50,0
DA:54,0
DA:57,0
DA:58,0
DA:61,0
DA:67,0
DA:68,0
DA:69,0
DA:72,0
DA:73,0
DA:74,0
DA:77,0
DA:78,0
DA:82,0
DA:83,0
DA:87,0
DA:88,0
DA:90,0
DA:91,0
DA:92,0
DA:93,0
DA:96,0
DA:97,0
DA:100,0
DA:101,0
DA:104,0
DA:105,0
DA:107,0
DA:108,0
DA:111,0
DA:112,0
DA:113,0
DA:114,0
DA:119,0
DA:123,0
DA:126,0
DA:127,0
DA:130,0
DA:131,0
DA:132,0
DA:133,0
DA:134,0
DA:135,0
DA:137,0
DA:142,0
DA:146,0
DA:147,0
DA:149,0
DA:150,0
DA:152,0
DA:156,0
DA:161,0
DA:165,0
DA:166,0
DA:170,0
DA:171,0
DA:176,0
DA:177,0
DA:178,0
DA:181,0
DA:182,0
DA:183,0
DA:187,0
DA:188,0
DA:189,0
DA:192,0
DA:193,0
DA:195,0
DA:196,0
DA:200,0
DA:202,0
DA:207,0
DA:208,0
DA:211,0
DA:213,0
DA:215,0
DA:216,0
DA:217,0
DA:218,0
DA:221,0
DA:222,0
DA:223,0
DA:224,0
DA:225,0
DA:226,0
DA:228,0
DA:229,0
DA:230,0
DA:231,0
DA:234,0
DA:235,0
DA:236,0
DA:237,0
DA:240,0
DA:241,0
DA:242,0
DA:243,0
DA:246,0
DA:247,0
DA:248,0
DA:249,0
DA:252,0
DA:253,0
DA:256,0
DA:257,0
DA:259,0
DA:260,0
DA:263,0
DA:264,0
DA:265,0
DA:266,0
DA:271,0
DA:275,0
DA:278,0
DA:279,0
[...]
BRDA:615,50,1,0
BRDA:637,51,0,0
BRDA:637,51,1,0
BRDA:638,52,0,0
BRDA:638,52,1,0
BRDA:639,53,0,0
BRDA:639,53,1,0
BRDA:685,54,0,0
BRDA:685,54,1,0
BRDA:692,55,0,0
BRDA:692,55,1,0
BRDA:694,56,0,0
BRDA:694,56,1,0
BRDA:698,57,0,0
BRDA:698,57,1,0
BRDA:721,58,0,0
BRDA:721,58,1,0
BRDA:734,59,0,0
BRDA:734,59,1,0
BRDA:778,60,0,0
BRDA:778,60,1,0
BRDA:794,61,0,0
BRDA:794,61,1,0
BRDA:843,62,0,0
BRDA:843,62,1,0
BRDA:851,63,0,0
BRDA:851,63,1,0
BRDA:864,64,0,0
BRDA:864,64,1,0
BRDA:873,65,0,0
BRDA:873,65,1,0
BRDA:880,66,0,0
BRDA:880,66,1,0
BRDA:882,67,0,0
BRDA:882,67,1,0
BRDA:883,68,0,0
BRDA:883,68,1,0
BRDA:884,69,0,0
BRDA:884,69,1,0
BRDA:885,70,0,0
BRDA:885,70,1,0
BRDA:894,71,0,0
BRDA:894,71,1,0
BRDA:922,72,0,0
BRDA:922,72,1,0
BRDA:930,73,0,0
BRDA:930,73,1,0
BRDA:943,74,0,0
BRDA:943,74,1,0
BRDA:952,75,0,0
BRDA:952,75,1,0
BRDA:959,76,0,0
BRDA:959,76,1,0
BRDA:961,77,0,0
BRDA:961,77,1,0
BRDA:962,78,0,0
BRDA:962,78,1,0
BRDA:963,79,0,0
BRDA:963,79,1,0
BRDA:964,80,0,0
BRDA:964,80,1,0
BRDA:973,81,0,0
BRDA:973,81,1,0
BRDA:1039,82,0,0
BRDA:1047,83,0,0
BRDA:1047,83,1,0
BRDA:1051,84,0,0
BRDA:1051,84,1,0
BRDA:1052,85,0,0
BRDA:1052,85,1,0
BRDA:1093,86,0,0
BRDA:1093,86,1,0
BRDA:1093,86,2,0
BRDA:1100,87,0,0
BRDA:1100,87,1,0
BRDA:1107,88,0,0
BRDA:1107,88,1,0
BRDA:1108,89,0,0
BRDA:1108,89,1,0
BRDA:1109,90,0,0
BRDA:1109,90,1,0
BRDA:1110,91,0,0
BRDA:1110,91,1,0
BRDA:1113,92,0,0
BRDA:1113,92,1,0
BRDA:1113,93,0,0
BRDA:1113,93,1,0
BRDA:1115,94,0,0
BRDA:1115,94,1,0
BRDA:1115,95,0,0
BRDA:1115,95,1,0
BRDA:1121,96,0,0
BRDA:1121,96,1,0
BRDA:1124,97,0,0
BRDA:1124,97,1,0
BRDA:1158,98,0,0
BRDA:1161,99,0,0
BRDA:1161,99,1,0
BRDA:1175,100,0,0
BRDA:1175,100,1,0
BRDA:1184,101,0,0
BRDA:1184,101,1,0
BRDA:1206,102,0,0
BRDA:1206,102,1,0
BRDA:1211,103,0,0
BRDA:1211,103,1,0
BRDA:1222,104,0,0
BRDA:1222,104,1,0
BRDA:1224,105,0,0
BRDA:1224,105,1,0
BRDA:1224,106,0,0
BRDA:1224,106,1,0
BRDA:1251,107,0,0
BRDA:1251,107,1,0
BRDA:1259,108,0,0
BRDA:1259,108,1,0
BRDA:1260,109,0,0
BRDA:1260,109,1,0
BRDA:1261,110,0,0
BRDA:1261,110,1,0
BRDA:1262,111,0,0
BRDA:1262,111,1,0
BRDA:1283,112,0,0
BRDA:1283,112,1,0
BRDA:1295,113,0,0
BRDA:1295,113,1,0
BRDA:1296,114,0,0
BRDA:1296,114,1,0
BRDA:1297,115,0,0
BRDA:1297,115,1,0
BRDA:1298,116,0,0
BRDA:1298,116,1,0
BRDA:1326,117,0,0
BRDA:1326,117,1,0
BRDA:1336,118,0,0
BRDA:1336,118,1,0
BRDA:1355,119,0,0
BRDA:1355,119,1,0
BRDA:1373,120,0,0
BRDA:1373,120,1,0
BRDA:1373,121,0,0
BRDA:1373,121,1,0
BRDA:1377,122,0,0
BRDA:1377,122,1,0
BRDA:1377,123,0,0
BRDA:1377,123,1,0
BRDA:1382,124,0,0
BRDA:1382,124,1,0
BRDA:1411,125,0,0
BRDA:1411,125,1,0
BRDA:1503,126,0,0
BRDA:1503,126,1,0
BRF:256
BRH:0
end_of_record
TN:
SF:src/lib/onboarding/sampleProjects.ts
FNF:0
FNH:0
DA:8,0
LF:1
LH:0
BRF:0
BRH:0
end_of_record
TN:
SF:src/lib/react-query/auth.queries.ts
FN:24,(anonymous_10)
FN:25,(anonymous_11)
FN:26,(anonymous_12)
FN:37,useAuth
FN:40,(anonymous_14)
FN:61,useLogin
FN:66,(anonymous_16)
FN:69,(anonymous_17)
FN:76,(anonymous_18)
FN:87,useSignup
FN:92,(anonymous_20)
FN:95,(anonymous_21)
FN:102,(anonymous_22)
FN:112,useGoogleSignIn
FN:117,(anonymous_24)
FN:120,(anonymous_25)
FN:127,(anonymous_26)
FN:143,useLogout
FN:148,(anonymous_28)
FN:151,(anonymous_29)
FN:155,(anonymous_30)
FN:165,(anonymous_31)
FN:180,useUpdateProfile
FN:184,(anonymous_33)
FN:195,(anonymous_34)
FN:206,useDeleteAccount
FN:211,(anonymous_36)
FN:216,(anonymous_37)
FN:231,useCheckUsernameAvailability
FN:233,(anonymous_39)
FNF:30
FNH:17
FNDA:13,(anonymous_10)
FNDA:13,(anonymous_11)
FNDA:0,(anonymous_12)
FNDA:2,useAuth
FNDA:1,(anonymous_14)
FNDA:19,useLogin
FNDA:1,(anonymous_16)
FNDA:1,(anonymous_17)
FNDA:0,(anonymous_18)
FNDA:22,useSignup
FNDA:1,(anonymous_20)
FNDA:1,(anonymous_21)
FNDA:0,(anonymous_22)
FNDA:30,useGoogleSignIn
FNDA:1,(anonymous_24)
FNDA:1,(anonymous_25)
FNDA:0,(anonymous_26)
FNDA:20,useLogout
FNDA:1,(anonymous_28)
FNDA:1,(anonymous_29)
FNDA:1,(anonymous_30)
FNDA:0,(anonymous_31)
FNDA:0,useUpdateProfile
FNDA:0,(anonymous_33)
FNDA:0,(anonymous_34)
FNDA:0,useDeleteAccount
FNDA:0,(anonymous_36)
FNDA:0,(anonymous_37)
FNDA:0,useCheckUsernameAvailability
FNDA:0,(anonymous_39)
DA:14,4
DA:15,4
DA:16,4
DA:23,9
DA:24,13
DA:25,13
DA:26,0
DA:37,5
DA:38,2
DA:42,1
DA:43,1
DA:46,0
DA:61,4
DA:62,19
DA:63,19
DA:65,19
DA:67,1
DA:71,1
DA:74,1
DA:78,0
DA:87,4
DA:88,22
DA:89,22
DA:91,22
DA:93,1
DA:97,1
DA:100,1
DA:103,0
DA:112,4
DA:113,30
DA:114,30
DA:116,30
DA:118,1
DA:122,1
DA:125,1
DA:129,0
DA:130,0
DA:132,0
DA:134,0
DA:143,4
DA:144,20
DA:145,20
DA:147,20
DA:149,1
DA:153,1
DA:157,1
DA:160,1
DA:163,1
DA:166,0
DA:169,0
DA:170,0
DA:171,0
DA:180,3
DA:181,0
DA:183,0
DA:187,0
DA:190,0
DA:191,0
DA:193,0
DA:197,0
DA:206,3
DA:207,0
DA:208,0
DA:210,0
DA:214,0
DA:218,0
DA:219,0
DA:222,0
DA:231,3
DA:232,0
DA:234,0
LF:71
LH:43
BRDA:130,0,0,0
BRDA:130,0,1,0
BRDA:190,1,0,0
BRDA:190,1,1,0
BRF:4
BRH:0
end_of_record
TN:
SF:src/lib/react-query/helpers.ts
FN:30,createCacheKeyFactory
FN:36,(anonymous_10)
FN:41,(anonymous_11)
FN:44,(anonymous_12)
FN:72,createInvalidator
FN:76,(anonymous_14)
FN:108,prefetchQuery
FN:148,createOptimisticUpdate
FN:154,(anonymous_17)
FN:176,(anonymous_18)
FN:187,(anonymous_19)
FN:209,batchInvalidate
FN:213,(anonymous_21)
FN:229,isCached
FN:250,getCachedData
FN:268,setCachedData
FNF:16
FNH:0
FNDA:0,createCacheKeyFactory
FNDA:0,(anonymous_10)
FNDA:0,(anonymous_11)
FNDA:0,(anonymous_12)
FNDA:0,createInvalidator
FNDA:0,(anonymous_14)
FNDA:0,prefetchQuery
FNDA:0,createOptimisticUpdate
FNDA:0,(anonymous_17)
FNDA:0,(anonymous_18)
FNDA:0,(anonymous_19)
FNDA:0,batchInvalidate
FNDA:0,(anonymous_21)
FNDA:0,isCached
FNDA:0,getCachedData
FNDA:0,setCachedData
DA:30,0
DA:36,0
DA:40,0
DA:44,0
DA:45,0
DA:46,0
DA:47,0
DA:49,0
DA:54,0
DA:72,0
DA:76,0
DA:77,0
DA:108,0
DA:114,0
DA:148,0
DA:153,0
DA:157,0
DA:160,0
DA:163,0
DA:166,0
DA:167,0
DA:173,0
DA:182,0
DA:183,0
DA:189,0
DA:190,0
DA:209,0
DA:213,0
DA:214,0
DA:229,0
DA:233,0
DA:234,0
DA:250,0
DA:254,0
DA:268,0
DA:273,0
LF:36
LH:0
BRDA:166,0,0,0
BRDA:166,0,1,0
BRDA:182,1,0,0
BRDA:182,1,1,0
BRDA:182,2,0,0
BRDA:182,2,1,0
BRDA:234,3,0,0
BRDA:234,3,1,0
BRDA:234,3,2,0
BRF:9
BRH:0
end_of_record
TN:
SF:src/lib/react-query/index.ts
FNF:0
FNH:0
DA:10,0
DA:11,0
DA:14,0
LF:3
LH:0
BRF:0
BRH:0
end_of_record
TN:
SF:src/lib/react-query/types.ts
FNF:0
FNH:0
DA:78,0
LF:1
LH:0
BRF:0
BRH:0
end_of_record
TN:
SF:src/lib/validation/index.ts
FNF:0
FNH:0
DA:15,7
DA:18,7
DA:21,7
LF:3
LH:3
BRF:0
BRH:0
end_of_record
TN:
SF:src/lib/validation/examples/ApiRouteExample.ts
FN:34,createSessionRoute
FN:102,createCommentRoute
FN:159,updateProfileRoute
FN:208,getSessionsRoute
FN:256,withAuth
FN:259,(anonymous_13)
FN:283,(anonymous_14)
FN:315,createErrorResponse
FN:354,exampleWithErrorHelper
FN:384,successResponse
FN:391,errorResponse
FN:411,typeSafeRouteExample
FNF:12
FNH:0
FNDA:0,createSessionRoute
FNDA:0,createCommentRoute
FNDA:0,updateProfileRoute
FNDA:0,getSessionsRoute
FNDA:0,withAuth
FNDA:0,(anonymous_13)
FNDA:0,(anonymous_14)
FNDA:0,createErrorResponse
FNDA:0,exampleWithErrorHelper
FNDA:0,successResponse
FNDA:0,errorResponse
FNDA:0,typeSafeRouteExample
DA:15,0
DA:28,0
DA:34,0
DA:35,0
DA:37,0
DA:40,0
DA:42,0
DA:43,0
DA:53,0
DA:57,0
DA:66,0
DA:75,0
DA:77,0
DA:78,0
DA:88,0
DA:102,0
DA:103,0
DA:104,0
DA:107,0
DA:114,0
DA:125,0
DA:133,0
DA:136,0
DA:137,0
DA:146,0
DA:159,0
DA:160,0
DA:161,0
DA:164,0
DA:171,0
DA:179,0
DA:184,0
DA:185,0
DA:195,0
DA:208,0
DA:209,0
DA:210,0
DA:214,0
DA:229,0
DA:234,0
DA:235,0
DA:244,0
DA:259,0
DA:260,0
DA:262,0
DA:266,0
DA:267,0
DA:273,0
DA:275,0
DA:283,0
DA:284,0
DA:285,0
DA:286,0
DA:290,0
DA:296,0
DA:298,0
DA:299,0
DA:305,0
DA:319,0
DA:321,0
DA:322,0
DA:332,0
DA:333,0
DA:342,0
DA:354,0
DA:355,0
DA:356,0
DA:358,0
DA:363,0
DA:365,0
DA:388,0
DA:397,0
DA:411,0
DA:412,0
DA:413,0
DA:414,0
DA:418,0
DA:426,0
DA:427,0
DA:435,0
LF:80
LH:0
BRDA:42,0,0,0
BRDA:42,0,1,0
BRDA:77,1,0,0
BRDA:77,1,1,0
BRDA:136,2,0,0
BRDA:136,2,1,0
BRDA:184,3,0,0
BRDA:184,3,1,0
BRDA:215,4,0,0
BRDA:215,4,1,0
BRDA:216,5,0,0
BRDA:216,5,1,0
BRDA:217,6,0,0
BRDA:217,6,1,0
BRDA:218,7,0,0
BRDA:218,7,1,0
BRDA:234,8,0,0
BRDA:234,8,1,0
BRDA:266,9,0,0
BRDA:266,9,1,0
BRDA:298,10,0,0
BRDA:298,10,1,0
BRDA:317,11,0,0
BRDA:321,12,0,0
BRDA:321,12,1,0
BRDA:332,13,0,0
BRDA:332,13,1,0
BRDA:386,14,0,0
BRDA:395,15,0,0
BRDA:401,16,0,0
BRDA:401,16,1,0
BRDA:402,17,0,0
BRDA:402,17,1,0
BRDA:426,18,0,0
BRDA:426,18,1,0
BRF:35
BRH:0
end_of_record
TN:
SF:src/lib/validation/examples/CommentFormExample.tsx
FN:30,CommentFormExample
FN:44,(anonymous_4)
FN:59,(anonymous_5)
FN:69,(anonymous_6)
FN:77,(anonymous_7)
FN:134,(anonymous_8)
FN:203,InlineCommentExample
FN:208,(anonymous_10)
FN:239,(anonymous_11)
FN:253,(anonymous_12)
FNF:10
FNH:0
FNDA:0,CommentFormExample
FNDA:0,(anonymous_4)
FNDA:0,(anonymous_5)
FNDA:0,(anonymous_6)
FNDA:0,(anonymous_7)
FNDA:0,(anonymous_8)
FNDA:0,InlineCommentExample
FNDA:0,(anonymous_10)
FNDA:0,(anonymous_11)
FNDA:0,(anonymous_12)
DA:16,0
DA:21,0
DA:30,0
DA:36,0
DA:37,0
DA:38,0
DA:39,0
DA:41,0
DA:42,0
DA:44,0
DA:45,0
DA:46,0
DA:49,0
DA:50,0
DA:54,0
DA:55,0
DA:59,0
DA:61,0
DA:62,0
DA:68,0
DA:69,0
DA:70,0
DA:71,0
DA:77,0
DA:78,0
DA:79,0
DA:80,0
DA:83,0
DA:90,0
DA:92,0
DA:94,0
DA:95,0
DA:96,0
DA:98,0
DA:102,0
DA:104,0
DA:106,0
DA:107,0
DA:113,0
DA:114,0
DA:117,0
DA:120,0
DA:121,0
DA:124,0
DA:125,0
DA:128,0
DA:130,0
DA:134,0
DA:135,0
DA:136,0
DA:137,0
DA:138,0
DA:139,0
DA:203,0
DA:204,0
DA:205,0
DA:206,0
DA:208,0
DA:209,0
DA:212,0
DA:214,0
DA:215,0
DA:216,0
DA:217,0
DA:219,0
DA:222,0
DA:224,0
DA:225,0
DA:231,0
DA:233,0
DA:235,0
DA:239,0
DA:241,0
DA:242,0
DA:243,0
DA:254,0
DA:255,0
LF:77
LH:0
BRDA:49,0,0,0
BRDA:49,0,1,0
BRDA:54,1,0,0
BRDA:54,1,1,0
BRDA:54,2,0,0
BRDA:54,2,1,0
BRDA:61,3,0,0
BRDA:61,3,1,0
BRDA:65,4,0,0
BRDA:65,4,1,0
BRDA:68,5,0,0
BRDA:68,5,1,0
BRDA:70,6,0,0
BRDA:70,6,1,0
BRDA:86,7,0,0
BRDA:86,7,1,0
BRDA:92,8,0,0
BRDA:92,8,1,0
BRDA:95,9,0,0
BRDA:95,9,1,0
BRDA:113,10,0,0
BRDA:113,10,1,0
BRDA:124,11,0,0
BRDA:124,11,1,0
BRDA:128,12,0,0
BRDA:128,12,1,0
BRDA:138,13,0,0
BRDA:138,13,1,0
BRDA:153,14,0,0
BRDA:153,14,1,0
BRDA:156,15,0,0
BRDA:156,15,1,0
BRDA:164,16,0,0
BRDA:167,17,0,0
BRDA:168,18,0,0
BRDA:168,18,1,0
BRDA:178,19,0,0
BRDA:190,20,0,0
BRDA:190,20,1,0
BRDA:193,21,0,0
BRDA:193,21,1,0
BRDA:193,22,0,0
BRDA:193,22,1,0
BRDA:214,23,0,0
BRDA:214,23,1,0
BRDA:216,24,0,0
BRDA:216,24,1,0
BRDA:241,25,0,0
BRDA:241,25,1,0
BRDA:241,26,0,0
BRDA:241,26,1,0
BRDA:241,26,2,0
BRDA:255,27,0,0
BRDA:255,27,1,0
BRDA:259,28,0,0
BRDA:259,28,1,0
BRDA:267,29,0,0
BRDA:267,29,1,0
BRDA:273,30,0,0
BRF:59
BRH:0
end_of_record
TN:
SF:src/lib/validation/examples/ProfileUpdateExample.tsx
FN:57,ProfileUpdateExample
FN:82,(anonymous_2)
FN:88,(anonymous_3)
FN:96,(anonymous_4)
FN:104,(anonymous_5)
FN:109,(anonymous_6)
FN:117,(anonymous_7)
FN:160,(anonymous_8)
FN:199,(anonymous_9)
FNF:9
FNH:0
FNDA:0,ProfileUpdateExample
FNDA:0,(anonymous_2)
FNDA:0,(anonymous_3)
FNDA:0,(anonymous_4)
FNDA:0,(anonymous_5)
FNDA:0,(anonymous_6)
FNDA:0,(anonymous_7)
FNDA:0,(anonymous_8)
FNDA:0,(anonymous_9)
DA:17,0
DA:23,0
DA:57,0
DA:60,0
DA:75,0
DA:76,0
DA:77,0
DA:78,0
DA:79,0
DA:82,0
DA:84,0
DA:85,0
DA:88,0
DA:91,0
DA:94,0
DA:95,0
DA:96,0
DA:104,0
DA:108,0
DA:109,0
DA:113,0
DA:114,0
DA:117,0
DA:118,0
DA:119,0
DA:120,0
DA:121,0
DA:124,0
DA:126,0
DA:127,0
DA:128,0
DA:129,0
DA:130,0
DA:131,0
DA:132,0
DA:136,0
DA:140,0
DA:141,0
DA:155,0
DA:157,0
DA:159,0
DA:160,0
DA:161,0
DA:162,0
DA:164,0
DA:167,0
DA:168,0
DA:172,0
DA:174,0
DA:176,0
DA:177,0
DA:183,0
DA:184,0
DA:185,0
DA:188,0
DA:189,0
DA:191,0
DA:195,0
DA:199,0
DA:200,0
DA:214,0
DA:215,0
DA:216,0
LF:63
LH:0
BRDA:61,0,0,0
BRDA:61,0,1,0
BRDA:62,1,0,0
BRDA:62,1,1,0
BRDA:63,2,0,0
BRDA:63,2,1,0
BRDA:64,3,0,0
BRDA:64,3,1,0
BRDA:65,4,0,0
BRDA:65,4,1,0
BRDA:66,5,0,0
BRDA:66,5,1,0
BRDA:67,6,0,0
BRDA:67,6,1,0
BRDA:69,7,0,0
BRDA:69,7,1,0
BRDA:70,8,0,0
BRDA:70,8,1,0
BRDA:71,9,0,0
BRDA:71,9,1,0
BRDA:84,10,0,0
BRDA:84,10,1,0
BRDA:94,11,0,0
BRDA:94,11,1,0
BRDA:108,12,0,0
BRDA:108,12,1,0
BRDA:113,13,0,0
BRDA:113,13,1,0
BRDA:114,14,0,0
BRDA:114,14,1,0
BRDA:126,15,0,0
BRDA:126,15,1,0
BRDA:127,16,0,0
BRDA:127,16,1,0
BRDA:128,17,0,0
BRDA:128,17,1,0
BRDA:129,18,0,0
BRDA:129,18,1,0
BRDA:130,19,0,0
BRDA:130,19,1,0
BRDA:131,20,0,0
BRDA:131,20,1,0
BRDA:132,21,0,0
BRDA:132,21,1,0
BRDA:136,22,0,0
BRDA:136,22,1,0
BRDA:136,22,2,0
BRDA:140,23,0,0
BRDA:140,23,1,0
BRDA:142,24,0,0
BRDA:142,24,1,0
BRDA:145,25,0,0
BRDA:145,25,1,0
BRDA:148,26,0,0
BRDA:148,26,1,0
BRDA:157,27,0,0
BRDA:157,27,1,0
BRDA:161,28,0,0
BRDA:161,28,1,0
BRDA:183,29,0,0
BRDA:183,29,1,0
BRDA:185,30,0,0
BRDA:185,30,1,0
BRDA:192,31,0,0
BRDA:192,31,1,0
BRDA:201,32,0,0
BRDA:201,32,1,0
BRDA:202,33,0,0
BRDA:202,33,1,0
BRDA:203,34,0,0
BRDA:203,34,1,0
BRDA:204,35,0,0
BRDA:204,35,1,0
BRDA:205,36,0,0
BRDA:205,36,1,0
BRDA:206,37,0,0
BRDA:206,37,1,0
BRDA:207,38,0,0
BRDA:207,38,1,0
BRDA:209,39,0,0
BRDA:209,39,1,0
BRDA:210,40,0,0
BRDA:210,40,1,0
BRDA:211,41,0,0
BRDA:211,41,1,0
BRDA:222,42,0,0
BRDA:229,43,0,0
BRDA:256,44,0,0
BRDA:256,44,1,0
BRDA:261,45,0,0
BRDA:281,46,0,0
BRDA:281,46,1,0
BRDA:286,47,0,0
BRDA:309,48,0,0
BRDA:309,48,1,0
BRDA:314,49,0,0
BRDA:337,50,0,0
BRDA:337,50,1,0
BRDA:342,51,0,0
BRDA:366,52,0,0
BRDA:366,52,1,0
BRDA:371,53,0,0
BRDA:390,54,0,0
BRDA:390,54,1,0
BRDA:394,55,0,0
BRDA:420,56,0,0
BRDA:420,56,1,0
BRDA:424,57,0,0
BRDA:448,58,0,0
BRDA:448,58,1,0
BRDA:454,59,0,0
BRDA:476,60,0,0
BRDA:476,60,1,0
BRDA:482,61,0,0
BRDA:504,62,0,0
BRDA:504,62,1,0
BRDA:510,63,0,0
BRDA:523,64,0,0
BRDA:523,64,1,0
BRDA:526,65,0,0
BRDA:526,65,1,0
BRDA:531,66,0,0
BRDA:531,66,1,0
BRF:123
BRH:0
end_of_record
TN:
SF:src/lib/validation/examples/SessionFormExample.tsx
FN:45,SessionFormExample
FN:60,(anonymous_2)
FN:68,(anonymous_3)
FN:75,(anonymous_4)
FN:84,(anonymous_5)
FN:96,(anonymous_6)
FNF:6
FNH:0
FNDA:0,SessionFormExample
FNDA:0,(anonymous_2)
FNDA:0,(anonymous_3)
FNDA:0,(anonymous_4)
FNDA:0,(anonymous_5)
FNDA:0,(anonymous_6)
DA:16,0
DA:17,0
DA:45,0
DA:46,0
DA:55,0
DA:56,0
DA:57,0
DA:58,0
DA:60,0
DA:65,0
DA:66,0
DA:68,0
DA:74,0
DA:75,0
DA:79,0
DA:80,0
DA:84,0
DA:85,0
DA:86,0
DA:87,0
DA:88,0
DA:91,0
DA:93,0
DA:95,0
DA:96,0
DA:97,0
DA:98,0
DA:101,0
DA:104,0
DA:105,0
DA:109,0
DA:111,0
DA:113,0
DA:115,0
DA:121,0
DA:122,0
DA:125,0
DA:127,0
DA:136,0
DA:140,0
LF:40
LH:0
BRDA:70,0,0,0
BRDA:70,0,1,0
BRDA:74,1,0,0
BRDA:74,1,1,0
BRDA:79,2,0,0
BRDA:79,2,1,0
BRDA:93,3,0,0
BRDA:93,3,1,0
BRDA:97,4,0,0
BRDA:97,4,1,0
BRDA:121,5,0,0
BRDA:121,5,1,0
BRDA:137,6,0,0
BRDA:137,6,1,0
BRDA:147,7,0,0
BRDA:154,8,0,0
BRDA:175,9,0,0
BRDA:175,9,1,0
BRDA:179,10,0,0
BRDA:199,11,0,0
BRDA:199,11,1,0
BRDA:204,12,0,0
BRDA:226,13,0,0
BRDA:226,13,1,0
BRDA:230,14,0,0
BRDA:249,15,0,0
BRDA:249,15,1,0
BRDA:252,16,0,0
BRDA:269,17,0,0
BRDA:269,17,1,0
BRDA:273,18,0,0
BRDA:273,18,1,0
BRDA:278,19,0,0
BRDA:297,20,0,0
BRDA:297,20,1,0
BRDA:304,21,0,0
BRDA:321,22,0,0
BRDA:321,22,1,0
BRDA:324,23,0,0
BRDA:324,23,1,0
BRDA:328,24,0,0
BRDA:347,25,0,0
BRDA:347,25,1,0
BRDA:350,26,0,0
BRDA:350,26,1,0
BRDA:354,27,0,0
BRDA:370,28,0,0
BRDA:370,28,1,0
BRDA:374,29,0,0
BRDA:374,29,1,0
BRDA:379,30,0,0
BRDA:405,31,0,0
BRDA:405,31,1,0
BRF:53
BRH:0
end_of_record
TN:
SF:src/lib/validation/examples/index.ts
FNF:0
FNH:0
DA:10,0
DA:11,0
DA:12,0
LF:3
LH:0
BRF:0
BRH:0
end_of_record
TN:
SF:src/lib/validation/schemas/comment.schemas.ts
FN:30,(anonymous_9)
FN:46,(anonymous_10)
FNF:2
FNH:2
FNDA:4,(anonymous_9)
FNDA:4,(anonymous_10)
DA:8,7
DA:14,7
DA:23,7
DA:30,4
DA:40,7
DA:46,4
DA:55,7
DA:62,7
DA:72,7
LF:9
LH:9
BRF:0
BRH:0
end_of_record
TN:
SF:src/lib/validation/schemas/group.schemas.ts
FN:36,(anonymous_14)
FN:43,(anonymous_15)
FN:67,(anonymous_16)
FN:76,(anonymous_17)
FN:136,(anonymous_18)
FNF:5
FNH:0
FNDA:0,(anonymous_14)
FNDA:0,(anonymous_15)
FNDA:0,(anonymous_16)
FNDA:0,(anonymous_17)
FNDA:0,(anonymous_18)
DA:8,7
DA:9,7
DA:14,7
DA:19,7
DA:24,7
DA:29,7
DA:36,0
DA:43,0
DA:60,7
DA:67,0
DA:76,0
DA:92,7
DA:100,7
DA:109,7
DA:121,7
DA:129,7
DA:136,0
LF:17
LH:12
BRF:0
BRH:0
end_of_record
TN:
SF:src/lib/validation/schemas/index.ts
FNF:0
FNH:0
DA:8,7
DA:11,7
DA:14,7
DA:17,7
DA:20,7
DA:23,7
LF:6
LH:6
BRF:0
BRH:0
end_of_record
TN:
SF:src/lib/validation/schemas/project.schemas.ts
FN:20,(anonymous_8)
FN:26,(anonymous_9)
FN:63,(anonymous_10)
FN:71,(anonymous_11)
FNF:4
FNH:3
FNDA:4,(anonymous_8)
FNDA:3,(anonymous_9)
FNDA:4,(anonymous_10)
FNDA:0,(anonymous_11)
DA:8,7
DA:9,7
DA:14,7
DA:20,4
DA:26,3
DA:57,14
DA:63,4
DA:71,0
DA:89,7
DA:98,7
LF:10
LH:9
BRF:0
BRH:0
end_of_record
TN:
SF:src/lib/validation/schemas/session.schemas.ts
FN:33,(anonymous_9)
FN:36,(anonymous_10)
FN:63,(anonymous_11)
FN:90,(anonymous_12)
FN:94,(anonymous_13)
FN:102,(anonymous_14)
FN:102,(anonymous_15)
FN:107,(anonymous_16)
FN:113,(anonymous_17)
FN:121,(anonymous_18)
FNF:10
FNH:1
FNDA:0,(anonymous_9)
FNDA:0,(anonymous_10)
FNDA:6,(anonymous_11)
FNDA:0,(anonymous_12)
FNDA:0,(anonymous_13)
FNDA:0,(anonymous_14)
FNDA:0,(anonymous_15)
FNDA:0,(anonymous_16)
FNDA:0,(anonymous_17)
FNDA:0,(anonymous_18)
DA:8,7
DA:19,7
DA:26,7
DA:33,0
DA:36,0
DA:57,7
DA:63,6
DA:83,7
DA:90,0
DA:94,0
DA:102,0
DA:107,0
DA:113,0
DA:121,0
DA:127,7
DA:140,7
LF:16
LH:8
BRDA:102,0,0,0
BRDA:102,0,1,0
BRF:2
BRH:0
end_of_record
TN:
SF:src/lib/validation/schemas/user.schemas.ts
FN:27,(anonymous_14)
FN:50,(anonymous_15)
FN:58,(anonymous_16)
FN:65,(anonymous_17)
FN:72,(anonymous_18)
FN:79,(anonymous_19)
FN:80,(anonymous_20)
FN:81,(anonymous_21)
FN:141,(anonymous_22)
FNF:9
FNH:0
FNDA:0,(anonymous_14)
FNDA:0,(anonymous_15)
FNDA:0,(anonymous_16)
FNDA:0,(anonymous_17)
FNDA:0,(anonymous_18)
FNDA:0,(anonymous_19)
FNDA:0,(anonymous_20)
FNDA:0,(anonymous_21)
FNDA:0,(anonymous_22)
DA:8,7
DA:9,7
DA:14,7
DA:27,0
DA:35,7
DA:43,7
DA:50,0
DA:58,0
DA:65,0
DA:72,0
DA:79,0
DA:80,0
DA:81,0
DA:90,7
DA:103,7
DA:116,7
DA:123,7
DA:132,7
DA:141,0
DA:151,7
DA:162,7
LF:21
LH:12
BRF:0
BRH:0
end_of_record
TN:
SF:src/lib/validation/utils/common-schemas.ts
FN:18,(anonymous_20)
FN:19,(anonymous_21)
FN:20,(anonymous_22)
FN:21,(anonymous_23)
FN:74,(anonymous_24)
FN:80,(anonymous_25)
FN:115,(anonymous_26)
FN:126,(anonymous_27)
FNF:8
FNH:4
FNDA:42,(anonymous_20)
FNDA:63,(anonymous_21)
FNDA:7,(anonymous_22)
FNDA:0,(anonymous_23)
FNDA:3,(anonymous_24)
FNDA:0,(anonymous_25)
FNDA:0,(anonymous_26)
FNDA:0,(anonymous_27)
DA:8,7
DA:13,203
DA:18,42
DA:19,63
DA:20,7
DA:21,0
DA:29,84
DA:38,21
DA:47,42
DA:56,14
DA:61,14
DA:66,7
DA:71,42
DA:74,3
DA:80,49
DA:85,21
DA:96,7
DA:101,21
DA:111,7
DA:115,0
DA:122,14
DA:126,0
DA:133,14
DA:143,14
LF:24
LH:21
BRF:0
BRH:0
end_of_record
TN:
SF:src/lib/validation/utils/index.ts
FNF:0
FNH:0
DA:8,0
DA:9,41
DA:10,0
DA:11,0
DA:12,0
DA:13,0
DA:14,0
DA:15,7
LF:8
LH:2
BRF:0
BRH:0
end_of_record
TN:
SF:src/lib/validation/utils/validate.ts
FN:14,(anonymous_11)
FN:40,validateOrThrow
FN:46,(anonymous_13)
FN:47,(anonymous_14)
FN:74,validate
FN:91,(anonymous_16)
FN:92,(anonymous_17)
FN:118,stripUndefined
FN:156,prepareForFirestore
FN:179,formatValidationError
FN:185,(anonymous_21)
FN:195,isValidationError
FNF:12
FNH:4
FNDA:9,(anonymous_11)
FNDA:41,validateOrThrow
FNDA:17,(anonymous_13)
FNDA:17,(anonymous_14)
FNDA:0,validate
FNDA:0,(anonymous_16)
FNDA:0,(anonymous_17)
FNDA:0,stripUndefined
FNDA:0,prepareForFirestore
FNDA:0,formatValidationError
FNDA:0,(anonymous_21)
FNDA:0,isValidationError
DA:8,7
DA:13,0
DA:21,9
DA:22,9
DA:40,41
DA:43,41
DA:45,41
DA:46,17
DA:47,17
DA:51,9
DA:54,32
DA:74,0
DA:88,0
DA:90,0
DA:91,0
DA:92,0
DA:96,0
DA:99,0
DA:118,0
DA:121,0
DA:123,0
DA:124,0
DA:125,0
DA:129,0
DA:130,0
DA:132,0
DA:136,0
DA:156,0
DA:159,0
DA:179,0
DA:180,0
DA:181,0
DA:184,0
DA:185,0
DA:195,0
DA:196,0
LF:36
LH:10
BRDA:45,0,0,9
BRDA:45,0,1,32
BRDA:90,1,0,0
BRDA:90,1,1,0
BRDA:124,2,0,0
BRDA:124,2,1,0
BRDA:129,3,0,0
BRDA:129,3,1,0
BRDA:129,4,0,0
BRDA:129,4,1,0
BRDA:129,4,2,0
BRDA:180,5,0,0
BRDA:180,5,1,0
BRDA:181,6,0,0
BRDA:181,6,1,0
BRDA:185,7,0,0
BRDA:185,7,1,0
BRF:17
BRH:2
end_of_record
TN:
SF:src/providers/QueryProvider.tsx
FN:12,QueryProvider
FNF:1
FNH:0
FNDA:0,QueryProvider
DA:3,0
DA:4,0
DA:5,0
DA:12,0
LF:4
LH:0
BRDA:17,0,0,0
BRF:1
BRH:0
end_of_record
TN:
SF:src/styles/staticPages.ts
FN:126,(anonymous_5)
FN:133,(anonymous_6)
FN:139,(anonymous_7)
FNF:3
FNH:0
FNDA:0,(anonymous_5)
FNDA:0,(anonymous_6)
FNDA:0,(anonymous_7)
DA:6,0
DA:126,0
DA:133,0
DA:139,0
LF:4
LH:0
BRF:0
BRH:0
end_of_record
